TN:
SF:expo-env.d.ts
FNF:0
FNH:0
LF:0
LH:0
BRF:0
BRH:0
end_of_record
TN:
SF:api/api.ts
FN:13,(anonymous_0)
FN:27,(anonymous_1)
FN:41,(anonymous_2)
FN:44,(anonymous_3)
FN:54,(anonymous_4)
FN:64,(anonymous_5)
FN:80,(anonymous_6)
FN:112,(anonymous_7)
FN:148,(anonymous_8)
FN:177,(anonymous_9)
FN:202,(anonymous_10)
FN:205,(anonymous_11)
FN:217,(anonymous_12)
FN:251,(anonymous_13)
FN:280,(anonymous_14)
FN:284,(anonymous_15)
FN:285,(anonymous_16)
FN:288,getUploadedImages
FNF:18
FNH:0
FNDA:0,(anonymous_0)
FNDA:0,(anonymous_1)
FNDA:0,(anonymous_2)
FNDA:0,(anonymous_3)
FNDA:0,(anonymous_4)
FNDA:0,(anonymous_5)
FNDA:0,(anonymous_6)
FNDA:0,(anonymous_7)
FNDA:0,(anonymous_8)
FNDA:0,(anonymous_9)
FNDA:0,(anonymous_10)
FNDA:0,(anonymous_11)
FNDA:0,(anonymous_12)
FNDA:0,(anonymous_13)
FNDA:0,(anonymous_14)
FNDA:0,(anonymous_15)
FNDA:0,(anonymous_16)
FNDA:0,getUploadedImages
DA:13,3
DA:14,0
DA:16,0
DA:17,0
DA:20,0
DA:21,0
DA:23,0
DA:27,3
DA:28,0
DA:30,0
DA:31,0
DA:34,0
DA:35,0
DA:38,0
DA:41,3
DA:42,0
DA:44,3
DA:45,0
DA:47,0
DA:48,0
DA:51,0
DA:54,3
DA:55,0
DA:57,0
DA:58,0
DA:61,0
DA:64,3
DA:68,0
DA:69,0
DA:70,0
DA:73,0
DA:80,3
DA:83,0
DA:85,0
DA:87,0
DA:88,0
DA:96,0
DA:98,0
DA:99,0
DA:105,0
DA:107,0
DA:108,0
DA:112,3
DA:113,0
DA:114,0
DA:126,0
DA:128,0
DA:129,0
DA:134,0
DA:135,0
DA:138,0
DA:141,0
DA:143,0
DA:144,0
DA:148,3
DA:149,0
DA:150,0
DA:158,0
DA:160,0
DA:161,0
DA:166,0
DA:167,0
DA:170,0
DA:172,0
DA:173,0
DA:177,3
DA:178,0
DA:179,0
DA:187,0
DA:189,0
DA:190,0
DA:195,0
DA:197,0
DA:198,0
DA:202,3
DA:203,0
DA:204,0
DA:205,0
DA:208,0
DA:209,0
DA:210,0
DA:213,0
DA:214,0
DA:217,3
DA:222,0
DA:223,0
DA:236,0
DA:238,0
DA:239,0
DA:244,0
DA:246,0
DA:247,0
DA:251,3
DA:252,0
DA:253,0
DA:261,0
DA:263,0
DA:264,0
DA:269,0
DA:270,0
DA:273,0
DA:275,0
DA:276,0
DA:280,3
DA:281,0
DA:283,0
DA:284,0
DA:285,0
DA:289,0
DA:290,0
DA:301,0
DA:303,0
DA:304,0
DA:309,0
DA:310,0
DA:313,0
DA:315,0
DA:316,0
LF:118
LH:14
BRDA:16,0,0,0
BRDA:16,0,1,0
BRDA:30,1,0,0
BRDA:30,1,1,0
BRDA:34,2,0,0
BRDA:34,2,1,0
BRDA:47,3,0,0
BRDA:47,3,1,0
BRDA:57,4,0,0
BRDA:57,4,1,0
BRDA:68,5,0,0
BRDA:68,5,1,0
BRDA:75,6,0,0
BRDA:75,6,1,0
BRDA:76,7,0,0
BRDA:76,7,1,0
BRDA:98,8,0,0
BRDA:98,8,1,0
BRDA:128,9,0,0
BRDA:128,9,1,0
BRDA:134,10,0,0
BRDA:134,10,1,0
BRDA:160,11,0,0
BRDA:160,11,1,0
BRDA:166,12,0,0
BRDA:166,12,1,0
BRDA:189,13,0,0
BRDA:189,13,1,0
BRDA:208,14,0,0
BRDA:208,14,1,0
BRDA:238,15,0,0
BRDA:238,15,1,0
BRDA:263,16,0,0
BRDA:263,16,1,0
BRDA:269,17,0,0
BRDA:269,17,1,0
BRDA:285,18,0,0
BRDA:285,18,1,0
BRDA:303,19,0,0
BRDA:303,19,1,0
BRDA:309,20,0,0
BRDA:309,20,1,0
BRF:42
BRH:0
end_of_record
TN:
SF:components/backgrounds/image-background-screen.tsx
FN:22,ImageBackgroundScreen
FNF:1
FNH:1
FNDA:2,ImageBackgroundScreen
DA:6,1
DA:27,2
DA:41,1
LF:3
LH:3
BRDA:31,0,0,1
BRDA:31,0,1,1
BRF:2
BRH:2
end_of_record
TN:
SF:components/buttons/circular-btn.tsx
FN:30,CircularBTN
FNF:1
FNH:1
FNDA:10,CircularBTN
DA:27,1
DA:28,1
DA:38,10
DA:40,10
DA:77,1
LF:5
LH:5
BRDA:36,0,0,9
BRDA:48,1,0,1
BRDA:48,1,1,9
BRDA:54,2,0,10
BRDA:54,2,1,1
BRDA:63,3,0,10
BRDA:63,3,1,5
BRDA:67,4,0,1
BRDA:67,4,1,4
BRF:9
BRH:9
end_of_record
TN:
SF:components/buttons/cta-btn.tsx
FN:29,CTA_BTN
FNF:1
FNH:1
FNDA:7,CTA_BTN
DA:30,7
DA:32,7
DA:59,1
LF:3
LH:3
BRDA:39,0,0,1
BRDA:39,0,1,6
BRDA:40,1,0,1
BRDA:40,1,1,6
BRDA:43,2,0,7
BRDA:43,2,1,1
BRF:6
BRH:6
end_of_record
TN:
SF:components/buttons/favourite-icon-btn.tsx
FN:14,FavouriteIconButton
FNF:1
FNH:1
FNDA:5,FavouriteIconButton
DA:20,5
DA:21,5
DA:22,5
DA:23,5
DA:25,5
DA:59,2
LF:6
LH:6
BRDA:18,0,0,4
BRDA:22,1,0,1
BRDA:22,1,1,4
BRDA:23,2,0,3
BRDA:23,2,1,2
BRDA:29,3,0,3
BRDA:29,3,1,2
BRDA:38,4,0,1
BRDA:38,4,1,4
BRF:9
BRH:9
end_of_record
TN:
SF:components/buttons/switch-btn.tsx
FN:32,SwitchBTN
FN:41,(anonymous_1)
FN:49,(anonymous_2)
FN:56,(anonymous_3)
FNF:4
FNH:4
FNDA:4,SwitchBTN
FNDA:4,(anonymous_1)
FNDA:12,(anonymous_2)
FNDA:1,(anonymous_3)
DA:27,1
DA:28,1
DA:29,1
DA:30,1
DA:39,4
DA:41,4
DA:42,4
DA:49,12
DA:53,4
DA:56,1
DA:81,1
LF:11
LH:11
BRDA:35,0,0,4
BRDA:36,1,0,4
BRDA:39,2,0,2
BRDA:39,2,1,2
BRDA:42,3,0,2
BRDA:42,3,1,2
BRDA:57,4,0,1
BRDA:57,4,1,3
BRDA:67,5,0,4
BRDA:67,5,1,2
BRDA:71,6,0,4
BRDA:71,6,1,2
BRF:12
BRH:12
end_of_record
TN:
SF:components/buttons/voting-btn.tsx
FN:25,VoteButton
FNF:1
FNH:1
FNDA:5,VoteButton
DA:19,2
DA:20,2
DA:21,2
DA:22,2
DA:23,2
DA:26,5
DA:28,5
DA:62,2
LF:8
LH:8
BRF:0
BRH:0
end_of_record
TN:
SF:components/cards/card.tsx
FN:37,Card
FNF:1
FNH:1
FNDA:5,Card
DA:29,1
DA:46,5
DA:48,5
DA:49,4
DA:82,1
LF:5
LH:5
BRDA:39,0,0,5
BRDA:40,1,0,5
BRDA:48,2,0,1
BRDA:48,2,1,4
BRDA:48,3,0,5
BRDA:48,3,1,3
BRDA:48,3,2,2
BRDA:68,4,0,4
BRDA:68,4,1,1
BRF:9
BRH:9
end_of_record
TN:
SF:components/cards/gallery.tsx
FN:37,Gallery
FN:53,(anonymous_1)
FN:75,(anonymous_2)
FN:97,(anonymous_3)
FN:128,(anonymous_4)
FNF:5
FNH:0
FNDA:0,Gallery
FNDA:0,(anonymous_1)
FNDA:0,(anonymous_2)
FNDA:0,(anonymous_3)
FNDA:0,(anonymous_4)
DA:17,0
DA:18,0
DA:19,0
DA:20,0
DA:21,0
DA:22,0
DA:49,0
DA:50,0
DA:52,0
DA:53,0
DA:54,0
DA:55,0
DA:58,0
DA:62,0
DA:73,0
DA:75,0
DA:77,0
DA:79,0
DA:81,0
DA:97,0
DA:122,0
DA:128,0
DA:139,0
LF:23
LH:0
BRDA:41,0,0,0
BRDA:54,1,0,0
BRDA:54,1,1,0
BRDA:58,2,0,0
BRDA:58,2,1,0
BRDA:77,3,0,0
BRDA:77,3,1,0
BRDA:77,3,2,0
BRDA:77,3,3,0
BRDA:79,4,0,0
BRDA:79,4,1,0
BRDA:79,4,2,0
BRDA:87,5,0,0
BRDA:87,5,1,0
BRDA:98,6,0,0
BRDA:98,6,1,0
BRDA:101,7,0,0
BRDA:101,7,1,0
BRDA:102,8,0,0
BRDA:102,8,1,0
BRDA:110,9,0,0
BRDA:110,9,1,0
BRDA:110,10,0,0
BRDA:110,10,1,0
BRDA:112,11,0,0
BRDA:112,11,1,0
BRDA:115,12,0,0
BRDA:115,12,1,0
BRDA:115,13,0,0
BRDA:115,13,1,0
BRDA:131,14,0,0
BRDA:131,14,1,0
BRF:32
BRH:0
end_of_record
TN:
SF:components/cards/placeholder.tsx
FN:24,CatPlaceholder
FNF:1
FNH:1
FNDA:3,CatPlaceholder
DA:8,1
DA:25,3
DA:27,3
DA:46,1
LF:4
LH:4
BRDA:31,0,0,1
BRDA:31,0,1,2
BRF:2
BRH:2
end_of_record
TN:
SF:components/headers/logo-header.tsx
FN:23,PurpleHeader
FN:89,LogoHeader
FNF:2
FNH:2
FNDA:2,PurpleHeader
FNDA:2,LogoHeader
DA:19,1
DA:21,1
DA:29,2
DA:90,2
DA:91,2
DA:92,2
DA:93,2
DA:94,2
DA:95,2
DA:98,2
DA:126,1
LF:11
LH:11
BRDA:35,0,0,1
BRDA:35,0,1,1
BRDA:95,1,0,1
BRDA:95,1,1,1
BRDA:114,2,0,1
BRDA:114,2,1,1
BRF:6
BRH:6
end_of_record
TN:
SF:components/headers/title-header.tsx
FN:16,CustomFont
FNF:1
FNH:1
FNDA:26,CustomFont
DA:8,3
DA:24,26
DA:29,26
DA:42,26
DA:43,16
DA:46,10
DA:65,3
LF:7
LH:7
BRDA:33,0,0,13
BRDA:33,0,1,13
BRDA:34,1,0,10
BRDA:34,1,1,16
BRDA:42,2,0,16
BRDA:42,2,1,10
BRDA:56,3,0,10
BRDA:56,3,1,8
BRF:8
BRH:8
end_of_record
TN:
SF:components/loaders/cat-loader.tsx
FN:4,CatLoader
FNF:1
FNH:1
FNDA:1,CatLoader
DA:5,1
DA:17,1
LF:2
LH:2
BRF:0
BRH:0
end_of_record
TN:
SF:components/upload/image-uploader.tsx
FN:34,ImageUploader
FN:45,(anonymous_1)
FN:52,(anonymous_2)
FN:60,(anonymous_3)
FN:63,(anonymous_4)
FN:82,(anonymous_5)
FNF:6
FNH:0
FNDA:0,ImageUploader
FNDA:0,(anonymous_1)
FNDA:0,(anonymous_2)
FNDA:0,(anonymous_3)
FNDA:0,(anonymous_4)
FNDA:0,(anonymous_5)
DA:27,0
DA:35,0
DA:36,0
DA:37,0
DA:40,0
DA:42,0
DA:43,0
DA:45,0
DA:46,0
DA:47,0
DA:48,0
DA:52,0
DA:53,0
DA:54,0
DA:55,0
DA:56,0
DA:60,0
DA:62,0
DA:64,0
DA:66,0
DA:70,0
DA:72,0
DA:73,0
DA:76,0
DA:77,0
DA:82,0
DA:84,0
DA:86,0
DA:87,0
DA:91,0
DA:94,0
DA:100,0
DA:102,0
DA:103,0
DA:107,0
DA:158,0
LF:36
LH:0
BRDA:46,0,0,0
BRDA:46,0,1,0
BRDA:46,1,0,0
BRDA:46,1,1,0
BRDA:53,2,0,0
BRDA:53,2,1,0
BRDA:66,3,0,0
BRDA:66,3,1,0
BRDA:66,4,0,0
BRDA:66,4,1,0
BRDA:72,5,0,0
BRDA:72,5,1,0
BRDA:86,6,0,0
BRDA:86,6,1,0
BRDA:102,7,0,0
BRDA:102,7,1,0
BRDA:111,8,0,0
BRDA:111,8,1,0
BRDA:114,9,0,0
BRDA:114,9,1,0
BRDA:120,10,0,0
BRDA:120,10,1,0
BRDA:125,11,0,0
BRDA:125,11,1,0
BRDA:133,12,0,0
BRDA:133,12,1,0
BRDA:140,13,0,0
BRDA:140,13,1,0
BRDA:143,14,0,0
BRDA:143,14,1,0
BRDA:145,15,0,0
BRDA:145,15,1,0
BRDA:146,16,0,0
BRDA:146,16,1,0
BRDA:147,17,0,0
BRDA:147,17,1,0
BRDA:149,18,0,0
BRDA:149,18,1,0
BRF:38
BRH:0
end_of_record
TN:
SF:constants/colors.ts
FNF:0
FNH:0
DA:1,6
LF:1
LH:1
BRF:0
BRH:0
end_of_record
TN:
SF:constants/env.ts
FNF:0
FNH:0
DA:1,3
DA:2,3
LF:2
LH:2
BRF:0
BRH:0
end_of_record
TN:
SF:constants/styles.ts
FNF:0
FNH:0
DA:3,9
DA:8,9
DA:10,9
DA:16,9
DA:25,9
DA:30,9
DA:39,9
LF:7
LH:7
BRF:0
BRH:0
end_of_record
TN:
SF:context/favourites-context.tsx
FN:30,useFavouritesProviderValue
FN:42,(anonymous_1)
FN:44,(anonymous_2)
FN:53,(anonymous_3)
FN:59,(anonymous_4)
FN:77,(anonymous_5)
FN:87,(anonymous_6)
FN:95,(anonymous_7)
FN:113,(anonymous_8)
FN:118,(anonymous_9)
FN:126,(anonymous_10)
FN:132,(anonymous_11)
FN:134,(anonymous_12)
FN:144,(anonymous_13)
FN:145,(anonymous_14)
FN:155,(anonymous_15)
FN:165,(anonymous_16)
FNF:17
FNH:0
FNDA:0,useFavouritesProviderValue
FNDA:0,(anonymous_1)
FNDA:0,(anonymous_2)
FNDA:0,(anonymous_3)
FNDA:0,(anonymous_4)
FNDA:0,(anonymous_5)
FNDA:0,(anonymous_6)
FNDA:0,(anonymous_7)
FNDA:0,(anonymous_8)
FNDA:0,(anonymous_9)
FNDA:0,(anonymous_10)
FNDA:0,(anonymous_11)
FNDA:0,(anonymous_12)
FNDA:0,(anonymous_13)
FNDA:0,(anonymous_14)
FNDA:0,(anonymous_15)
FNDA:0,(anonymous_16)
DA:28,1
DA:31,0
DA:32,0
DA:35,0
DA:38,0
DA:39,0
DA:41,0
DA:43,0
DA:44,0
DA:53,0
DA:54,0
DA:56,0
DA:57,0
DA:58,0
DA:59,0
DA:66,0
DA:67,0
DA:70,0
DA:71,0
DA:72,0
DA:73,0
DA:77,0
DA:78,0
DA:79,0
DA:81,0
DA:82,0
DA:86,0
DA:87,0
DA:94,0
DA:95,0
DA:98,0
DA:99,0
DA:100,0
DA:103,0
DA:104,0
DA:105,0
DA:106,0
DA:108,0
DA:112,0
DA:114,0
DA:115,0
DA:118,0
DA:122,0
DA:124,0
DA:125,0
DA:126,0
DA:131,0
DA:132,0
DA:133,0
DA:134,0
DA:136,0
DA:139,0
DA:143,0
DA:144,0
DA:145,0
DA:149,0
DA:152,0
DA:153,0
DA:155,0
DA:164,0
DA:165,0
LF:61
LH:1
BRDA:46,0,0,0
BRDA:46,0,1,0
BRDA:70,1,0,0
BRDA:70,1,1,0
BRDA:103,2,0,0
BRDA:103,2,1,0
BRDA:114,3,0,0
BRDA:114,3,1,0
BRDA:131,4,0,0
BRDA:131,4,1,0
BRDA:131,5,0,0
BRDA:131,5,1,0
BRDA:133,6,0,0
BRDA:133,6,1,0
BRDA:143,7,0,0
BRDA:143,7,1,0
BRDA:152,8,0,0
BRDA:152,8,1,0
BRF:18
BRH:0
end_of_record
TN:
SF:context/screen-orientation-context.ts
FNF:0
FNH:0
DA:6,3
LF:1
LH:1
BRF:0
BRH:0
end_of_record
TN:
SF:context/voting-context.tsx
FN:19,useVotingProviderValue
FN:33,(anonymous_1)
FN:34,(anonymous_2)
FN:38,(anonymous_3)
FN:45,(anonymous_4)
FN:52,(anonymous_5)
FN:57,(anonymous_6)
FN:65,(anonymous_7)
FN:72,(anonymous_8)
FN:76,(anonymous_9)
FN:80,(anonymous_10)
FN:88,(anonymous_11)
FN:93,(anonymous_12)
FN:98,(anonymous_13)
FN:108,(anonymous_14)
FNF:15
FNH:15
FNDA:48,useVotingProviderValue
FNDA:16,(anonymous_1)
FNDA:16,(anonymous_2)
FNDA:16,(anonymous_3)
FNDA:11,(anonymous_4)
FNDA:5,(anonymous_5)
FNDA:16,(anonymous_6)
FNDA:11,(anonymous_7)
FNDA:9,(anonymous_8)
FNDA:9,(anonymous_9)
FNDA:9,(anonymous_10)
FNDA:6,(anonymous_11)
FNDA:6,(anonymous_12)
FNDA:9,(anonymous_13)
FNDA:48,(anonymous_14)
DA:17,4
DA:20,48
DA:23,48
DA:26,48
DA:29,48
DA:33,48
DA:34,16
DA:38,16
DA:43,16
DA:44,16
DA:45,11
DA:49,11
DA:51,5
DA:52,5
DA:57,16
DA:64,48
DA:66,11
DA:67,2
DA:70,9
DA:72,9
DA:76,9
DA:80,9
DA:85,9
DA:86,9
DA:88,6
DA:92,6
DA:93,6
DA:98,9
DA:107,48
DA:108,48
LF:30
LH:30
BRDA:51,0,0,3
BRDA:51,0,1,2
BRDA:66,1,0,2
BRDA:66,1,1,9
BRDA:70,2,0,7
BRDA:70,2,1,2
BRDA:82,3,0,9
BRDA:82,3,1,2
BRDA:92,4,0,2
BRDA:92,4,1,4
BRF:10
BRH:10
end_of_record
TN:
SF:helpers/cartoon-generator.ts
FN:3,CartoonGenerator
FNF:1
FNH:1
FNDA:6,CartoonGenerator
DA:6,6
DA:19,6
DA:32,6
DA:34,6
DA:37,6
LF:5
LH:5
BRDA:34,0,0,3
BRDA:34,0,1,3
BRF:2
BRH:2
end_of_record
TN:
SF:helpers/score-calculator.ts
FN:1,calculateScore
FNF:1
FNH:1
FNDA:5,calculateScore
DA:2,5
DA:3,5
DA:4,4
LF:3
LH:3
BRDA:3,0,0,1
BRDA:3,0,1,4
BRF:2
BRH:2
end_of_record
TN:
SF:helpers/vote-calculator.ts
FN:1,voteCalculator
FNF:1
FNH:1
FNDA:4,voteCalculator
DA:2,4
LF:1
LH:1
BRF:0
BRH:0
end_of_record
TN:
SF:hooks/useFavourites.ts
FN:5,useFavourites
FNF:1
FNH:1
FNDA:3,useFavourites
DA:6,3
DA:8,3
DA:9,2
DA:12,1
LF:4
LH:4
BRDA:8,0,0,2
BRDA:8,0,1,1
BRF:2
BRH:2
end_of_record
TN:
SF:hooks/useProfile.ts
FN:6,useProfile
FN:11,(anonymous_1)
FNF:2
FNH:2
FNDA:6,useProfile
FNDA:3,(anonymous_1)
DA:7,6
DA:8,6
DA:9,6
DA:11,6
DA:12,3
DA:13,3
DA:15,3
DA:16,3
DA:18,1
DA:19,1
DA:22,2
DA:23,2
DA:24,2
DA:25,2
DA:27,3
DA:31,6
LF:16
LH:16
BRDA:22,0,0,1
BRDA:22,0,1,1
BRF:2
BRH:2
end_of_record
TN:
SF:hooks/useUploadImage.ts
FN:6,useUploadImage
FN:12,(anonymous_1)
FN:16,(anonymous_2)
FN:21,(anonymous_3)
FN:25,(anonymous_4)
FNF:5
FNH:5
FNDA:11,useUploadImage
FNDA:11,(anonymous_1)
FNDA:5,(anonymous_2)
FNDA:1,(anonymous_3)
FNDA:4,(anonymous_4)
DA:7,11
DA:8,11
DA:9,11
DA:11,11
DA:12,11
DA:16,11
DA:17,5
DA:18,5
DA:21,11
DA:22,1
DA:25,11
DA:26,4
DA:27,1
DA:30,3
DA:31,3
DA:33,3
DA:34,3
DA:36,0
DA:37,0
DA:38,0
DA:41,0
DA:45,3
DA:46,3
DA:48,3
DA:52,11
LF:25
LH:21
BRDA:12,0,0,11
BRDA:12,0,1,6
BRDA:12,0,2,3
BRDA:26,1,0,1
BRDA:26,1,1,3
BRDA:36,2,0,0
BRDA:36,2,1,0
BRDA:36,3,0,0
BRDA:36,3,1,0
BRDA:36,3,2,0
BRDA:42,4,0,0
BRDA:42,4,1,0
BRDA:45,5,0,1
BRDA:45,5,1,2
BRF:14
BRH:7
end_of_record
TN:
SF:hooks/useVoting.ts
FN:11,useVoting
FN:31,(anonymous_1)
FN:35,(anonymous_2)
FN:40,(anonymous_3)
FN:44,(anonymous_4)
FN:45,(anonymous_5)
FNF:6
FNH:6
FNDA:18,useVoting
FNDA:18,(anonymous_1)
FNDA:16,(anonymous_2)
FNDA:7,(anonymous_3)
FNDA:5,(anonymous_4)
FNDA:2,(anonymous_5)
DA:15,18
DA:17,18
DA:18,2
DA:28,16
DA:30,16
DA:31,18
DA:35,16
DA:36,16
DA:39,16
DA:40,7
DA:44,16
DA:45,16
DA:47,16
LF:13
LH:13
BRDA:13,0,0,18
BRDA:13,1,0,18
BRDA:17,2,0,2
BRDA:17,2,1,16
BRDA:48,3,0,16
BRDA:48,3,1,16
BRDA:50,4,0,16
BRDA:50,4,1,16
BRF:8
BRH:8
end_of_record
