{"/Users/mayawright/Desktop/Projects/rate-my-kitty/expo-env.d.ts": {"path":"/Users/mayawright/Desktop/Projects/rate-my-kitty/expo-env.d.ts","statementMap":{},"fnMap":{},"branchMap":{},"s":{},"f":{},"b":{}}
,"/Users/mayawright/Desktop/Projects/rate-my-kitty/api/api.ts": {"path":"/Users/mayawright/Desktop/Projects/rate-my-kitty/api/api.ts","statementMap":{"0":{"start":{"line":13,"column":26},"end":{"line":25,"column":1}},"1":{"start":{"line":14,"column":23},"end":{"line":14,"column":44}},"2":{"start":{"line":16,"column":2},"end":{"line":18,"column":3}},"3":{"start":{"line":17,"column":4},"end":{"line":17,"column":16}},"4":{"start":{"line":20,"column":2},"end":{"line":24,"column":3}},"5":{"start":{"line":21,"column":4},"end":{"line":21,"column":36}},"6":{"start":{"line":23,"column":4},"end":{"line":23,"column":24}},"7":{"start":{"line":27,"column":24},"end":{"line":39,"column":1}},"8":{"start":{"line":28,"column":23},"end":{"line":28,"column":51}},"9":{"start":{"line":30,"column":2},"end":{"line":32,"column":3}},"10":{"start":{"line":31,"column":4},"end":{"line":31,"column":32}},"11":{"start":{"line":34,"column":2},"end":{"line":36,"column":3}},"12":{"start":{"line":35,"column":4},"end":{"line":35,"column":16}},"13":{"start":{"line":38,"column":2},"end":{"line":38,"column":18}},"14":{"start":{"line":41,"column":34},"end":{"line":42,"column":41}},"15":{"start":{"line":42,"column":2},"end":{"line":42,"column":41}},"16":{"start":{"line":44,"column":27},"end":{"line":52,"column":1}},"17":{"start":{"line":45,"column":14},"end":{"line":45,"column":47}},"18":{"start":{"line":47,"column":2},"end":{"line":49,"column":3}},"19":{"start":{"line":48,"column":4},"end":{"line":48,"column":42}},"20":{"start":{"line":51,"column":2},"end":{"line":51,"column":24}},"21":{"start":{"line":54,"column":22},"end":{"line":62,"column":1}},"22":{"start":{"line":55,"column":14},"end":{"line":55,"column":42}},"23":{"start":{"line":57,"column":2},"end":{"line":59,"column":3}},"24":{"start":{"line":58,"column":4},"end":{"line":58,"column":42}},"25":{"start":{"line":61,"column":2},"end":{"line":61,"column":24}},"26":{"start":{"line":64,"column":30},"end":{"line":78,"column":1}},"27":{"start":{"line":68,"column":2},"end":{"line":71,"column":3}},"28":{"start":{"line":69,"column":4},"end":{"line":69,"column":39}},"29":{"start":{"line":70,"column":4},"end":{"line":70,"column":11}},"30":{"start":{"line":73,"column":2},"end":{"line":77,"column":12}},"31":{"start":{"line":80,"column":27},"end":{"line":110,"column":1}},"32":{"start":{"line":83,"column":19},"end":{"line":83,"column":33}},"33":{"start":{"line":85,"column":2},"end":{"line":85,"column":40}},"34":{"start":{"line":87,"column":2},"end":{"line":109,"column":3}},"35":{"start":{"line":88,"column":21},"end":{"line":94,"column":6}},"36":{"start":{"line":96,"column":15},"end":{"line":96,"column":48}},"37":{"start":{"line":98,"column":4},"end":{"line":103,"column":5}},"38":{"start":{"line":99,"column":6},"end":{"line":102,"column":8}},"39":{"start":{"line":105,"column":4},"end":{"line":105,"column":37}},"40":{"start":{"line":107,"column":4},"end":{"line":107,"column":21}},"41":{"start":{"line":108,"column":4},"end":{"line":108,"column":17}},"42":{"start":{"line":112,"column":30},"end":{"line":146,"column":1}},"43":{"start":{"line":113,"column":2},"end":{"line":145,"column":3}},"44":{"start":{"line":114,"column":21},"end":{"line":124,"column":6}},"45":{"start":{"line":126,"column":17},"end":{"line":126,"column":50}},"46":{"start":{"line":128,"column":4},"end":{"line":139,"column":5}},"47":{"start":{"line":129,"column":27},"end":{"line":132,"column":7}},"48":{"start":{"line":134,"column":6},"end":{"line":136,"column":7}},"49":{"start":{"line":135,"column":8},"end":{"line":135,"column":49}},"50":{"start":{"line":138,"column":6},"end":{"line":138,"column":36}},"51":{"start":{"line":141,"column":4},"end":{"line":141,"column":35}},"52":{"start":{"line":143,"column":4},"end":{"line":143,"column":21}},"53":{"start":{"line":144,"column":4},"end":{"line":144,"column":12}},"54":{"start":{"line":148,"column":29},"end":{"line":175,"column":1}},"55":{"start":{"line":149,"column":2},"end":{"line":174,"column":3}},"56":{"start":{"line":150,"column":21},"end":{"line":156,"column":6}},"57":{"start":{"line":158,"column":17},"end":{"line":158,"column":50}},"58":{"start":{"line":160,"column":4},"end":{"line":164,"column":5}},"59":{"start":{"line":161,"column":6},"end":{"line":163,"column":8}},"60":{"start":{"line":166,"column":4},"end":{"line":168,"column":5}},"61":{"start":{"line":167,"column":6},"end":{"line":167,"column":60}},"62":{"start":{"line":170,"column":4},"end":{"line":170,"column":31}},"63":{"start":{"line":172,"column":4},"end":{"line":172,"column":21}},"64":{"start":{"line":173,"column":4},"end":{"line":173,"column":12}},"65":{"start":{"line":177,"column":31},"end":{"line":200,"column":1}},"66":{"start":{"line":178,"column":2},"end":{"line":199,"column":3}},"67":{"start":{"line":179,"column":21},"end":{"line":185,"column":6}},"68":{"start":{"line":187,"column":17},"end":{"line":187,"column":50}},"69":{"start":{"line":189,"column":4},"end":{"line":193,"column":5}},"70":{"start":{"line":190,"column":6},"end":{"line":192,"column":8}},"71":{"start":{"line":195,"column":4},"end":{"line":195,"column":35}},"72":{"start":{"line":197,"column":4},"end":{"line":197,"column":21}},"73":{"start":{"line":198,"column":4},"end":{"line":198,"column":12}},"74":{"start":{"line":202,"column":35},"end":{"line":215,"column":1}},"75":{"start":{"line":203,"column":21},"end":{"line":203,"column":47}},"76":{"start":{"line":204,"column":28},"end":{"line":206,"column":3}},"77":{"start":{"line":205,"column":19},"end":{"line":205,"column":49}},"78":{"start":{"line":208,"column":2},"end":{"line":211,"column":3}},"79":{"start":{"line":209,"column":4},"end":{"line":209,"column":48}},"80":{"start":{"line":210,"column":4},"end":{"line":210,"column":34}},"81":{"start":{"line":213,"column":2},"end":{"line":213,"column":39}},"82":{"start":{"line":214,"column":2},"end":{"line":214,"column":31}},"83":{"start":{"line":217,"column":25},"end":{"line":249,"column":1}},"84":{"start":{"line":222,"column":2},"end":{"line":248,"column":3}},"85":{"start":{"line":223,"column":21},"end":{"line":234,"column":6}},"86":{"start":{"line":236,"column":17},"end":{"line":236,"column":50}},"87":{"start":{"line":238,"column":4},"end":{"line":242,"column":5}},"88":{"start":{"line":239,"column":6},"end":{"line":241,"column":8}},"89":{"start":{"line":244,"column":4},"end":{"line":244,"column":16}},"90":{"start":{"line":246,"column":4},"end":{"line":246,"column":21}},"91":{"start":{"line":247,"column":4},"end":{"line":247,"column":12}},"92":{"start":{"line":251,"column":24},"end":{"line":278,"column":1}},"93":{"start":{"line":252,"column":2},"end":{"line":277,"column":3}},"94":{"start":{"line":253,"column":21},"end":{"line":259,"column":6}},"95":{"start":{"line":261,"column":17},"end":{"line":261,"column":50}},"96":{"start":{"line":263,"column":4},"end":{"line":267,"column":5}},"97":{"start":{"line":264,"column":6},"end":{"line":266,"column":8}},"98":{"start":{"line":269,"column":4},"end":{"line":271,"column":5}},"99":{"start":{"line":270,"column":6},"end":{"line":270,"column":55}},"100":{"start":{"line":273,"column":4},"end":{"line":273,"column":26}},"101":{"start":{"line":275,"column":4},"end":{"line":275,"column":21}},"102":{"start":{"line":276,"column":4},"end":{"line":276,"column":12}},"103":{"start":{"line":280,"column":33},"end":{"line":286,"column":1}},"104":{"start":{"line":281,"column":16},"end":{"line":281,"column":37}},"105":{"start":{"line":283,"column":2},"end":{"line":285,"column":69}},"106":{"start":{"line":284,"column":22},"end":{"line":284,"column":47}},"107":{"start":{"line":285,"column":29},"end":{"line":285,"column":64}},"108":{"start":{"line":289,"column":2},"end":{"line":317,"column":3}},"109":{"start":{"line":290,"column":21},"end":{"line":299,"column":5}},"110":{"start":{"line":301,"column":17},"end":{"line":301,"column":50}},"111":{"start":{"line":303,"column":4},"end":{"line":307,"column":5}},"112":{"start":{"line":304,"column":6},"end":{"line":306,"column":8}},"113":{"start":{"line":309,"column":4},"end":{"line":311,"column":5}},"114":{"start":{"line":310,"column":6},"end":{"line":310,"column":64}},"115":{"start":{"line":313,"column":4},"end":{"line":313,"column":30}},"116":{"start":{"line":315,"column":4},"end":{"line":315,"column":21}},"117":{"start":{"line":316,"column":4},"end":{"line":316,"column":12}}},"fnMap":{"0":{"name":"(anonymous_0)","decl":{"start":{"line":13,"column":26},"end":{"line":13,"column":27}},"loc":{"start":{"line":13,"column":56},"end":{"line":25,"column":1}},"line":13},"1":{"name":"(anonymous_1)","decl":{"start":{"line":27,"column":24},"end":{"line":27,"column":25}},"loc":{"start":{"line":27,"column":61},"end":{"line":39,"column":1}},"line":27},"2":{"name":"(anonymous_2)","decl":{"start":{"line":41,"column":34},"end":{"line":41,"column":35}},"loc":{"start":{"line":42,"column":2},"end":{"line":42,"column":41}},"line":42},"3":{"name":"(anonymous_3)","decl":{"start":{"line":44,"column":27},"end":{"line":44,"column":28}},"loc":{"start":{"line":44,"column":47},"end":{"line":52,"column":1}},"line":44},"4":{"name":"(anonymous_4)","decl":{"start":{"line":54,"column":22},"end":{"line":54,"column":23}},"loc":{"start":{"line":54,"column":42},"end":{"line":62,"column":1}},"line":54},"5":{"name":"(anonymous_5)","decl":{"start":{"line":64,"column":30},"end":{"line":64,"column":31}},"loc":{"start":{"line":67,"column":5},"end":{"line":78,"column":1}},"line":67},"6":{"name":"(anonymous_6)","decl":{"start":{"line":80,"column":27},"end":{"line":80,"column":28}},"loc":{"start":{"line":82,"column":47},"end":{"line":110,"column":1}},"line":82},"7":{"name":"(anonymous_7)","decl":{"start":{"line":112,"column":30},"end":{"line":112,"column":31}},"loc":{"start":{"line":112,"column":73},"end":{"line":146,"column":1}},"line":112},"8":{"name":"(anonymous_8)","decl":{"start":{"line":148,"column":29},"end":{"line":148,"column":30}},"loc":{"start":{"line":148,"column":55},"end":{"line":175,"column":1}},"line":148},"9":{"name":"(anonymous_9)","decl":{"start":{"line":177,"column":31},"end":{"line":177,"column":32}},"loc":{"start":{"line":177,"column":62},"end":{"line":200,"column":1}},"line":177},"10":{"name":"(anonymous_10)","decl":{"start":{"line":202,"column":35},"end":{"line":202,"column":36}},"loc":{"start":{"line":202,"column":78},"end":{"line":215,"column":1}},"line":202},"11":{"name":"(anonymous_11)","decl":{"start":{"line":205,"column":4},"end":{"line":205,"column":5}},"loc":{"start":{"line":205,"column":19},"end":{"line":205,"column":49}},"line":205},"12":{"name":"(anonymous_12)","decl":{"start":{"line":217,"column":25},"end":{"line":217,"column":26}},"loc":{"start":{"line":221,"column":5},"end":{"line":249,"column":1}},"line":221},"13":{"name":"(anonymous_13)","decl":{"start":{"line":251,"column":24},"end":{"line":251,"column":25}},"loc":{"start":{"line":251,"column":50},"end":{"line":278,"column":1}},"line":251},"14":{"name":"(anonymous_14)","decl":{"start":{"line":280,"column":33},"end":{"line":280,"column":34}},"loc":{"start":{"line":280,"column":76},"end":{"line":286,"column":1}},"line":280},"15":{"name":"(anonymous_15)","decl":{"start":{"line":284,"column":12},"end":{"line":284,"column":13}},"loc":{"start":{"line":284,"column":22},"end":{"line":284,"column":47}},"line":284},"16":{"name":"(anonymous_16)","decl":{"start":{"line":285,"column":12},"end":{"line":285,"column":13}},"loc":{"start":{"line":285,"column":29},"end":{"line":285,"column":64}},"line":285},"17":{"name":"getUploadedImages","decl":{"start":{"line":288,"column":30},"end":{"line":288,"column":47}},"loc":{"start":{"line":288,"column":71},"end":{"line":318,"column":1}},"line":288}},"branchMap":{"0":{"loc":{"start":{"line":16,"column":2},"end":{"line":18,"column":3}},"type":"if","locations":[{"start":{"line":16,"column":2},"end":{"line":18,"column":3}},{"start":{},"end":{}}],"line":16},"1":{"loc":{"start":{"line":30,"column":2},"end":{"line":32,"column":3}},"type":"if","locations":[{"start":{"line":30,"column":2},"end":{"line":32,"column":3}},{"start":{},"end":{}}],"line":30},"2":{"loc":{"start":{"line":34,"column":2},"end":{"line":36,"column":3}},"type":"if","locations":[{"start":{"line":34,"column":2},"end":{"line":36,"column":3}},{"start":{},"end":{}}],"line":34},"3":{"loc":{"start":{"line":47,"column":2},"end":{"line":49,"column":3}},"type":"if","locations":[{"start":{"line":47,"column":2},"end":{"line":49,"column":3}},{"start":{},"end":{}}],"line":47},"4":{"loc":{"start":{"line":57,"column":2},"end":{"line":59,"column":3}},"type":"if","locations":[{"start":{"line":57,"column":2},"end":{"line":59,"column":3}},{"start":{},"end":{}}],"line":57},"5":{"loc":{"start":{"line":68,"column":2},"end":{"line":71,"column":3}},"type":"if","locations":[{"start":{"line":68,"column":2},"end":{"line":71,"column":3}},{"start":{},"end":{}}],"line":68},"6":{"loc":{"start":{"line":75,"column":10},"end":{"line":75,"column":36}},"type":"binary-expr","locations":[{"start":{"line":75,"column":10},"end":{"line":75,"column":23}},{"start":{"line":75,"column":27},"end":{"line":75,"column":36}}],"line":75},"7":{"loc":{"start":{"line":76,"column":10},"end":{"line":76,"column":39}},"type":"binary-expr","locations":[{"start":{"line":76,"column":10},"end":{"line":76,"column":23}},{"start":{"line":76,"column":27},"end":{"line":76,"column":39}}],"line":76},"8":{"loc":{"start":{"line":98,"column":4},"end":{"line":103,"column":5}},"type":"if","locations":[{"start":{"line":98,"column":4},"end":{"line":103,"column":5}},{"start":{},"end":{}}],"line":98},"9":{"loc":{"start":{"line":128,"column":4},"end":{"line":139,"column":5}},"type":"if","locations":[{"start":{"line":128,"column":4},"end":{"line":139,"column":5}},{"start":{},"end":{}}],"line":128},"10":{"loc":{"start":{"line":134,"column":6},"end":{"line":136,"column":7}},"type":"if","locations":[{"start":{"line":134,"column":6},"end":{"line":136,"column":7}},{"start":{},"end":{}}],"line":134},"11":{"loc":{"start":{"line":160,"column":4},"end":{"line":164,"column":5}},"type":"if","locations":[{"start":{"line":160,"column":4},"end":{"line":164,"column":5}},{"start":{},"end":{}}],"line":160},"12":{"loc":{"start":{"line":166,"column":4},"end":{"line":168,"column":5}},"type":"if","locations":[{"start":{"line":166,"column":4},"end":{"line":168,"column":5}},{"start":{},"end":{}}],"line":166},"13":{"loc":{"start":{"line":189,"column":4},"end":{"line":193,"column":5}},"type":"if","locations":[{"start":{"line":189,"column":4},"end":{"line":193,"column":5}},{"start":{},"end":{}}],"line":189},"14":{"loc":{"start":{"line":208,"column":2},"end":{"line":211,"column":3}},"type":"if","locations":[{"start":{"line":208,"column":2},"end":{"line":211,"column":3}},{"start":{},"end":{}}],"line":208},"15":{"loc":{"start":{"line":238,"column":4},"end":{"line":242,"column":5}},"type":"if","locations":[{"start":{"line":238,"column":4},"end":{"line":242,"column":5}},{"start":{},"end":{}}],"line":238},"16":{"loc":{"start":{"line":263,"column":4},"end":{"line":267,"column":5}},"type":"if","locations":[{"start":{"line":263,"column":4},"end":{"line":267,"column":5}},{"start":{},"end":{}}],"line":263},"17":{"loc":{"start":{"line":269,"column":4},"end":{"line":271,"column":5}},"type":"if","locations":[{"start":{"line":269,"column":4},"end":{"line":271,"column":5}},{"start":{},"end":{}}],"line":269},"18":{"loc":{"start":{"line":285,"column":38},"end":{"line":285,"column":63}},"type":"cond-expr","locations":[{"start":{"line":285,"column":57},"end":{"line":285,"column":58}},{"start":{"line":285,"column":61},"end":{"line":285,"column":63}}],"line":285},"19":{"loc":{"start":{"line":303,"column":4},"end":{"line":307,"column":5}},"type":"if","locations":[{"start":{"line":303,"column":4},"end":{"line":307,"column":5}},{"start":{},"end":{}}],"line":303},"20":{"loc":{"start":{"line":309,"column":4},"end":{"line":311,"column":5}},"type":"if","locations":[{"start":{"line":309,"column":4},"end":{"line":311,"column":5}},{"start":{},"end":{}}],"line":309}},"s":{"0":0,"1":0,"2":0,"3":0,"4":0,"5":0,"6":0,"7":0,"8":0,"9":0,"10":0,"11":0,"12":0,"13":0,"14":0,"15":0,"16":0,"17":0,"18":0,"19":0,"20":0,"21":0,"22":0,"23":0,"24":0,"25":0,"26":0,"27":0,"28":0,"29":0,"30":0,"31":0,"32":0,"33":0,"34":0,"35":0,"36":0,"37":0,"38":0,"39":0,"40":0,"41":0,"42":0,"43":0,"44":0,"45":0,"46":0,"47":0,"48":0,"49":0,"50":0,"51":0,"52":0,"53":0,"54":0,"55":0,"56":0,"57":0,"58":0,"59":0,"60":0,"61":0,"62":0,"63":0,"64":0,"65":0,"66":0,"67":0,"68":0,"69":0,"70":0,"71":0,"72":0,"73":0,"74":0,"75":0,"76":0,"77":0,"78":0,"79":0,"80":0,"81":0,"82":0,"83":0,"84":0,"85":0,"86":0,"87":0,"88":0,"89":0,"90":0,"91":0,"92":0,"93":0,"94":0,"95":0,"96":0,"97":0,"98":0,"99":0,"100":0,"101":0,"102":0,"103":0,"104":0,"105":0,"106":0,"107":0,"108":0,"109":0,"110":0,"111":0,"112":0,"113":0,"114":0,"115":0,"116":0,"117":0},"f":{"0":0,"1":0,"2":0,"3":0,"4":0,"5":0,"6":0,"7":0,"8":0,"9":0,"10":0,"11":0,"12":0,"13":0,"14":0,"15":0,"16":0,"17":0},"b":{"0":[0,0],"1":[0,0],"2":[0,0],"3":[0,0],"4":[0,0],"5":[0,0],"6":[0,0],"7":[0,0],"8":[0,0],"9":[0,0],"10":[0,0],"11":[0,0],"12":[0,0],"13":[0,0],"14":[0,0],"15":[0,0],"16":[0,0],"17":[0,0],"18":[0,0],"19":[0,0],"20":[0,0]}}
,"/Users/mayawright/Desktop/Projects/rate-my-kitty/components/backgrounds/image-background-screen.tsx": {"path":"/Users/mayawright/Desktop/Projects/rate-my-kitty/components/backgrounds/image-background-screen.tsx","statementMap":{"0":{"start":{"line":6,"column":26},"end":{"line":6,"column":99}},"1":{"start":{"line":22,"column":2},"end":{"line":33,"column":4}},"2":{"start":{"line":36,"column":15},"end":{"line":43,"column":2}}},"fnMap":{"0":{"name":"ImageBackgroundScreen","decl":{"start":{"line":21,"column":24},"end":{"line":21,"column":45}},"loc":{"start":{"line":21,"column":75},"end":{"line":34,"column":1}},"line":21}},"branchMap":{"0":{"loc":{"start":{"line":26,"column":16},"end":{"line":26,"column":51}},"type":"cond-expr","locations":[{"start":{"line":26,"column":25},"end":{"line":26,"column":31}},{"start":{"line":26,"column":34},"end":{"line":26,"column":51}}],"line":26}},"s":{"0":1,"1":1,"2":1},"f":{"0":1},"b":{"0":[0,1]},"_coverageSchema":"1a1c01bbd47fc00a2c39e90264f33305004495a9","hash":"c5da7ae0591cf9f1b890cb4337168a486b6a2c60"}
,"/Users/mayawright/Desktop/Projects/rate-my-kitty/components/backgrounds/__tests__/image-background-screen.test.tsx": {"path":"/Users/mayawright/Desktop/Projects/rate-my-kitty/components/backgrounds/__tests__/image-background-screen.test.tsx","statementMap":{"0":{"start":{"line":5,"column":0},"end":{"line":11,"column":3}},"1":{"start":{"line":6,"column":33},"end":{"line":6,"column":72}},"2":{"start":{"line":8,"column":15},"end":{"line":8,"column":76}},"3":{"start":{"line":10,"column":2},"end":{"line":10,"column":33}},"4":{"start":{"line":13,"column":0},"end":{"line":26,"column":3}},"5":{"start":{"line":14,"column":22},"end":{"line":14,"column":35}},"6":{"start":{"line":15,"column":33},"end":{"line":17,"column":3}},"7":{"start":{"line":19,"column":15},"end":{"line":21,"column":3}},"8":{"start":{"line":23,"column":21},"end":{"line":23,"column":38}},"9":{"start":{"line":25,"column":2},"end":{"line":25,"column":53}}},"fnMap":{"0":{"name":"(anonymous_0)","decl":{"start":{"line":5,"column":74},"end":{"line":5,"column":75}},"loc":{"start":{"line":5,"column":86},"end":{"line":11,"column":1}},"line":5},"1":{"name":"(anonymous_1)","decl":{"start":{"line":13,"column":111},"end":{"line":13,"column":112}},"loc":{"start":{"line":13,"column":123},"end":{"line":26,"column":1}},"line":13}},"branchMap":{},"s":{"0":0,"1":0,"2":0,"3":0,"4":0,"5":0,"6":0,"7":0,"8":0,"9":0},"f":{"0":0,"1":0},"b":{}}
,"/Users/mayawright/Desktop/Projects/rate-my-kitty/components/buttons/circular-btn.tsx": {"path":"/Users/mayawright/Desktop/Projects/rate-my-kitty/components/buttons/circular-btn.tsx","statementMap":{"0":{"start":{"line":27,"column":37},"end":{"line":27,"column":42}},"1":{"start":{"line":28,"column":38},"end":{"line":28,"column":43}},"2":{"start":{"line":38,"column":27},"end":{"line":38,"column":62}},"3":{"start":{"line":40,"column":2},"end":{"line":74,"column":4}},"4":{"start":{"line":77,"column":15},"end":{"line":95,"column":2}}},"fnMap":{"0":{"name":"CircularBTN","decl":{"start":{"line":30,"column":24},"end":{"line":30,"column":35}},"loc":{"start":{"line":37,"column":10},"end":{"line":75,"column":1}},"line":37}},"branchMap":{"0":{"loc":{"start":{"line":36,"column":2},"end":{"line":36,"column":36}},"type":"default-arg","locations":[{"start":{"line":36,"column":20},"end":{"line":36,"column":36}}],"line":36},"1":{"loc":{"start":{"line":48,"column":19},"end":{"line":50,"column":38}},"type":"cond-expr","locations":[{"start":{"line":49,"column":16},"end":{"line":49,"column":37}},{"start":{"line":50,"column":16},"end":{"line":50,"column":38}}],"line":48},"2":{"loc":{"start":{"line":54,"column":9},"end":{"line":61,"column":9}},"type":"binary-expr","locations":[{"start":{"line":54,"column":9},"end":{"line":54,"column":13}},{"start":{"line":55,"column":10},"end":{"line":60,"column":12}}],"line":54},"3":{"loc":{"start":{"line":63,"column":7},"end":{"line":72,"column":7}},"type":"binary-expr","locations":[{"start":{"line":63,"column":7},"end":{"line":63,"column":12}},{"start":{"line":64,"column":8},"end":{"line":71,"column":15}}],"line":63},"4":{"loc":{"start":{"line":67,"column":21},"end":{"line":67,"column":62}},"type":"cond-expr","locations":[{"start":{"line":67,"column":34},"end":{"line":67,"column":44}},{"start":{"line":67,"column":47},"end":{"line":67,"column":62}}],"line":67}},"s":{"0":1,"1":1,"2":2,"3":2,"4":1},"f":{"0":2},"b":{"0":[2],"1":[1,1],"2":[2,0],"3":[2,0],"4":[0,0]},"_coverageSchema":"1a1c01bbd47fc00a2c39e90264f33305004495a9","hash":"1dd29a6dacaee4d74c9fbb9292eef0107fd31774"}
,"/Users/mayawright/Desktop/Projects/rate-my-kitty/components/buttons/cta-btn.tsx": {"path":"/Users/mayawright/Desktop/Projects/rate-my-kitty/components/buttons/cta-btn.tsx","statementMap":{"0":{"start":{"line":30,"column":27},"end":{"line":30,"column":62}},"1":{"start":{"line":32,"column":2},"end":{"line":56,"column":4}},"2":{"start":{"line":59,"column":15},"end":{"line":79,"column":2}}},"fnMap":{"0":{"name":"CTA_BTN","decl":{"start":{"line":29,"column":24},"end":{"line":29,"column":31}},"loc":{"start":{"line":29,"column":77},"end":{"line":57,"column":1}},"line":29}},"branchMap":{"0":{"loc":{"start":{"line":39,"column":8},"end":{"line":39,"column":55}},"type":"binary-expr","locations":[{"start":{"line":39,"column":8},"end":{"line":39,"column":25}},{"start":{"line":39,"column":29},"end":{"line":39,"column":55}}],"line":39},"1":{"loc":{"start":{"line":40,"column":27},"end":{"line":40,"column":74}},"type":"cond-expr","locations":[{"start":{"line":40,"column":40},"end":{"line":40,"column":55}},{"start":{"line":40,"column":58},"end":{"line":40,"column":74}}],"line":40},"2":{"loc":{"start":{"line":43,"column":7},"end":{"line":51,"column":7}},"type":"binary-expr","locations":[{"start":{"line":43,"column":7},"end":{"line":43,"column":11}},{"start":{"line":44,"column":8},"end":{"line":50,"column":10}}],"line":43}},"s":{"0":1,"1":1,"2":1},"f":{"0":1},"b":{"0":[1,1],"1":[0,1],"2":[1,0]},"_coverageSchema":"1a1c01bbd47fc00a2c39e90264f33305004495a9","hash":"741e651561eebca1a405c71b37f1ac5824019e19"}
,"/Users/mayawright/Desktop/Projects/rate-my-kitty/components/buttons/favourite-icon-btn.tsx": {"path":"/Users/mayawright/Desktop/Projects/rate-my-kitty/components/buttons/favourite-icon-btn.tsx","statementMap":{"0":{"start":{"line":20,"column":40},"end":{"line":20,"column":55}},"1":{"start":{"line":21,"column":42},"end":{"line":21,"column":59}},"2":{"start":{"line":22,"column":19},"end":{"line":22,"column":45}},"3":{"start":{"line":23,"column":19},"end":{"line":23,"column":58}},"4":{"start":{"line":25,"column":2},"end":{"line":56,"column":4}},"5":{"start":{"line":59,"column":15},"end":{"line":82,"column":2}}},"fnMap":{"0":{"name":"FavouriteIconButton","decl":{"start":{"line":14,"column":24},"end":{"line":14,"column":43}},"loc":{"start":{"line":19,"column":10},"end":{"line":57,"column":1}},"line":19}},"branchMap":{"0":{"loc":{"start":{"line":18,"column":2},"end":{"line":18,"column":16}},"type":"default-arg","locations":[{"start":{"line":18,"column":9},"end":{"line":18,"column":16}}],"line":18},"1":{"loc":{"start":{"line":22,"column":19},"end":{"line":22,"column":45}},"type":"cond-expr","locations":[{"start":{"line":22,"column":38},"end":{"line":22,"column":40}},{"start":{"line":22,"column":43},"end":{"line":22,"column":45}}],"line":22},"2":{"loc":{"start":{"line":23,"column":19},"end":{"line":23,"column":58}},"type":"cond-expr","locations":[{"start":{"line":23,"column":33},"end":{"line":23,"column":40}},{"start":{"line":23,"column":43},"end":{"line":23,"column":58}}],"line":23},"3":{"loc":{"start":{"line":29,"column":8},"end":{"line":31,"column":41}},"type":"cond-expr","locations":[{"start":{"line":30,"column":12},"end":{"line":30,"column":43}},{"start":{"line":31,"column":12},"end":{"line":31,"column":41}}],"line":29},"4":{"loc":{"start":{"line":38,"column":8},"end":{"line":40,"column":39}},"type":"cond-expr","locations":[{"start":{"line":39,"column":12},"end":{"line":39,"column":39}},{"start":{"line":40,"column":12},"end":{"line":40,"column":39}}],"line":38}},"s":{"0":0,"1":0,"2":0,"3":0,"4":0,"5":1},"f":{"0":0},"b":{"0":[0],"1":[0,0],"2":[0,0],"3":[0,0],"4":[0,0]},"_coverageSchema":"1a1c01bbd47fc00a2c39e90264f33305004495a9","hash":"b20ecbabdd995d5a941ea764854c93a5c1e9f823"}
,"/Users/mayawright/Desktop/Projects/rate-my-kitty/components/buttons/switch-btn.tsx": {"path":"/Users/mayawright/Desktop/Projects/rate-my-kitty/components/buttons/switch-btn.tsx","statementMap":{"0":{"start":{"line":27,"column":21},"end":{"line":27,"column":24}},"1":{"start":{"line":28,"column":22},"end":{"line":28,"column":24}},"2":{"start":{"line":29,"column":16},"end":{"line":29,"column":17}},"3":{"start":{"line":30,"column":25},"end":{"line":30,"column":57}},"4":{"start":{"line":39,"column":19},"end":{"line":39,"column":48}},"5":{"start":{"line":41,"column":2},"end":{"line":47,"column":24}},"6":{"start":{"line":42,"column":4},"end":{"line":46,"column":7}},"7":{"start":{"line":49,"column":25},"end":{"line":51,"column":5}},"8":{"start":{"line":49,"column":49},"end":{"line":51,"column":3}},"9":{"start":{"line":53,"column":2},"end":{"line":75,"column":4}},"10":{"start":{"line":56,"column":21},"end":{"line":56,"column":37}},"11":{"start":{"line":80,"column":15},"end":{"line":118,"column":2}}},"fnMap":{"0":{"name":"SwitchBTN","decl":{"start":{"line":32,"column":16},"end":{"line":32,"column":25}},"loc":{"start":{"line":38,"column":10},"end":{"line":76,"column":1}},"line":38},"1":{"name":"(anonymous_1)","decl":{"start":{"line":41,"column":12},"end":{"line":41,"column":13}},"loc":{"start":{"line":41,"column":18},"end":{"line":47,"column":3}},"line":41},"2":{"name":"(anonymous_2)","decl":{"start":{"line":49,"column":42},"end":{"line":49,"column":43}},"loc":{"start":{"line":49,"column":49},"end":{"line":51,"column":3}},"line":49},"3":{"name":"(anonymous_3)","decl":{"start":{"line":56,"column":15},"end":{"line":56,"column":16}},"loc":{"start":{"line":56,"column":21},"end":{"line":56,"column":37}},"line":56}},"branchMap":{"0":{"loc":{"start":{"line":35,"column":2},"end":{"line":35,"column":20}},"type":"default-arg","locations":[{"start":{"line":35,"column":14},"end":{"line":35,"column":20}}],"line":35},"1":{"loc":{"start":{"line":36,"column":2},"end":{"line":36,"column":21}},"type":"default-arg","locations":[{"start":{"line":36,"column":15},"end":{"line":36,"column":21}}],"line":36},"2":{"loc":{"start":{"line":39,"column":34},"end":{"line":39,"column":47}},"type":"cond-expr","locations":[{"start":{"line":39,"column":42},"end":{"line":39,"column":43}},{"start":{"line":39,"column":46},"end":{"line":39,"column":47}}],"line":39},"3":{"loc":{"start":{"line":42,"column":32},"end":{"line":42,"column":45}},"type":"cond-expr","locations":[{"start":{"line":42,"column":40},"end":{"line":42,"column":41}},{"start":{"line":42,"column":44},"end":{"line":42,"column":45}}],"line":42},"4":{"loc":{"start":{"line":57,"column":29},"end":{"line":57,"column":54}},"type":"cond-expr","locations":[{"start":{"line":57,"column":37},"end":{"line":57,"column":42}},{"start":{"line":57,"column":45},"end":{"line":57,"column":54}}],"line":57},"5":{"loc":{"start":{"line":66,"column":32},"end":{"line":66,"column":60}},"type":"binary-expr","locations":[{"start":{"line":66,"column":32},"end":{"line":66,"column":38}},{"start":{"line":66,"column":42},"end":{"line":66,"column":60}}],"line":66},"6":{"loc":{"start":{"line":70,"column":36},"end":{"line":70,"column":63}},"type":"binary-expr","locations":[{"start":{"line":70,"column":36},"end":{"line":70,"column":41}},{"start":{"line":70,"column":45},"end":{"line":70,"column":63}}],"line":70}},"s":{"0":1,"1":1,"2":1,"3":1,"4":0,"5":0,"6":0,"7":0,"8":0,"9":0,"10":0,"11":1},"f":{"0":0,"1":0,"2":0,"3":0},"b":{"0":[0],"1":[0],"2":[0,0],"3":[0,0],"4":[0,0],"5":[0,0],"6":[0,0]},"_coverageSchema":"1a1c01bbd47fc00a2c39e90264f33305004495a9","hash":"8365bb8ec186dd7a341e14ad7993599ee0bff9a4"}
,"/Users/mayawright/Desktop/Projects/rate-my-kitty/components/buttons/voting-btn.tsx": {"path":"/Users/mayawright/Desktop/Projects/rate-my-kitty/components/buttons/voting-btn.tsx","statementMap":{"0":{"start":{"line":19,"column":33},"end":{"line":19,"column":48}},"1":{"start":{"line":20,"column":31},"end":{"line":20,"column":44}},"2":{"start":{"line":21,"column":19},"end":{"line":21,"column":21}},"3":{"start":{"line":22,"column":20},"end":{"line":22,"column":22}},"4":{"start":{"line":23,"column":23},"end":{"line":23,"column":25}},"5":{"start":{"line":26,"column":20},"end":{"line":26,"column":22}},"6":{"start":{"line":28,"column":2},"end":{"line":59,"column":4}},"7":{"start":{"line":62,"column":15},"end":{"line":117,"column":2}}},"fnMap":{"0":{"name":"VoteButton","decl":{"start":{"line":25,"column":24},"end":{"line":25,"column":34}},"loc":{"start":{"line":25,"column":75},"end":{"line":60,"column":1}},"line":25}},"branchMap":{},"s":{"0":1,"1":1,"2":1,"3":1,"4":1,"5":0,"6":0,"7":1},"f":{"0":0},"b":{},"_coverageSchema":"1a1c01bbd47fc00a2c39e90264f33305004495a9","hash":"06fb201ebc49e8e79fe2d08bb421a5846888c270"}
,"/Users/mayawright/Desktop/Projects/rate-my-kitty/components/buttons/__tests__/circular-btn.test.tsx": {"path":"/Users/mayawright/Desktop/Projects/rate-my-kitty/components/buttons/__tests__/circular-btn.test.tsx","statementMap":{"0":{"start":{"line":9,"column":2},"end":{"line":13,"column":4}},"1":{"start":{"line":16,"column":0},"end":{"line":20,"column":3}},"2":{"start":{"line":17,"column":2},"end":{"line":17,"column":45}},"3":{"start":{"line":19,"column":2},"end":{"line":19,"column":60}},"4":{"start":{"line":22,"column":0},"end":{"line":26,"column":3}},"5":{"start":{"line":23,"column":2},"end":{"line":23,"column":32}},"6":{"start":{"line":25,"column":2},"end":{"line":25,"column":63}},"7":{"start":{"line":28,"column":0},"end":{"line":35,"column":3}},"8":{"start":{"line":29,"column":2},"end":{"line":29,"column":65}},"9":{"start":{"line":31,"column":16},"end":{"line":31,"column":40}},"10":{"start":{"line":32,"column":20},"end":{"line":32,"column":57}},"11":{"start":{"line":34,"column":2},"end":{"line":34,"column":39}},"12":{"start":{"line":37,"column":0},"end":{"line":44,"column":3}},"13":{"start":{"line":38,"column":2},"end":{"line":38,"column":45}},"14":{"start":{"line":40,"column":16},"end":{"line":40,"column":40}},"15":{"start":{"line":41,"column":20},"end":{"line":41,"column":57}},"16":{"start":{"line":43,"column":2},"end":{"line":43,"column":42}},"17":{"start":{"line":46,"column":0},"end":{"line":53,"column":3}},"18":{"start":{"line":47,"column":2},"end":{"line":47,"column":68}},"19":{"start":{"line":49,"column":16},"end":{"line":49,"column":40}},"20":{"start":{"line":50,"column":20},"end":{"line":50,"column":57}},"21":{"start":{"line":52,"column":2},"end":{"line":52,"column":42}},"22":{"start":{"line":55,"column":0},"end":{"line":63,"column":3}},"23":{"start":{"line":56,"column":2},"end":{"line":58,"column":4}},"24":{"start":{"line":60,"column":15},"end":{"line":60,"column":62}},"25":{"start":{"line":62,"column":2},"end":{"line":62,"column":33}},"26":{"start":{"line":65,"column":0},"end":{"line":72,"column":3}},"27":{"start":{"line":66,"column":2},"end":{"line":66,"column":70}},"28":{"start":{"line":68,"column":22},"end":{"line":68,"column":69}},"29":{"start":{"line":69,"column":20},"end":{"line":69,"column":63}},"30":{"start":{"line":71,"column":2},"end":{"line":71,"column":49}},"31":{"start":{"line":74,"column":0},"end":{"line":85,"column":3}},"32":{"start":{"line":75,"column":17},"end":{"line":75,"column":26}},"33":{"start":{"line":77,"column":2},"end":{"line":77,"column":49}},"34":{"start":{"line":79,"column":20},"end":{"line":79,"column":54}},"35":{"start":{"line":81,"column":15},"end":{"line":81,"column":32}},"36":{"start":{"line":82,"column":2},"end":{"line":82,"column":30}},"37":{"start":{"line":84,"column":2},"end":{"line":84,"column":36}},"38":{"start":{"line":87,"column":0},"end":{"line":94,"column":3}},"39":{"start":{"line":88,"column":2},"end":{"line":88,"column":49}},"40":{"start":{"line":90,"column":22},"end":{"line":90,"column":69}},"41":{"start":{"line":91,"column":20},"end":{"line":91,"column":63}},"42":{"start":{"line":93,"column":2},"end":{"line":93,"column":38}},"43":{"start":{"line":96,"column":0},"end":{"line":103,"column":3}},"44":{"start":{"line":97,"column":2},"end":{"line":97,"column":50}},"45":{"start":{"line":99,"column":22},"end":{"line":99,"column":69}},"46":{"start":{"line":100,"column":20},"end":{"line":100,"column":63}},"47":{"start":{"line":102,"column":2},"end":{"line":102,"column":38}}},"fnMap":{"0":{"name":"RenderWithContext","decl":{"start":{"line":8,"column":9},"end":{"line":8,"column":26}},"loc":{"start":{"line":8,"column":72},"end":{"line":14,"column":1}},"line":8},"1":{"name":"(anonymous_1)","decl":{"start":{"line":16,"column":46},"end":{"line":16,"column":47}},"loc":{"start":{"line":16,"column":58},"end":{"line":20,"column":1}},"line":16},"2":{"name":"(anonymous_2)","decl":{"start":{"line":22,"column":66},"end":{"line":22,"column":67}},"loc":{"start":{"line":22,"column":78},"end":{"line":26,"column":1}},"line":22},"3":{"name":"(anonymous_3)","decl":{"start":{"line":28,"column":74},"end":{"line":28,"column":75}},"loc":{"start":{"line":28,"column":86},"end":{"line":35,"column":1}},"line":28},"4":{"name":"(anonymous_4)","decl":{"start":{"line":37,"column":82},"end":{"line":37,"column":83}},"loc":{"start":{"line":37,"column":94},"end":{"line":44,"column":1}},"line":37},"5":{"name":"(anonymous_5)","decl":{"start":{"line":46,"column":79},"end":{"line":46,"column":80}},"loc":{"start":{"line":46,"column":91},"end":{"line":53,"column":1}},"line":46},"6":{"name":"(anonymous_6)","decl":{"start":{"line":55,"column":55},"end":{"line":55,"column":56}},"loc":{"start":{"line":55,"column":67},"end":{"line":63,"column":1}},"line":55},"7":{"name":"(anonymous_7)","decl":{"start":{"line":65,"column":84},"end":{"line":65,"column":85}},"loc":{"start":{"line":65,"column":96},"end":{"line":72,"column":1}},"line":65},"8":{"name":"(anonymous_8)","decl":{"start":{"line":74,"column":55},"end":{"line":74,"column":56}},"loc":{"start":{"line":74,"column":67},"end":{"line":85,"column":1}},"line":74},"9":{"name":"(anonymous_9)","decl":{"start":{"line":87,"column":63},"end":{"line":87,"column":64}},"loc":{"start":{"line":87,"column":75},"end":{"line":94,"column":1}},"line":87},"10":{"name":"(anonymous_10)","decl":{"start":{"line":96,"column":65},"end":{"line":96,"column":66}},"loc":{"start":{"line":96,"column":77},"end":{"line":103,"column":1}},"line":96}},"branchMap":{},"s":{"0":0,"1":0,"2":0,"3":0,"4":0,"5":0,"6":0,"7":0,"8":0,"9":0,"10":0,"11":0,"12":0,"13":0,"14":0,"15":0,"16":0,"17":0,"18":0,"19":0,"20":0,"21":0,"22":0,"23":0,"24":0,"25":0,"26":0,"27":0,"28":0,"29":0,"30":0,"31":0,"32":0,"33":0,"34":0,"35":0,"36":0,"37":0,"38":0,"39":0,"40":0,"41":0,"42":0,"43":0,"44":0,"45":0,"46":0,"47":0},"f":{"0":0,"1":0,"2":0,"3":0,"4":0,"5":0,"6":0,"7":0,"8":0,"9":0,"10":0},"b":{}}
,"/Users/mayawright/Desktop/Projects/rate-my-kitty/components/buttons/__tests__/cta-btn.test.tsx": {"path":"/Users/mayawright/Desktop/Projects/rate-my-kitty/components/buttons/__tests__/cta-btn.test.tsx","statementMap":{"0":{"start":{"line":9,"column":2},"end":{"line":13,"column":4}},"1":{"start":{"line":16,"column":0},"end":{"line":21,"column":3}},"2":{"start":{"line":17,"column":17},"end":{"line":17,"column":26}},"3":{"start":{"line":18,"column":2},"end":{"line":18,"column":59}},"4":{"start":{"line":20,"column":2},"end":{"line":20,"column":61}},"5":{"start":{"line":23,"column":0},"end":{"line":40,"column":3}},"6":{"start":{"line":24,"column":17},"end":{"line":24,"column":26}},"7":{"start":{"line":25,"column":2},"end":{"line":35,"column":4}},"8":{"start":{"line":37,"column":15},"end":{"line":37,"column":49}},"9":{"start":{"line":39,"column":2},"end":{"line":39,"column":33}},"10":{"start":{"line":42,"column":0},"end":{"line":49,"column":3}},"11":{"start":{"line":43,"column":17},"end":{"line":43,"column":26}},"12":{"start":{"line":44,"column":2},"end":{"line":44,"column":59}},"13":{"start":{"line":46,"column":15},"end":{"line":46,"column":51}},"14":{"start":{"line":48,"column":2},"end":{"line":48,"column":37}},"15":{"start":{"line":51,"column":0},"end":{"line":61,"column":3}},"16":{"start":{"line":52,"column":17},"end":{"line":52,"column":26}},"17":{"start":{"line":53,"column":2},"end":{"line":53,"column":59}},"18":{"start":{"line":55,"column":17},"end":{"line":55,"column":46}},"19":{"start":{"line":57,"column":15},"end":{"line":57,"column":32}},"20":{"start":{"line":58,"column":2},"end":{"line":58,"column":27}},"21":{"start":{"line":60,"column":2},"end":{"line":60,"column":36}},"22":{"start":{"line":63,"column":0},"end":{"line":73,"column":3}},"23":{"start":{"line":64,"column":17},"end":{"line":64,"column":26}},"24":{"start":{"line":65,"column":2},"end":{"line":65,"column":70}},"25":{"start":{"line":67,"column":17},"end":{"line":67,"column":46}},"26":{"start":{"line":69,"column":15},"end":{"line":69,"column":32}},"27":{"start":{"line":70,"column":2},"end":{"line":70,"column":27}},"28":{"start":{"line":72,"column":2},"end":{"line":72,"column":40}},"29":{"start":{"line":75,"column":0},"end":{"line":83,"column":3}},"30":{"start":{"line":76,"column":17},"end":{"line":76,"column":26}},"31":{"start":{"line":77,"column":2},"end":{"line":77,"column":77}},"32":{"start":{"line":79,"column":17},"end":{"line":79,"column":46}},"33":{"start":{"line":80,"column":20},"end":{"line":80,"column":58}},"34":{"start":{"line":82,"column":2},"end":{"line":82,"column":41}},"35":{"start":{"line":85,"column":0},"end":{"line":93,"column":3}},"36":{"start":{"line":86,"column":17},"end":{"line":86,"column":26}},"37":{"start":{"line":87,"column":2},"end":{"line":87,"column":76}},"38":{"start":{"line":89,"column":17},"end":{"line":89,"column":46}},"39":{"start":{"line":90,"column":20},"end":{"line":90,"column":58}},"40":{"start":{"line":92,"column":2},"end":{"line":92,"column":45}}},"fnMap":{"0":{"name":"renderWithContext","decl":{"start":{"line":8,"column":9},"end":{"line":8,"column":26}},"loc":{"start":{"line":8,"column":72},"end":{"line":14,"column":1}},"line":8},"1":{"name":"(anonymous_1)","decl":{"start":{"line":16,"column":46},"end":{"line":16,"column":47}},"loc":{"start":{"line":16,"column":58},"end":{"line":21,"column":1}},"line":16},"2":{"name":"(anonymous_2)","decl":{"start":{"line":23,"column":45},"end":{"line":23,"column":46}},"loc":{"start":{"line":23,"column":57},"end":{"line":40,"column":1}},"line":23},"3":{"name":"(anonymous_3)","decl":{"start":{"line":42,"column":61},"end":{"line":42,"column":62}},"loc":{"start":{"line":42,"column":73},"end":{"line":49,"column":1}},"line":42},"4":{"name":"(anonymous_4)","decl":{"start":{"line":51,"column":41},"end":{"line":51,"column":42}},"loc":{"start":{"line":51,"column":53},"end":{"line":61,"column":1}},"line":51},"5":{"name":"(anonymous_5)","decl":{"start":{"line":63,"column":54},"end":{"line":63,"column":55}},"loc":{"start":{"line":63,"column":66},"end":{"line":73,"column":1}},"line":63},"6":{"name":"(anonymous_6)","decl":{"start":{"line":75,"column":64},"end":{"line":75,"column":65}},"loc":{"start":{"line":75,"column":76},"end":{"line":83,"column":1}},"line":75},"7":{"name":"(anonymous_7)","decl":{"start":{"line":85,"column":69},"end":{"line":85,"column":70}},"loc":{"start":{"line":85,"column":81},"end":{"line":93,"column":1}},"line":85}},"branchMap":{},"s":{"0":0,"1":0,"2":0,"3":0,"4":0,"5":0,"6":0,"7":0,"8":0,"9":0,"10":0,"11":0,"12":0,"13":0,"14":0,"15":0,"16":0,"17":0,"18":0,"19":0,"20":0,"21":0,"22":0,"23":0,"24":0,"25":0,"26":0,"27":0,"28":0,"29":0,"30":0,"31":0,"32":0,"33":0,"34":0,"35":0,"36":0,"37":0,"38":0,"39":0,"40":0},"f":{"0":0,"1":0,"2":0,"3":0,"4":0,"5":0,"6":0,"7":0},"b":{}}
,"/Users/mayawright/Desktop/Projects/rate-my-kitty/components/buttons/__tests__/favourite-icon-btn.test.tsx": {"path":"/Users/mayawright/Desktop/Projects/rate-my-kitty/components/buttons/__tests__/favourite-icon-btn.test.tsx","statementMap":{"0":{"start":{"line":7,"column":0},"end":{"line":17,"column":3}},"1":{"start":{"line":8,"column":17},"end":{"line":8,"column":26}},"2":{"start":{"line":9,"column":2},"end":{"line":9,"column":76}},"3":{"start":{"line":11,"column":30},"end":{"line":11,"column":73}},"4":{"start":{"line":13,"column":15},"end":{"line":13,"column":32}},"5":{"start":{"line":14,"column":2},"end":{"line":14,"column":40}},"6":{"start":{"line":16,"column":2},"end":{"line":16,"column":36}},"7":{"start":{"line":19,"column":0},"end":{"line":27,"column":3}},"8":{"start":{"line":20,"column":17},"end":{"line":20,"column":26}},"9":{"start":{"line":21,"column":2},"end":{"line":21,"column":76}},"10":{"start":{"line":23,"column":24},"end":{"line":23,"column":67}},"11":{"start":{"line":24,"column":29},"end":{"line":24,"column":67}},"12":{"start":{"line":26,"column":2},"end":{"line":26,"column":53}},"13":{"start":{"line":29,"column":0},"end":{"line":37,"column":3}},"14":{"start":{"line":30,"column":17},"end":{"line":30,"column":26}},"15":{"start":{"line":31,"column":2},"end":{"line":31,"column":77}},"16":{"start":{"line":33,"column":24},"end":{"line":33,"column":67}},"17":{"start":{"line":34,"column":29},"end":{"line":34,"column":67}},"18":{"start":{"line":36,"column":2},"end":{"line":36,"column":51}},"19":{"start":{"line":39,"column":0},"end":{"line":58,"column":3}},"20":{"start":{"line":40,"column":17},"end":{"line":40,"column":26}},"21":{"start":{"line":41,"column":2},"end":{"line":43,"column":4}},"22":{"start":{"line":45,"column":24},"end":{"line":45,"column":67}},"23":{"start":{"line":46,"column":20},"end":{"line":46,"column":65}},"24":{"start":{"line":48,"column":2},"end":{"line":57,"column":5}}},"fnMap":{"0":{"name":"(anonymous_0)","decl":{"start":{"line":7,"column":41},"end":{"line":7,"column":42}},"loc":{"start":{"line":7,"column":53},"end":{"line":17,"column":1}},"line":7},"1":{"name":"(anonymous_1)","decl":{"start":{"line":19,"column":84},"end":{"line":19,"column":85}},"loc":{"start":{"line":19,"column":96},"end":{"line":27,"column":1}},"line":19},"2":{"name":"(anonymous_2)","decl":{"start":{"line":29,"column":83},"end":{"line":29,"column":84}},"loc":{"start":{"line":29,"column":95},"end":{"line":37,"column":1}},"line":29},"3":{"name":"(anonymous_3)","decl":{"start":{"line":39,"column":65},"end":{"line":39,"column":66}},"loc":{"start":{"line":39,"column":77},"end":{"line":58,"column":1}},"line":39}},"branchMap":{},"s":{"0":0,"1":0,"2":0,"3":0,"4":0,"5":0,"6":0,"7":0,"8":0,"9":0,"10":0,"11":0,"12":0,"13":0,"14":0,"15":0,"16":0,"17":0,"18":0,"19":0,"20":0,"21":0,"22":0,"23":0,"24":0},"f":{"0":0,"1":0,"2":0,"3":0},"b":{}}
,"/Users/mayawright/Desktop/Projects/rate-my-kitty/components/buttons/__tests__/switch-btn.test.tsx": {"path":"/Users/mayawright/Desktop/Projects/rate-my-kitty/components/buttons/__tests__/switch-btn.test.tsx","statementMap":{"0":{"start":{"line":6,"column":0},"end":{"line":13,"column":3}},"1":{"start":{"line":7,"column":17},"end":{"line":7,"column":26}},"2":{"start":{"line":8,"column":2},"end":{"line":8,"column":61}},"3":{"start":{"line":10,"column":17},"end":{"line":10,"column":49}},"4":{"start":{"line":12,"column":2},"end":{"line":12,"column":35}},"5":{"start":{"line":15,"column":0},"end":{"line":24,"column":3}},"6":{"start":{"line":16,"column":17},"end":{"line":16,"column":26}},"7":{"start":{"line":17,"column":2},"end":{"line":17,"column":61}},"8":{"start":{"line":19,"column":20},"end":{"line":19,"column":52}},"9":{"start":{"line":20,"column":15},"end":{"line":20,"column":32}},"10":{"start":{"line":21,"column":2},"end":{"line":21,"column":30}},"11":{"start":{"line":23,"column":2},"end":{"line":23,"column":36}},"12":{"start":{"line":26,"column":0},"end":{"line":41,"column":3}},"13":{"start":{"line":27,"column":17},"end":{"line":27,"column":26}},"14":{"start":{"line":28,"column":2},"end":{"line":28,"column":62}},"15":{"start":{"line":30,"column":20},"end":{"line":30,"column":63}},"16":{"start":{"line":31,"column":20},"end":{"line":31,"column":61}},"17":{"start":{"line":33,"column":2},"end":{"line":40,"column":5}},"18":{"start":{"line":43,"column":0},"end":{"line":67,"column":3}},"19":{"start":{"line":44,"column":17},"end":{"line":44,"column":26}},"20":{"start":{"line":45,"column":2},"end":{"line":51,"column":4}},"21":{"start":{"line":53,"column":20},"end":{"line":53,"column":52}},"22":{"start":{"line":54,"column":20},"end":{"line":54,"column":61}},"23":{"start":{"line":56,"column":2},"end":{"line":66,"column":5}}},"fnMap":{"0":{"name":"(anonymous_0)","decl":{"start":{"line":6,"column":32},"end":{"line":6,"column":33}},"loc":{"start":{"line":6,"column":44},"end":{"line":13,"column":1}},"line":6},"1":{"name":"(anonymous_1)","decl":{"start":{"line":15,"column":44},"end":{"line":15,"column":45}},"loc":{"start":{"line":15,"column":56},"end":{"line":24,"column":1}},"line":15},"2":{"name":"(anonymous_2)","decl":{"start":{"line":26,"column":71},"end":{"line":26,"column":72}},"loc":{"start":{"line":26,"column":83},"end":{"line":41,"column":1}},"line":26},"3":{"name":"(anonymous_3)","decl":{"start":{"line":43,"column":64},"end":{"line":43,"column":65}},"loc":{"start":{"line":43,"column":76},"end":{"line":67,"column":1}},"line":43}},"branchMap":{},"s":{"0":0,"1":0,"2":0,"3":0,"4":0,"5":0,"6":0,"7":0,"8":0,"9":0,"10":0,"11":0,"12":0,"13":0,"14":0,"15":0,"16":0,"17":0,"18":0,"19":0,"20":0,"21":0,"22":0,"23":0},"f":{"0":0,"1":0,"2":0,"3":0},"b":{}}
,"/Users/mayawright/Desktop/Projects/rate-my-kitty/components/buttons/__tests__/voting-btn.test.tsx": {"path":"/Users/mayawright/Desktop/Projects/rate-my-kitty/components/buttons/__tests__/voting-btn.test.tsx","statementMap":{"0":{"start":{"line":5,"column":0},"end":{"line":20,"column":3}},"1":{"start":{"line":6,"column":27},"end":{"line":6,"column":36}},"2":{"start":{"line":7,"column":26},"end":{"line":7,"column":35}},"3":{"start":{"line":9,"column":2},"end":{"line":15,"column":4}},"4":{"start":{"line":17,"column":23},"end":{"line":17,"column":56}},"5":{"start":{"line":19,"column":2},"end":{"line":19,"column":41}}},"fnMap":{"0":{"name":"(anonymous_0)","decl":{"start":{"line":5,"column":36},"end":{"line":5,"column":37}},"loc":{"start":{"line":5,"column":48},"end":{"line":20,"column":1}},"line":5}},"branchMap":{},"s":{"0":0,"1":0,"2":0,"3":0,"4":0,"5":0},"f":{"0":0},"b":{}}
,"/Users/mayawright/Desktop/Projects/rate-my-kitty/components/cards/card.tsx": {"path":"/Users/mayawright/Desktop/Projects/rate-my-kitty/components/cards/card.tsx","statementMap":{"0":{"start":{"line":29,"column":28},"end":{"line":35,"column":1}},"1":{"start":{"line":46,"column":38},"end":{"line":46,"column":57}},"2":{"start":{"line":48,"column":2},"end":{"line":48,"column":61}},"3":{"start":{"line":48,"column":54},"end":{"line":48,"column":61}},"4":{"start":{"line":49,"column":2},"end":{"line":79,"column":4}},"5":{"start":{"line":82,"column":15},"end":{"line":89,"column":2}}},"fnMap":{"0":{"name":"Card","decl":{"start":{"line":37,"column":24},"end":{"line":37,"column":28}},"loc":{"start":{"line":45,"column":10},"end":{"line":80,"column":1}},"line":45}},"branchMap":{"0":{"loc":{"start":{"line":39,"column":2},"end":{"line":39,"column":22}},"type":"default-arg","locations":[{"start":{"line":39,"column":15},"end":{"line":39,"column":22}}],"line":39},"1":{"loc":{"start":{"line":40,"column":2},"end":{"line":40,"column":28}},"type":"default-arg","locations":[{"start":{"line":40,"column":20},"end":{"line":40,"column":28}}],"line":40},"2":{"loc":{"start":{"line":48,"column":2},"end":{"line":48,"column":61}},"type":"if","locations":[{"start":{"line":48,"column":2},"end":{"line":48,"column":61}},{"start":{},"end":{}}],"line":48},"3":{"loc":{"start":{"line":48,"column":8},"end":{"line":48,"column":51}},"type":"binary-expr","locations":[{"start":{"line":48,"column":8},"end":{"line":48,"column":16}},{"start":{"line":48,"column":20},"end":{"line":48,"column":35}},{"start":{"line":48,"column":39},"end":{"line":48,"column":51}}],"line":48},"4":{"loc":{"start":{"line":68,"column":7},"end":{"line":75,"column":7}},"type":"binary-expr","locations":[{"start":{"line":68,"column":7},"end":{"line":68,"column":22}},{"start":{"line":69,"column":8},"end":{"line":74,"column":10}}],"line":68}},"s":{"0":1,"1":0,"2":0,"3":0,"4":0,"5":1},"f":{"0":0},"b":{"0":[0],"1":[0],"2":[0,0],"3":[0,0,0],"4":[0,0]},"_coverageSchema":"1a1c01bbd47fc00a2c39e90264f33305004495a9","hash":"ca03a9da12964a7c7236dbcccc5005d41596b05e"}
,"/Users/mayawright/Desktop/Projects/rate-my-kitty/components/cards/gallery.tsx": {"path":"/Users/mayawright/Desktop/Projects/rate-my-kitty/components/cards/gallery.tsx","statementMap":{"0":{"start":{"line":17,"column":17},"end":{"line":17,"column":19}},"1":{"start":{"line":18,"column":27},"end":{"line":18,"column":29}},"2":{"start":{"line":19,"column":33},"end":{"line":19,"column":36}},"3":{"start":{"line":20,"column":25},"end":{"line":20,"column":26}},"4":{"start":{"line":21,"column":34},"end":{"line":21,"column":35}},"5":{"start":{"line":22,"column":32},"end":{"line":22,"column":34}},"6":{"start":{"line":49,"column":27},"end":{"line":49,"column":62}},"7":{"start":{"line":50,"column":20},"end":{"line":50,"column":41}},"8":{"start":{"line":52,"column":25},"end":{"line":52,"column":55}},"9":{"start":{"line":53,"column":21},"end":{"line":71,"column":48}},"10":{"start":{"line":54,"column":4},"end":{"line":56,"column":5}},"11":{"start":{"line":55,"column":6},"end":{"line":55,"column":15}},"12":{"start":{"line":58,"column":23},"end":{"line":60,"column":24}},"13":{"start":{"line":62,"column":4},"end":{"line":70,"column":6}},"14":{"start":{"line":73,"column":4},"end":{"line":73,"column":63}},"15":{"start":{"line":75,"column":22},"end":{"line":120,"column":3}},"16":{"start":{"line":77,"column":6},"end":{"line":77,"column":70}},"17":{"start":{"line":79,"column":6},"end":{"line":79,"column":66}},"18":{"start":{"line":81,"column":4},"end":{"line":119,"column":6}},"19":{"start":{"line":97,"column":25},"end":{"line":97,"column":57}},"20":{"start":{"line":122,"column":2},"end":{"line":137,"column":4}},"21":{"start":{"line":129,"column":30},"end":{"line":129,"column":37}},"22":{"start":{"line":140,"column":15},"end":{"line":160,"column":2}}},"fnMap":{"0":{"name":"Gallery","decl":{"start":{"line":37,"column":24},"end":{"line":37,"column":31}},"loc":{"start":{"line":48,"column":10},"end":{"line":138,"column":1}},"line":48},"1":{"name":"(anonymous_1)","decl":{"start":{"line":53,"column":29},"end":{"line":53,"column":30}},"loc":{"start":{"line":53,"column":35},"end":{"line":71,"column":3}},"line":53},"2":{"name":"(anonymous_2)","decl":{"start":{"line":75,"column":22},"end":{"line":75,"column":23}},"loc":{"start":{"line":75,"column":56},"end":{"line":120,"column":3}},"line":75},"3":{"name":"(anonymous_3)","decl":{"start":{"line":97,"column":19},"end":{"line":97,"column":20}},"loc":{"start":{"line":97,"column":25},"end":{"line":97,"column":57}},"line":97},"4":{"name":"(anonymous_4)","decl":{"start":{"line":129,"column":20},"end":{"line":129,"column":21}},"loc":{"start":{"line":129,"column":30},"end":{"line":129,"column":37}},"line":129}},"branchMap":{"0":{"loc":{"start":{"line":41,"column":2},"end":{"line":41,"column":31}},"type":"default-arg","locations":[{"start":{"line":41,"column":29},"end":{"line":41,"column":31}}],"line":41},"1":{"loc":{"start":{"line":54,"column":4},"end":{"line":56,"column":5}},"type":"if","locations":[{"start":{"line":54,"column":4},"end":{"line":56,"column":5}},{"start":{},"end":{}}],"line":54},"2":{"loc":{"start":{"line":58,"column":23},"end":{"line":60,"column":24}},"type":"cond-expr","locations":[{"start":{"line":59,"column":8},"end":{"line":59,"column":33}},{"start":{"line":60,"column":8},"end":{"line":60,"column":24}}],"line":58},"3":{"loc":{"start":{"line":77,"column":6},"end":{"line":77,"column":70}},"type":"binary-expr","locations":[{"start":{"line":77,"column":6},"end":{"line":77,"column":16}},{"start":{"line":77,"column":20},"end":{"line":77,"column":31}},{"start":{"line":77,"column":35},"end":{"line":77,"column":42}},{"start":{"line":77,"column":46},"end":{"line":77,"column":70}}],"line":77},"4":{"loc":{"start":{"line":79,"column":6},"end":{"line":79,"column":66}},"type":"binary-expr","locations":[{"start":{"line":79,"column":6},"end":{"line":79,"column":34}},{"start":{"line":79,"column":38},"end":{"line":79,"column":45}},{"start":{"line":79,"column":49},"end":{"line":79,"column":66}}],"line":79},"5":{"loc":{"start":{"line":87,"column":10},"end":{"line":92,"column":23}},"type":"cond-expr","locations":[{"start":{"line":88,"column":14},"end":{"line":91,"column":15}},{"start":{"line":92,"column":14},"end":{"line":92,"column":23}}],"line":87},"6":{"loc":{"start":{"line":98,"column":16},"end":{"line":98,"column":42}},"type":"cond-expr","locations":[{"start":{"line":98,"column":25},"end":{"line":98,"column":32}},{"start":{"line":98,"column":35},"end":{"line":98,"column":42}}],"line":98},"7":{"loc":{"start":{"line":101,"column":10},"end":{"line":101,"column":64}},"type":"cond-expr","locations":[{"start":{"line":101,"column":19},"end":{"line":101,"column":40}},{"start":{"line":101,"column":43},"end":{"line":101,"column":64}}],"line":101},"8":{"loc":{"start":{"line":102,"column":10},"end":{"line":107,"column":23}},"type":"cond-expr","locations":[{"start":{"line":103,"column":14},"end":{"line":106,"column":15}},{"start":{"line":107,"column":14},"end":{"line":107,"column":23}}],"line":102},"9":{"loc":{"start":{"line":110,"column":14},"end":{"line":114,"column":26}},"type":"cond-expr","locations":[{"start":{"line":111,"column":18},"end":{"line":111,"column":24}},{"start":{"line":112,"column":18},"end":{"line":114,"column":26}}],"line":110},"10":{"loc":{"start":{"line":110,"column":14},"end":{"line":110,"column":50}},"type":"binary-expr","locations":[{"start":{"line":110,"column":14},"end":{"line":110,"column":25}},{"start":{"line":110,"column":29},"end":{"line":110,"column":50}}],"line":110},"11":{"loc":{"start":{"line":112,"column":18},"end":{"line":114,"column":26}},"type":"cond-expr","locations":[{"start":{"line":113,"column":20},"end":{"line":113,"column":34}},{"start":{"line":114,"column":20},"end":{"line":114,"column":26}}],"line":112},"12":{"loc":{"start":{"line":115,"column":25},"end":{"line":115,"column":69}},"type":"cond-expr","locations":[{"start":{"line":115,"column":39},"end":{"line":115,"column":46}},{"start":{"line":115,"column":49},"end":{"line":115,"column":69}}],"line":115},"13":{"loc":{"start":{"line":115,"column":49},"end":{"line":115,"column":69}},"type":"cond-expr","locations":[{"start":{"line":115,"column":58},"end":{"line":115,"column":59}},{"start":{"line":115,"column":62},"end":{"line":115,"column":69}}],"line":115},"14":{"loc":{"start":{"line":132,"column":26},"end":{"line":132,"column":74}},"type":"cond-expr","locations":[{"start":{"line":132,"column":43},"end":{"line":132,"column":62}},{"start":{"line":132,"column":65},"end":{"line":132,"column":74}}],"line":132}},"s":{"0":1,"1":1,"2":1,"3":1,"4":1,"5":1,"6":0,"7":0,"8":0,"9":0,"10":0,"11":0,"12":0,"13":0,"14":0,"15":0,"16":0,"17":0,"18":0,"19":0,"20":0,"21":0,"22":1},"f":{"0":0,"1":0,"2":0,"3":0,"4":0},"b":{"0":[0],"1":[0,0],"2":[0,0],"3":[0,0,0,0],"4":[0,0,0],"5":[0,0],"6":[0,0],"7":[0,0],"8":[0,0],"9":[0,0],"10":[0,0],"11":[0,0],"12":[0,0],"13":[0,0],"14":[0,0]},"_coverageSchema":"1a1c01bbd47fc00a2c39e90264f33305004495a9","hash":"64267dde9e98090631de5fc1753ed940e41dc0eb"}
,"/Users/mayawright/Desktop/Projects/rate-my-kitty/components/cards/placeholder.tsx": {"path":"/Users/mayawright/Desktop/Projects/rate-my-kitty/components/cards/placeholder.tsx","statementMap":{"0":{"start":{"line":8,"column":28},"end":{"line":8,"column":82}},"1":{"start":{"line":25,"column":28},"end":{"line":25,"column":49}},"2":{"start":{"line":27,"column":2},"end":{"line":43,"column":4}},"3":{"start":{"line":46,"column":15},"end":{"line":58,"column":2}}},"fnMap":{"0":{"name":"CatPlaceholder","decl":{"start":{"line":24,"column":24},"end":{"line":24,"column":38}},"loc":{"start":{"line":24,"column":77},"end":{"line":44,"column":1}},"line":24}},"branchMap":{"0":{"loc":{"start":{"line":31,"column":16},"end":{"line":31,"column":53}},"type":"cond-expr","locations":[{"start":{"line":31,"column":25},"end":{"line":31,"column":31}},{"start":{"line":31,"column":34},"end":{"line":31,"column":53}}],"line":31}},"s":{"0":1,"1":1,"2":1,"3":1},"f":{"0":1},"b":{"0":[0,1]},"_coverageSchema":"1a1c01bbd47fc00a2c39e90264f33305004495a9","hash":"f64588c5b385b8a3c73fd2cc3f65bee5c1c27409"}
,"/Users/mayawright/Desktop/Projects/rate-my-kitty/components/cards/__tests__/card.test.tsx": {"path":"/Users/mayawright/Desktop/Projects/rate-my-kitty/components/cards/__tests__/card.test.tsx","statementMap":{"0":{"start":{"line":13,"column":2},"end":{"line":17,"column":4}},"1":{"start":{"line":20,"column":0},"end":{"line":30,"column":3}},"2":{"start":{"line":21,"column":19},"end":{"line":21,"column":40}},"3":{"start":{"line":23,"column":17},"end":{"line":25,"column":3}},"4":{"start":{"line":27,"column":23},"end":{"line":27,"column":51}},"5":{"start":{"line":29,"column":2},"end":{"line":29,"column":41}},"6":{"start":{"line":32,"column":0},"end":{"line":42,"column":3}},"7":{"start":{"line":33,"column":19},"end":{"line":33,"column":40}},"8":{"start":{"line":35,"column":17},"end":{"line":37,"column":3}},"9":{"start":{"line":39,"column":23},"end":{"line":39,"column":51}},"10":{"start":{"line":41,"column":2},"end":{"line":41,"column":41}},"11":{"start":{"line":44,"column":0},"end":{"line":57,"column":3}},"12":{"start":{"line":45,"column":26},"end":{"line":48,"column":3}},"13":{"start":{"line":50,"column":17},"end":{"line":52,"column":3}},"14":{"start":{"line":54,"column":30},"end":{"line":54,"column":73}},"15":{"start":{"line":56,"column":2},"end":{"line":56,"column":48}},"16":{"start":{"line":59,"column":0},"end":{"line":69,"column":3}},"17":{"start":{"line":60,"column":22},"end":{"line":60,"column":24}},"18":{"start":{"line":61,"column":17},"end":{"line":63,"column":3}},"19":{"start":{"line":65,"column":16},"end":{"line":65,"column":27}},"20":{"start":{"line":66,"column":20},"end":{"line":66,"column":66}},"21":{"start":{"line":68,"column":2},"end":{"line":68,"column":50}},"22":{"start":{"line":71,"column":0},"end":{"line":75,"column":3}},"23":{"start":{"line":72,"column":21},"end":{"line":72,"column":72}},"24":{"start":{"line":74,"column":2},"end":{"line":74,"column":30}}},"fnMap":{"0":{"name":"RenderWithContext","decl":{"start":{"line":12,"column":9},"end":{"line":12,"column":26}},"loc":{"start":{"line":12,"column":51},"end":{"line":18,"column":1}},"line":12},"1":{"name":"(anonymous_1)","decl":{"start":{"line":20,"column":58},"end":{"line":20,"column":59}},"loc":{"start":{"line":20,"column":70},"end":{"line":30,"column":1}},"line":20},"2":{"name":"(anonymous_2)","decl":{"start":{"line":32,"column":58},"end":{"line":32,"column":59}},"loc":{"start":{"line":32,"column":70},"end":{"line":42,"column":1}},"line":32},"3":{"name":"(anonymous_3)","decl":{"start":{"line":44,"column":100},"end":{"line":44,"column":101}},"loc":{"start":{"line":44,"column":112},"end":{"line":57,"column":1}},"line":44},"4":{"name":"(anonymous_4)","decl":{"start":{"line":59,"column":80},"end":{"line":59,"column":81}},"loc":{"start":{"line":59,"column":92},"end":{"line":69,"column":1}},"line":59},"5":{"name":"(anonymous_5)","decl":{"start":{"line":71,"column":85},"end":{"line":71,"column":86}},"loc":{"start":{"line":71,"column":97},"end":{"line":75,"column":1}},"line":71}},"branchMap":{"0":{"loc":{"start":{"line":66,"column":39},"end":{"line":66,"column":65}},"type":"binary-expr","locations":[{"start":{"line":66,"column":39},"end":{"line":66,"column":44}},{"start":{"line":66,"column":48},"end":{"line":66,"column":65}}],"line":66}},"s":{"0":0,"1":0,"2":0,"3":0,"4":0,"5":0,"6":0,"7":0,"8":0,"9":0,"10":0,"11":0,"12":0,"13":0,"14":0,"15":0,"16":0,"17":0,"18":0,"19":0,"20":0,"21":0,"22":0,"23":0,"24":0},"f":{"0":0,"1":0,"2":0,"3":0,"4":0,"5":0},"b":{"0":[0,0]}}
,"/Users/mayawright/Desktop/Projects/rate-my-kitty/components/cards/__tests__/gallery.test.tsx": {"path":"/Users/mayawright/Desktop/Projects/rate-my-kitty/components/cards/__tests__/gallery.test.tsx","statementMap":{"0":{"start":{"line":14,"column":2},"end":{"line":20,"column":4}},"1":{"start":{"line":23,"column":0},"end":{"line":35,"column":3}},"2":{"start":{"line":24,"column":2},"end":{"line":30,"column":14}},"3":{"start":{"line":32,"column":18},"end":{"line":32,"column":47}},"4":{"start":{"line":34,"column":2},"end":{"line":34,"column":36}},"5":{"start":{"line":37,"column":0},"end":{"line":48,"column":3}},"6":{"start":{"line":38,"column":2},"end":{"line":43,"column":14}},"7":{"start":{"line":45,"column":18},"end":{"line":45,"column":47}},"8":{"start":{"line":47,"column":2},"end":{"line":47,"column":36}},"9":{"start":{"line":50,"column":0},"end":{"line":61,"column":3}},"10":{"start":{"line":51,"column":2},"end":{"line":56,"column":14}},"11":{"start":{"line":58,"column":18},"end":{"line":58,"column":47}},"12":{"start":{"line":60,"column":2},"end":{"line":60,"column":36}},"13":{"start":{"line":63,"column":0},"end":{"line":78,"column":3}},"14":{"start":{"line":64,"column":28},"end":{"line":64,"column":37}},"15":{"start":{"line":66,"column":2},"end":{"line":71,"column":14}},"16":{"start":{"line":73,"column":26},"end":{"line":73,"column":69}},"17":{"start":{"line":75,"column":2},"end":{"line":75,"column":35}},"18":{"start":{"line":77,"column":2},"end":{"line":77,"column":66}},"19":{"start":{"line":80,"column":0},"end":{"line":92,"column":3}},"20":{"start":{"line":81,"column":2},"end":{"line":87,"column":14}},"21":{"start":{"line":89,"column":18},"end":{"line":89,"column":47}},"22":{"start":{"line":91,"column":2},"end":{"line":91,"column":36}},"23":{"start":{"line":94,"column":0},"end":{"line":114,"column":3}},"24":{"start":{"line":98,"column":25},"end":{"line":102,"column":3}},"25":{"start":{"line":104,"column":2},"end":{"line":109,"column":14}},"26":{"start":{"line":111,"column":18},"end":{"line":111,"column":47}},"27":{"start":{"line":113,"column":2},"end":{"line":113,"column":36}}},"fnMap":{"0":{"name":"RenderWithContext","decl":{"start":{"line":9,"column":9},"end":{"line":9,"column":26}},"loc":{"start":{"line":13,"column":2},"end":{"line":21,"column":1}},"line":13},"1":{"name":"(anonymous_1)","decl":{"start":{"line":23,"column":43},"end":{"line":23,"column":44}},"loc":{"start":{"line":23,"column":55},"end":{"line":35,"column":1}},"line":23},"2":{"name":"(anonymous_2)","decl":{"start":{"line":37,"column":55},"end":{"line":37,"column":56}},"loc":{"start":{"line":37,"column":67},"end":{"line":48,"column":1}},"line":37},"3":{"name":"(anonymous_3)","decl":{"start":{"line":50,"column":56},"end":{"line":50,"column":57}},"loc":{"start":{"line":50,"column":68},"end":{"line":61,"column":1}},"line":50},"4":{"name":"(anonymous_4)","decl":{"start":{"line":63,"column":71},"end":{"line":63,"column":72}},"loc":{"start":{"line":63,"column":83},"end":{"line":78,"column":1}},"line":63},"5":{"name":"(anonymous_5)","decl":{"start":{"line":80,"column":79},"end":{"line":80,"column":80}},"loc":{"start":{"line":80,"column":91},"end":{"line":92,"column":1}},"line":80},"6":{"name":"(anonymous_6)","decl":{"start":{"line":94,"column":77},"end":{"line":94,"column":78}},"loc":{"start":{"line":94,"column":89},"end":{"line":114,"column":1}},"line":94}},"branchMap":{"0":{"loc":{"start":{"line":12,"column":2},"end":{"line":12,"column":35}},"type":"default-arg","locations":[{"start":{"line":12,"column":17},"end":{"line":12,"column":35}}],"line":12}},"s":{"0":0,"1":0,"2":0,"3":0,"4":0,"5":0,"6":0,"7":0,"8":0,"9":0,"10":0,"11":0,"12":0,"13":0,"14":0,"15":0,"16":0,"17":0,"18":0,"19":0,"20":0,"21":0,"22":0,"23":0,"24":0,"25":0,"26":0,"27":0},"f":{"0":0,"1":0,"2":0,"3":0,"4":0,"5":0,"6":0},"b":{"0":[0]}}
,"/Users/mayawright/Desktop/Projects/rate-my-kitty/components/cards/__tests__/placeholder.test.tsx": {"path":"/Users/mayawright/Desktop/Projects/rate-my-kitty/components/cards/__tests__/placeholder.test.tsx","statementMap":{"0":{"start":{"line":5,"column":0},"end":{"line":16,"column":3}},"1":{"start":{"line":6,"column":16},"end":{"line":6,"column":26}},"2":{"start":{"line":7,"column":21},"end":{"line":7,"column":36}},"3":{"start":{"line":9,"column":22},"end":{"line":11,"column":3}},"4":{"start":{"line":13,"column":19},"end":{"line":13,"column":47}},"5":{"start":{"line":15,"column":2},"end":{"line":15,"column":37}},"6":{"start":{"line":18,"column":0},"end":{"line":29,"column":3}},"7":{"start":{"line":19,"column":16},"end":{"line":19,"column":26}},"8":{"start":{"line":20,"column":21},"end":{"line":20,"column":36}},"9":{"start":{"line":22,"column":22},"end":{"line":24,"column":3}},"10":{"start":{"line":26,"column":24},"end":{"line":26,"column":57}},"11":{"start":{"line":28,"column":2},"end":{"line":28,"column":42}},"12":{"start":{"line":31,"column":0},"end":{"line":45,"column":3}},"13":{"start":{"line":32,"column":16},"end":{"line":32,"column":26}},"14":{"start":{"line":33,"column":21},"end":{"line":33,"column":36}},"15":{"start":{"line":34,"column":17},"end":{"line":34,"column":25}},"16":{"start":{"line":35,"column":30},"end":{"line":35,"column":53}},"17":{"start":{"line":37,"column":22},"end":{"line":39,"column":3}},"18":{"start":{"line":42,"column":4},"end":{"line":42,"column":48}},"19":{"start":{"line":44,"column":2},"end":{"line":44,"column":76}}},"fnMap":{"0":{"name":"(anonymous_0)","decl":{"start":{"line":5,"column":46},"end":{"line":5,"column":47}},"loc":{"start":{"line":5,"column":58},"end":{"line":16,"column":1}},"line":5},"1":{"name":"(anonymous_1)","decl":{"start":{"line":18,"column":61},"end":{"line":18,"column":62}},"loc":{"start":{"line":18,"column":73},"end":{"line":29,"column":1}},"line":18},"2":{"name":"(anonymous_2)","decl":{"start":{"line":31,"column":71},"end":{"line":31,"column":72}},"loc":{"start":{"line":31,"column":83},"end":{"line":45,"column":1}},"line":31}},"branchMap":{},"s":{"0":0,"1":0,"2":0,"3":0,"4":0,"5":0,"6":0,"7":0,"8":0,"9":0,"10":0,"11":0,"12":0,"13":0,"14":0,"15":0,"16":0,"17":0,"18":0,"19":0},"f":{"0":0,"1":0,"2":0},"b":{}}
,"/Users/mayawright/Desktop/Projects/rate-my-kitty/components/headers/logo-header.tsx": {"path":"/Users/mayawright/Desktop/Projects/rate-my-kitty/components/headers/logo-header.tsx","statementMap":{"0":{"start":{"line":19,"column":18},"end":{"line":19,"column":42}},"1":{"start":{"line":21,"column":13},"end":{"line":21,"column":57}},"2":{"start":{"line":29,"column":2},"end":{"line":86,"column":4}},"3":{"start":{"line":90,"column":34},"end":{"line":90,"column":69}},"4":{"start":{"line":91,"column":31},"end":{"line":91,"column":36}},"5":{"start":{"line":92,"column":33},"end":{"line":92,"column":38}},"6":{"start":{"line":93,"column":33},"end":{"line":93,"column":36}},"7":{"start":{"line":94,"column":35},"end":{"line":94,"column":38}},"8":{"start":{"line":95,"column":24},"end":{"line":97,"column":30}},"9":{"start":{"line":98,"column":2},"end":{"line":123,"column":4}},"10":{"start":{"line":126,"column":15},"end":{"line":142,"column":2}}},"fnMap":{"0":{"name":"PurpleHeader","decl":{"start":{"line":23,"column":9},"end":{"line":23,"column":21}},"loc":{"start":{"line":28,"column":10},"end":{"line":87,"column":1}},"line":28},"1":{"name":"LogoHeader","decl":{"start":{"line":89,"column":24},"end":{"line":89,"column":34}},"loc":{"start":{"line":89,"column":37},"end":{"line":124,"column":1}},"line":89}},"branchMap":{"0":{"loc":{"start":{"line":35,"column":10},"end":{"line":35,"column":74}},"type":"cond-expr","locations":[{"start":{"line":35,"column":29},"end":{"line":35,"column":49}},{"start":{"line":35,"column":52},"end":{"line":35,"column":74}}],"line":35},"1":{"loc":{"start":{"line":95,"column":24},"end":{"line":97,"column":30}},"type":"cond-expr","locations":[{"start":{"line":96,"column":6},"end":{"line":96,"column":28}},{"start":{"line":97,"column":6},"end":{"line":97,"column":30}}],"line":95},"2":{"loc":{"start":{"line":114,"column":19},"end":{"line":116,"column":38}},"type":"cond-expr","locations":[{"start":{"line":115,"column":16},"end":{"line":115,"column":36}},{"start":{"line":116,"column":16},"end":{"line":116,"column":38}}],"line":114}},"s":{"0":1,"1":1,"2":1,"3":1,"4":1,"5":1,"6":1,"7":1,"8":1,"9":1,"10":1},"f":{"0":1,"1":1},"b":{"0":[1,0],"1":[1,0],"2":[1,0]},"_coverageSchema":"1a1c01bbd47fc00a2c39e90264f33305004495a9","hash":"f04be9b06fc9f2e8a8fe64fb3a27a5e4581f617e"}
,"/Users/mayawright/Desktop/Projects/rate-my-kitty/components/headers/title-header.tsx": {"path":"/Users/mayawright/Desktop/Projects/rate-my-kitty/components/headers/title-header.tsx","statementMap":{"0":{"start":{"line":8,"column":22},"end":{"line":8,"column":80}},"1":{"start":{"line":24,"column":23},"end":{"line":26,"column":4}},"2":{"start":{"line":29,"column":4},"end":{"line":39,"column":11}},"3":{"start":{"line":42,"column":2},"end":{"line":44,"column":3}},"4":{"start":{"line":43,"column":4},"end":{"line":43,"column":16}},"5":{"start":{"line":46,"column":2},"end":{"line":62,"column":4}},"6":{"start":{"line":65,"column":15},"end":{"line":91,"column":2}}},"fnMap":{"0":{"name":"CustomFont","decl":{"start":{"line":16,"column":24},"end":{"line":16,"column":34}},"loc":{"start":{"line":23,"column":10},"end":{"line":63,"column":1}},"line":23}},"branchMap":{"0":{"loc":{"start":{"line":33,"column":8},"end":{"line":33,"column":70}},"type":"cond-expr","locations":[{"start":{"line":33,"column":21},"end":{"line":33,"column":49}},{"start":{"line":33,"column":52},"end":{"line":33,"column":70}}],"line":33},"1":{"loc":{"start":{"line":34,"column":8},"end":{"line":34,"column":41}},"type":"cond-expr","locations":[{"start":{"line":34,"column":17},"end":{"line":34,"column":29}},{"start":{"line":34,"column":32},"end":{"line":34,"column":41}}],"line":34},"2":{"loc":{"start":{"line":42,"column":2},"end":{"line":44,"column":3}},"type":"if","locations":[{"start":{"line":42,"column":2},"end":{"line":44,"column":3}},{"start":{},"end":{}}],"line":42},"3":{"loc":{"start":{"line":56,"column":7},"end":{"line":60,"column":7}},"type":"binary-expr","locations":[{"start":{"line":56,"column":7},"end":{"line":56,"column":17}},{"start":{"line":57,"column":8},"end":{"line":59,"column":15}}],"line":56}},"s":{"0":2,"1":4,"2":4,"3":4,"4":2,"5":2,"6":2},"f":{"0":4},"b":{"0":[2,2],"1":[2,2],"2":[2,2],"3":[2,2]},"_coverageSchema":"1a1c01bbd47fc00a2c39e90264f33305004495a9","hash":"5054edca32cc3c1c6291a2680c0e664a7aa1fc58"}
,"/Users/mayawright/Desktop/Projects/rate-my-kitty/components/headers/__tests__/logo-header.test.tsx": {"path":"/Users/mayawright/Desktop/Projects/rate-my-kitty/components/headers/__tests__/logo-header.test.tsx","statementMap":{"0":{"start":{"line":10,"column":2},"end":{"line":14,"column":4}},"1":{"start":{"line":17,"column":0},"end":{"line":23,"column":3}},"2":{"start":{"line":18,"column":2},"end":{"line":18,"column":31}},"3":{"start":{"line":20,"column":21},"end":{"line":20,"column":54}},"4":{"start":{"line":22,"column":2},"end":{"line":22,"column":39}},"5":{"start":{"line":25,"column":0},"end":{"line":31,"column":3}},"6":{"start":{"line":26,"column":2},"end":{"line":26,"column":48}},"7":{"start":{"line":27,"column":30},"end":{"line":27,"column":74}},"8":{"start":{"line":28,"column":20},"end":{"line":28,"column":71}},"9":{"start":{"line":30,"column":2},"end":{"line":30,"column":37}}},"fnMap":{"0":{"name":"RenderWithContext","decl":{"start":{"line":9,"column":9},"end":{"line":9,"column":26}},"loc":{"start":{"line":9,"column":72},"end":{"line":15,"column":1}},"line":9},"1":{"name":"(anonymous_1)","decl":{"start":{"line":17,"column":33},"end":{"line":17,"column":34}},"loc":{"start":{"line":17,"column":45},"end":{"line":23,"column":1}},"line":17},"2":{"name":"(anonymous_2)","decl":{"start":{"line":25,"column":78},"end":{"line":25,"column":79}},"loc":{"start":{"line":25,"column":90},"end":{"line":31,"column":1}},"line":25}},"branchMap":{},"s":{"0":0,"1":0,"2":0,"3":0,"4":0,"5":0,"6":0,"7":0,"8":0,"9":0},"f":{"0":0,"1":0,"2":0},"b":{}}
,"/Users/mayawright/Desktop/Projects/rate-my-kitty/components/headers/__tests__/title-header.test.tsx": {"path":"/Users/mayawright/Desktop/Projects/rate-my-kitty/components/headers/__tests__/title-header.test.tsx","statementMap":{"0":{"start":{"line":7,"column":0},"end":{"line":23,"column":3}},"1":{"start":{"line":8,"column":2},"end":{"line":12,"column":4}},"2":{"start":{"line":14,"column":25},"end":{"line":14,"column":63}},"3":{"start":{"line":15,"column":20},"end":{"line":15,"column":66}},"4":{"start":{"line":17,"column":2},"end":{"line":22,"column":5}},"5":{"start":{"line":25,"column":0},"end":{"line":39,"column":3}},"6":{"start":{"line":26,"column":2},"end":{"line":34,"column":4}},"7":{"start":{"line":36,"column":21},"end":{"line":36,"column":65}},"8":{"start":{"line":38,"column":2},"end":{"line":38,"column":39}},"9":{"start":{"line":41,"column":0},"end":{"line":47,"column":3}},"10":{"start":{"line":42,"column":2},"end":{"line":44,"column":4}},"11":{"start":{"line":46,"column":2},"end":{"line":46,"column":60}}},"fnMap":{"0":{"name":"(anonymous_0)","decl":{"start":{"line":7,"column":53},"end":{"line":7,"column":54}},"loc":{"start":{"line":7,"column":65},"end":{"line":23,"column":1}},"line":7},"1":{"name":"(anonymous_1)","decl":{"start":{"line":25,"column":78},"end":{"line":25,"column":79}},"loc":{"start":{"line":25,"column":90},"end":{"line":39,"column":1}},"line":25},"2":{"name":"(anonymous_2)","decl":{"start":{"line":41,"column":44},"end":{"line":41,"column":45}},"loc":{"start":{"line":41,"column":56},"end":{"line":47,"column":1}},"line":41}},"branchMap":{},"s":{"0":0,"1":0,"2":0,"3":0,"4":0,"5":0,"6":0,"7":0,"8":0,"9":0,"10":0,"11":0},"f":{"0":0,"1":0,"2":0},"b":{}}
,"/Users/mayawright/Desktop/Projects/rate-my-kitty/components/loaders/cat-loader.tsx": {"path":"/Users/mayawright/Desktop/Projects/rate-my-kitty/components/loaders/cat-loader.tsx","statementMap":{"0":{"start":{"line":5,"column":2},"end":{"line":14,"column":4}},"1":{"start":{"line":17,"column":15},"end":{"line":26,"column":2}}},"fnMap":{"0":{"name":"CatLoader","decl":{"start":{"line":4,"column":24},"end":{"line":4,"column":33}},"loc":{"start":{"line":4,"column":36},"end":{"line":15,"column":1}},"line":4}},"branchMap":{},"s":{"0":0,"1":1},"f":{"0":0},"b":{},"_coverageSchema":"1a1c01bbd47fc00a2c39e90264f33305004495a9","hash":"1a25cfa2c8a146b44f813d77c2bc31da9cdc6336"}
,"/Users/mayawright/Desktop/Projects/rate-my-kitty/components/loaders/__tests__/cat-loader.test.tsx": {"path":"/Users/mayawright/Desktop/Projects/rate-my-kitty/components/loaders/__tests__/cat-loader.test.tsx","statementMap":{"0":{"start":{"line":5,"column":0},"end":{"line":11,"column":3}},"1":{"start":{"line":6,"column":2},"end":{"line":6,"column":30}},"2":{"start":{"line":8,"column":17},"end":{"line":8,"column":49}},"3":{"start":{"line":10,"column":2},"end":{"line":10,"column":35}}},"fnMap":{"0":{"name":"(anonymous_0)","decl":{"start":{"line":5,"column":32},"end":{"line":5,"column":33}},"loc":{"start":{"line":5,"column":44},"end":{"line":11,"column":1}},"line":5}},"branchMap":{},"s":{"0":0,"1":0,"2":0,"3":0},"f":{"0":0},"b":{}}
,"/Users/mayawright/Desktop/Projects/rate-my-kitty/components/upload/image-uploader.tsx": {"path":"/Users/mayawright/Desktop/Projects/rate-my-kitty/components/upload/image-uploader.tsx","statementMap":{"0":{"start":{"line":27,"column":13},"end":{"line":27,"column":68}},"1":{"start":{"line":35,"column":27},"end":{"line":35,"column":62}},"2":{"start":{"line":36,"column":28},"end":{"line":36,"column":57}},"3":{"start":{"line":37,"column":32},"end":{"line":39,"column":3}},"4":{"start":{"line":40,"column":23},"end":{"line":40,"column":50}},"5":{"start":{"line":42,"column":28},"end":{"line":42,"column":30}},"6":{"start":{"line":43,"column":28},"end":{"line":43,"column":30}},"7":{"start":{"line":45,"column":25},"end":{"line":50,"column":8}},"8":{"start":{"line":46,"column":4},"end":{"line":49,"column":5}},"9":{"start":{"line":47,"column":6},"end":{"line":47,"column":48}},"10":{"start":{"line":48,"column":6},"end":{"line":48,"column":34}},"11":{"start":{"line":52,"column":2},"end":{"line":58,"column":36}},"12":{"start":{"line":53,"column":4},"end":{"line":57,"column":5}},"13":{"start":{"line":54,"column":6},"end":{"line":54,"column":23}},"14":{"start":{"line":55,"column":6},"end":{"line":55,"column":21}},"15":{"start":{"line":56,"column":6},"end":{"line":56,"column":23}},"16":{"start":{"line":60,"column":2},"end":{"line":60,"column":52}},"17":{"start":{"line":60,"column":18},"end":{"line":60,"column":32}},"18":{"start":{"line":62,"column":24},"end":{"line":80,"column":3}},"19":{"start":{"line":64,"column":26},"end":{"line":64,"column":42}},"20":{"start":{"line":66,"column":8},"end":{"line":68,"column":27}},"21":{"start":{"line":70,"column":6},"end":{"line":70,"column":23}},"22":{"start":{"line":72,"column":6},"end":{"line":74,"column":7}},"23":{"start":{"line":73,"column":8},"end":{"line":73,"column":42}},"24":{"start":{"line":76,"column":6},"end":{"line":76,"column":27}},"25":{"start":{"line":77,"column":6},"end":{"line":77,"column":28}},"26":{"start":{"line":82,"column":20},"end":{"line":105,"column":3}},"27":{"start":{"line":84,"column":6},"end":{"line":84,"column":61}},"28":{"start":{"line":86,"column":4},"end":{"line":92,"column":5}},"29":{"start":{"line":87,"column":6},"end":{"line":90,"column":8}},"30":{"start":{"line":91,"column":6},"end":{"line":91,"column":13}},"31":{"start":{"line":94,"column":17},"end":{"line":99,"column":6}},"32":{"start":{"line":100,"column":4},"end":{"line":100,"column":35}},"33":{"start":{"line":102,"column":4},"end":{"line":104,"column":5}},"34":{"start":{"line":103,"column":6},"end":{"line":103,"column":28}},"35":{"start":{"line":107,"column":2},"end":{"line":157,"column":4}},"36":{"start":{"line":160,"column":15},"end":{"line":259,"column":2}}},"fnMap":{"0":{"name":"ImageUploader","decl":{"start":{"line":34,"column":24},"end":{"line":34,"column":37}},"loc":{"start":{"line":34,"column":72},"end":{"line":158,"column":1}},"line":34},"1":{"name":"(anonymous_1)","decl":{"start":{"line":45,"column":37},"end":{"line":45,"column":38}},"loc":{"start":{"line":45,"column":43},"end":{"line":50,"column":3}},"line":45},"2":{"name":"(anonymous_2)","decl":{"start":{"line":52,"column":12},"end":{"line":52,"column":13}},"loc":{"start":{"line":52,"column":18},"end":{"line":58,"column":3}},"line":52},"3":{"name":"(anonymous_3)","decl":{"start":{"line":60,"column":12},"end":{"line":60,"column":13}},"loc":{"start":{"line":60,"column":18},"end":{"line":60,"column":32}},"line":60},"4":{"name":"(anonymous_4)","decl":{"sta
[...]
,"/Users/mayawright/Desktop/Projects/rate-my-kitty/hooks/__tests__/useUploadImage.test.ts": {"path":"/Users/mayawright/Desktop/Projects/rate-my-kitty/hooks/__tests__/useUploadImage.test.ts","statementMap":{"0":{"start":{"line":7,"column":0},"end":{"line":9,"column":4}},"1":{"start":{"line":7,"column":30},"end":{"line":9,"column":1}},"2":{"start":{"line":11,"column":18},"end":{"line":15,"column":1}},"3":{"start":{"line":17,"column":0},"end":{"line":29,"column":3}},"4":{"start":{"line":18,"column":21},"end":{"line":18,"column":61}},"5":{"start":{"line":18,"column":44},"end":{"line":18,"column":60}},"6":{"start":{"line":20,"column":2},"end":{"line":22,"column":5}},"7":{"start":{"line":21,"column":4},"end":{"line":21,"column":39}},"8":{"start":{"line":24,"column":2},"end":{"line":26,"column":5}},"9":{"start":{"line":25,"column":4},"end":{"line":25,"column":41}},"10":{"start":{"line":28,"column":2},"end":{"line":28,"column":56}},"11":{"start":{"line":31,"column":0},"end":{"line":47,"column":3}},"12":{"start":{"line":32,"column":23},"end":{"line":32,"column":47}},"13":{"start":{"line":33,"column":24},"end":{"line":33,"column":59}},"14":{"start":{"line":34,"column":2},"end":{"line":34,"column":48}},"15":{"start":{"line":36,"column":21},"end":{"line":36,"column":61}},"16":{"start":{"line":36,"column":44},"end":{"line":36,"column":60}},"17":{"start":{"line":38,"column":2},"end":{"line":40,"column":5}},"18":{"start":{"line":39,"column":4},"end":{"line":39,"column":44}},"19":{"start":{"line":42,"column":2},"end":{"line":44,"column":5}},"20":{"start":{"line":43,"column":4},"end":{"line":43,"column":41}},"21":{"start":{"line":46,"column":2},"end":{"line":46,"column":69}},"22":{"start":{"line":49,"column":0},"end":{"line":63,"column":3}},"23":{"start":{"line":50,"column":2},"end":{"line":50,"column":51}},"24":{"start":{"line":52,"column":21},"end":{"line":52,"column":61}},"25":{"start":{"line":52,"column":44},"end":{"line":52,"column":60}},"26":{"start":{"line":54,"column":2},"end":{"line":56,"column":5}},"27":{"start":{"line":55,"column":4},"end":{"line":55,"column":44}},"28":{"start":{"line":58,"column":2},"end":{"line":60,"column":5}},"29":{"start":{"line":59,"column":4},"end":{"line":59,"column":41}},"30":{"start":{"line":62,"column":2},"end":{"line":62,"column":66}},"31":{"start":{"line":65,"column":0},"end":{"line":81,"column":3}},"32":{"start":{"line":66,"column":21},"end":{"line":66,"column":61}},"33":{"start":{"line":66,"column":44},"end":{"line":66,"column":60}},"34":{"start":{"line":68,"column":2},"end":{"line":70,"column":5}},"35":{"start":{"line":69,"column":4},"end":{"line":69,"column":44}},"36":{"start":{"line":72,"column":2},"end":{"line":74,"column":5}},"37":{"start":{"line":73,"column":4},"end":{"line":73,"column":41}},"38":{"start":{"line":76,"column":2},"end":{"line":78,"column":5}},"39":{"start":{"line":77,"column":4},"end":{"line":77,"column":32}},"40":{"start":{"line":80,"column":2},"end":{"line":80,"column":42}},"41":{"start":{"line":83,"column":0},"end":{"line":97,"column":3}},"42":{"start":{"line":84,"column":2},"end":{"line":84,"column":64}},"43":{"start":{"line":86,"column":21},"end":{"line":86,"column":61}},"44":{"start":{"line":86,"column":44},"end":{"line":86,"column":60}},"45":{"start":{"line":88,"column":2},"end":{"line":90,"column":5}},"46":{"start":{"line":89,"column":4},"end":{"line":89,"column":44}},"47":{"start":{"line":92,"column":2},"end":{"line":94,"column":5}},"48":{"start":{"line":93,"column":4},"end":{"line":93,"column":47}},"49":{"start":{"line":96,"column":2},"end":{"line":96,"column":42}},"50":{"start":{"line":99,"column":0},"end":{"line":113,"column":3}},"51":{"start":{"line":100,"column":2},"end":{"line":100,"column":64}},"52":{"start":{"line":102,"column":21},"end":{"line":102,"column":61}},"53":{"start":{"line":102,"column":44},"end":{"line":102,"column":60}},"54":{"start":{"line":104,"column":2},"end":{"line":106,"column":5}},"55":{"start":{"line":105,"column":4},"end":{"line":105,"column":44}},"56":{"start":{"line":108,"column":2},"end":{"line":110,"column":5}},"57":{"start":{"line":109,"column":4},"end":{"line":109,"column":47}},"58":{"start":{"line":112,"column":2},"end":{"line":112,"column":42}},"59":{"start":{"line":115,"column":0},"end":{"line":129,"column":3}},"60":{"start":{"line":116,"column":2},"end":{"line":116,"column":64}},"61":{"start":{"line":118,"column":21},"end":{"line":118,"column":61}},"62":{"start":{"line":118,"column":44},"end":{"line":118,"column":60}},"63":{"start":{"line":120,"column":2},"end":{"line":122,"column":5}},"64":{"start":{"line":121,"column":4},"end":{"line":121,"column":44}},"65":{"start":{"line":124,"column":2},"end":{"line":126,"column":5}},"66":{"start":{"line":125,"column":4},"end":{"line":125,"column":47}},"67":{"start":{"line":128,"column":2},"end":{"line":128,"column":53}},"68":{"start":{"line":131,"column":0},"end":{"line":145,"column":3}},"69":{"start":{"line":132,"column":2},"end":{"line":132,"column":75}},"70":{"start":{"line":134,"column":21},"end":{"line":134,"column":61}},"71":{"start":{"line":134,"column":44},"end":{"line":134,"column":60}},"72":{"start":{"line":136,"column":2},"end":{"line":138,"column":5}},"73":{"start":{"line":137,"column":4},"end":{"line":137,"column":44}},"74":{"start":{"line":140,"column":2},"end":{"line":142,"column":5}},"75":{"start":{"line":141,"column":4},"end":{"line":141,"column":47}},"76":{"start":{"line":144,"column":2},"end":{"line":144,"column":71}}},"fnMap":{"0":{"name":"(anonymous_0)","decl":{"start":{"line":7,"column":23},"end":{"line":7,"column":24}},"loc":{"start":{"line":7,"column":30},"end":{"line":9,"column":1}},"line":7},"1":{"name":"(anonymous_1)","decl":{"start":{"line":17,"column":75},"end":{"line":17,"column":76}},"loc":{"start":{"line":17,"column":87},"end":{"line":29,"column":1}},"line":17},"2":{"name":"(anonymous_2)","decl":{"start":{"line":18,"column":38},"end":{"line":18,"column":39}},"loc":{"start":{"line":18,"column":44},"end":{"line":18,"column":60}},"line":18},"3":{"name":"(anonymous_3)","decl":{"start":{"line":20,"column":12},"end":{"line":20,"column":13}},"loc":{"start":{"line":20,"column":24},"end":{"line":22,"column":3}},"line":20},"4":{"name":"(anonymous_4)","decl":{"start":{"line":24,"column":12},"end":{"line":24,"column":13}},"loc":{"start":{"line":24,"column":24},"end":{"line":26,"column":3}},"line":24},"5":{"name":"(anonymous_5)","decl":{"start":{"line":31,"column":78},"end":{"line":31,"column":79}},"loc":{"start":{"line":31,"column":90},"end":{"line":47,"column":1}},"line":31},"6":{"name":"(anonymous_6)","decl":{"start":{"line":36,"column":38},"end":{"line":36,"column":39}},"loc":{"start":{"line":36,"column":44},"end":{"line":36,"column":60}},"line":36},"7":{"name":"(anonymous_7)","decl":{"start":{"line":38,"column":12},"end":{"line":38,"column":13}},"loc":{"start":{"line":38,"column":24},"end":{"line":40,"column":3}},"line":38},"8":{"name":"(anonymous_8)","decl":{"start":{"line":42,"column":12},"end":{"line":42,"column":13}},"loc":{"start":{"line":42,"column":24},"end":{"line":44,"column":3}},"line":42},"9":{"name":"(anonymous_9)","decl":{"start":{"line":49,"column":99},"end":{"line":49,"column":100}},"loc":{"start":{"line":49,"column":111},"end":{"line":63,"column":1}},"line":49},"10":{"name":"(anonymous_10)","decl":{"start":{"line":52,"column":38},"end":{"line":52,"column":39}},"loc":{"start":{"line":52,"column":44},"end":{"line":52,"column":60}},"line":52},"11":{"name":"(anonymous_11)","decl":{"start":{"line":54,"column":12},"end":{"line":54,"column":13}},"loc":{"start":{"line":54,"column":24},"end":{"line":56,"column":3}},"line":54},"12":{"name":"(anonymous_12)","decl":{"start":{"line":58,"column":12},"end":{"line":58,"column":13}},"loc":{"start":{"line":58,"column":24},"end":{"line":60,"column":3}},"line":58},"13":{"name":"(anonymous_13)","decl":{"start":{"line":65,"column":63},"end":{"line":65,"column":64}},"loc":{"start":{"line":65,"column":75},"end":{"line":81,"column":1}},"line":65},"14":{"name":"(anonymous_14)","decl":{"start":{"line":66,"column":38},"end":{"line":66,"column":39}},"loc":{"start":{"line":66,"column":44},"end":{"line":66,"column":60}},"line":66},"15":{"name":"(anonymous_15)","decl":{"start":{"line":68,"column":12},"end":{"line":68,"column":13}},"loc":{"start":{"line":68,"column":24},"end":{"line":70,"column":3}},"line":68},"16":{"name":"(anonymous_16)","decl":{"start":{"line":72,"column":12},"end":{"line":72,"column":13}},"loc":{"start":{"line":72,"column":24},"end":{"line":74,"column":3}},"line":72},"17":{"name":"(anonymous_17)","decl":{"start":{"line":76,"column":12},"end":{"line":76,"column":13}},"loc":{"start":{"line":76,"column":24},"end":{"line":78,"column":3}},"line":76},"18":{"name":"(anonymous_18)","decl":{"start":{"line":83,"column":130},"end":{"line":83,"column":131}},"loc":{"start":{"line":83,"column":142},"end":{"line":97,"column":1}},"line":83},"19":{"name":"(anonymous_19)","decl":{"start":{"line":86,"column":38},"end":{"line":86,"column":39}},"loc":{"start":{"line":86,"column":44},"end":{"line":86,"column":60}},"line":86},"20":{"name":"(anonymous_20)","decl":{"start":{"line":88,"column":12},"end":{"line":88,"column":13}},"loc":{"start":{"line":88,"column":24},"end":{"line":90,"column":3}},"line":88},"21":{"name":"(anonymous_21)","decl":{"start":{"line":92,"column":12},"end":{"line":92,"column":13}},"loc":{"start":{"line":92,"column":24},"end":{"line":94,"column":3}},"line":92},"22":{"name":"(anonymous_22)","decl":{"start":{"line":99,"column":130},"end":{"line":99,"column":131}},"loc":{"start":{"line":99,"column":142},"end":{"line":113,"column":1}},"line":99},"23":{"name":"(anonymous_23)","decl":{"start":{"line":102,"column":38},"end":{"line":102,"column":39}},"loc":{"start":{"line":102,"column":44},"end":{"line":102,"column":60}},"line":102},"24":{"name":"(anonymous_24)","decl":{"start":{"line":104,"column":12},"end":{"line":104,"column":13}},"loc":{"start":{"line":104,"column":24},"end":{"line":106,"column":3}},"line":104},"25":{"name":"(anonymous_25)","decl":{"start":{"line":108,"column":12},"end":{"line":108,"column":13}},"loc":{"start":{"line":108,"column":24},"end":{"line":110,"column":3}},"line":108},"26":{"name":"(anonymous_26)","decl":{"start":{"line":115,"column":84},"end":{"line":115,"column":85}},"loc":{"start":{"line":115,"column":96},"end":{"line":129,"column":1}},"line":115},"27":{"name":"(anonymous_27)","decl":{"start":{"line":118,"column":38},"end":{"line":118,"column":39}},"loc":{"start":{"line":118,"column":44},"end":{"line":118,"column":60}},"line":118},"28":{"name":"(anonymous_28)","decl":{"start":{"line":120,"column":12},"end":{"line":120,"column":13}},"loc":{"start":{"line":120,"column":24},"end":{"line":122,"column":3}},"line":120},"29":{"name":"(anonymous_29)","decl":{"start":{"line":124,"column":12},"end":{"line":124,"column":13}},"loc":{"start":{"line":124,"column":24},"end":{"line":126,"column":3}},"line":124},"30":{"name":"(anonymous_30)","decl":{"start":{"line":131,"column":126},"end":{"line":131,"column":127}},"loc":{"start":{"line":131,"column":138},"end":{"line":145,"column":1}},"line":131},"31":{"name":"(anonymous_31)","decl":{"start":{"line":134,"column":38},"end":{"line":134,"column":39}},"loc":{"start":{"line":134,"column":44},"end":{"line":134,"column":60}},"line":134},"32":{"name":"(anonymous_32)","decl":{"start":{"line":136,"column":12},"end":{"line":136,"column":13}},"loc":{"start":{"line":136,"column":24},"end":{"line":138,"column":3}},"line":136},"33":{"name":"(anonymous_33)","decl":{"start":{"line":140,"column":12},"end":{"line":140,"column":13}},"loc":{"start":{"line":140,"column":24},"end":{"line":142,"column":3}},"line":140}},"branchMap":{},"s":{"0":0,"1":0,"2":0,"3":0,"4":0,"5":0,"6":0,"7":0,"8":0,"9":0,"10":0,"11":0,"12":0,"13":0,"14":0,"15":0,"16":0,"17":0,"18":0,"19":0,"20":0,"21":0,"22":0,"23":0,"24":0,"25":0,"26":0,"27":0,"28":0,"29":0,"30":0,"31":0,"32":0,"33":0,"34":0,"35":0,"36":0,"37":0,"38":0,"39":0,"40":0,"41":0,"42":0,"43":0,"44":0,"45":0,"46":0,"47":0,"48":0,"49":0,"50":0,"51":0,"52":0,"53":0,"54":0,"55":0,"56":0,"57":0,"58":0,"59":0,"60":0,"61":0,"62":0,"63":0,"64":0,"65":0,"66":0,"67":0,"68":0,"69":0,"70":0,"71":0,"72":0,"73":0,"74":0,"75":0,"76":0},"f":{"0":0,"1":0,"2":0,"3":0,"4":0,"5":0,"6":0,"7":0,"8":0,"9":0,"10":0,"11":0,"12":0,"13":0,"14":0,"15":0,"16":0,"17":0,"18":0,"19":0,"20":0,"21":0,"22":0,"23":0,"24":0,"25":0,"26":0,"27":0,"28":0,"29":0,"30":0,"31":0,"32":0,"33":0},"b":{}}
,"/Users/mayawright/Desktop/Projects/rate-my-kitty/hooks/__tests__/useVoting.test.tsx": {"path":"/Users/mayawright/Desktop/Projects/rate-my-kitty/hooks/__tests__/useVoting.test.tsx","statementMap":{"0":{"start":{"line":16,"column":2},"end":{"line":18,"column":4}},"1":{"start":{"line":21,"column":0},"end":{"line":40,"column":3}},"2":{"start":{"line":23,"column":22},"end":{"line":30,"column":3}},"3":{"start":{"line":32,"column":21},"end":{"line":36,"column":4}},"4":{"start":{"line":32,"column":44},"end":{"line":32,"column":64}},"5":{"start":{"line":34,"column":6},"end":{"line":34,"column":75}},"6":{"start":{"line":39,"column":2},"end":{"line":39,"column":39}},"7":{"start":{"line":42,"column":0},"end":{"line":59,"column":3}},"8":{"start":{"line":43,"column":22},"end":{"line":50,"column":3}},"9":{"start":{"line":52,"column":2},"end":{"line":56,"column":5}},"10":{"start":{"line":52,"column":25},"end":{"line":52,"column":45}},"11":{"start":{"line":54,"column":6},"end":{"line":54,"column":75}},"12":{"start":{"line":58,"column":2},"end":{"line":58,"column":55}},"13":{"start":{"line":61,"column":0},"end":{"line":79,"column":3}},"14":{"start":{"line":62,"column":22},"end":{"line":69,"column":3}},"15":{"start":{"line":71,"column":21},"end":{"line":75,"column":4}},"16":{"start":{"line":71,"column":44},"end":{"line":71,"column":64}},"17":{"start":{"line":73,"column":6},"end":{"line":73,"column":75}},"18":{"start":{"line":77,"column":2},"end":{"line":77,"column":26}},"19":{"start":{"line":78,"column":2},"end":{"line":78,"column":73}},"20":{"start":{"line":81,"column":0},"end":{"line":99,"column":3}},"21":{"start":{"line":82,"column":22},"end":{"line":89,"column":3}},"22":{"start":{"line":91,"column":21},"end":{"line":95,"column":4}},"23":{"start":{"line":91,"column":44},"end":{"line":91,"column":64}},"24":{"start":{"line":93,"column":6},"end":{"line":93,"column":75}},"25":{"start":{"line":97,"column":2},"end":{"line":97,"column":28}},"26":{"start":{"line":98,"column":2},"end":{"line":98,"column":73}},"27":{"start":{"line":101,"column":0},"end":{"line":115,"column":3}},"28":{"start":{"line":102,"column":22},"end":{"line":102,"column":26}},"29":{"start":{"line":104,"column":2},"end":{"line":104,"column":60}},"30":{"start":{"line":106,"column":2},"end":{"line":112,"column":68}},"31":{"start":{"line":107,"column":21},"end":{"line":107,"column":41}},"32":{"start":{"line":109,"column":8},"end":{"line":109,"column":77}},"33":{"start":{"line":114,"column":2},"end":{"line":114,"column":25}}},"fnMap":{"0":{"name":"RenderWithContext","decl":{"start":{"line":9,"column":9},"end":{"line":9,"column":26}},"loc":{"start":{"line":15,"column":3},"end":{"line":19,"column":1}},"line":15},"1":{"name":"(anonymous_1)","decl":{"start":{"line":21,"column":50},"end":{"line":21,"column":51}},"loc":{"start":{"line":21,"column":62},"end":{"line":40,"column":1}},"line":21},"2":{"name":"(anonymous_2)","decl":{"start":{"line":32,"column":38},"end":{"line":32,"column":39}},"loc":{"start":{"line":32,"column":44},"end":{"line":32,"column":64}},"line":32},"3":{"name":"(anonymous_3)","decl":{"start":{"line":33,"column":13},"end":{"line":33,"column":14}},"loc":{"start":{"line":34,"column":6},"end":{"line":34,"column":75}},"line":34},"4":{"name":"(anonymous_4)","decl":{"start":{"line":42,"column":43},"end":{"line":42,"column":44}},"loc":{"start":{"line":42,"column":55},"end":{"line":59,"column":1}},"line":42},"5":{"name":"(anonymous_5)","decl":{"start":{"line":52,"column":19},"end":{"line":52,"column":20}},"loc":{"start":{"line":52,"column":25},"end":{"line":52,"column":45}},"line":52},"6":{"name":"(anonymous_6)","decl":{"start":{"line":53,"column":13},"end":{"line":53,"column":14}},"loc":{"start":{"line":54,"column":6},"end":{"line":54,"column":75}},"line":54},"7":{"name":"(anonymous_7)","decl":{"start":{"line":61,"column":54},"end":{"line":61,"column":55}},"loc":{"start":{"line":61,"column":66},"end":{"line":79,"column":1}},"line":61},"8":{"name":"(anonymous_8)","decl":{"start":{"line":71,"column":38},"end":{"line":71,"column":39}},"loc":{"start":{"line":71,"column":44},"end":{"line":71,"column":64}},"line":71},"9":{"name":"(anonymous_9)","decl":{"start":{"line":72,"column":13},"end":{"line":72,"column":14}},"loc":{"start":{"line":73,"column":6},"end":{"line":73,"column":75}},"line":73},"10":{"name":"(anonymous_10)","decl":{"start":{"line":81,"column":56},"end":{"line":81,"column":57}},"loc":{"start":{"line":81,"column":68},"end":{"line":99,"column":1}},"line":81},"11":{"name":"(anonymous_11)","decl":{"start":{"line":91,"column":38},"end":{"line":91,"column":39}},"loc":{"start":{"line":91,"column":44},"end":{"line":91,"column":64}},"line":91},"12":{"name":"(anonymous_12)","decl":{"start":{"line":92,"column":13},"end":{"line":92,"column":14}},"loc":{"start":{"line":93,"column":6},"end":{"line":93,"column":75}},"line":93},"13":{"name":"(anonymous_13)","decl":{"start":{"line":101,"column":57},"end":{"line":101,"column":58}},"loc":{"start":{"line":101,"column":69},"end":{"line":115,"column":1}},"line":101},"14":{"name":"(anonymous_14)","decl":{"start":{"line":104,"column":50},"end":{"line":104,"column":51}},"loc":{"start":{"line":104,"column":56},"end":{"line":104,"column":58}},"line":104},"15":{"name":"(anonymous_15)","decl":{"start":{"line":107,"column":15},"end":{"line":107,"column":16}},"loc":{"start":{"line":107,"column":21},"end":{"line":107,"column":41}},"line":107},"16":{"name":"(anonymous_16)","decl":{"start":{"line":108,"column":15},"end":{"line":108,"column":16}},"loc":{"start":{"line":109,"column":8},"end":{"line":109,"column":77}},"line":109}},"branchMap":{},"s":{"0":0,"1":0,"2":0,"3":0,"4":0,"5":0,"6":0,"7":0,"8":0,"9":0,"10":0,"11":0,"12":0,"13":0,"14":0,"15":0,"16":0,"17":0,"18":0,"19":0,"20":0,"21":0,"22":0,"23":0,"24":0,"25":0,"26":0,"27":0,"28":0,"29":0,"30":0,"31":0,"32":0,"33":0},"f":{"0":0,"1":0,"2":0,"3":0,"4":0,"5":0,"6":0,"7":0,"8":0,"9":0,"10":0,"11":0,"12":0,"13":0,"14":0,"15":0,"16":0},"b":{}}
}
