<?xml version="1.0" encoding="UTF-8"?>
<coverage generated="1783367555389" clover="3.2.0">
  <project timestamp="1783367555389" name="All files">
    <metrics statements="60" coveredstatements="60" conditionals="36" coveredconditionals="36" methods="7" coveredmethods="7" elements="103" coveredelements="103" complexity="0" loc="60" ncloc="60" packages="8" files="31" classes="31"/>
    <package name="assets.images.badges">
      <metrics statements="10" coveredstatements="10" conditionals="0" coveredconditionals="0" methods="0" coveredmethods="0"/>
      <file name="badge-1.png" path="/Users/mayawright/Desktop/Projects/rate-my-kitty/assets/images/badges/badge-1.png">
        <metrics statements="1" coveredstatements="1" conditionals="0" coveredconditionals="0" methods="0" coveredmethods="0"/>
        <line num="1" count="1" type="stmt"/>
      </file>
      <file name="badge-10.png" path="/Users/mayawright/Desktop/Projects/rate-my-kitty/assets/images/badges/badge-10.png">
        <metrics statements="1" coveredstatements="1" conditionals="0" coveredconditionals="0" methods="0" coveredmethods="0"/>
        <line num="1" count="1" type="stmt"/>
      </file>
      <file name="badge-2.png" path="/Users/mayawright/Desktop/Projects/rate-my-kitty/assets/images/badges/badge-2.png">
        <metrics statements="1" coveredstatements="1" conditionals="0" coveredconditionals="0" methods="0" coveredmethods="0"/>
        <line num="1" count="1" type="stmt"/>
      </file>
      <file name="badge-3.png" path="/Users/mayawright/Desktop/Projects/rate-my-kitty/assets/images/badges/badge-3.png">
        <metrics statements="1" coveredstatements="1" conditionals="0" coveredconditionals="0" methods="0" coveredmethods="0"/>
        <line num="1" count="1" type="stmt"/>
      </file>
      <file name="badge-4.png" path="/Users/mayawright/Desktop/Projects/rate-my-kitty/assets/images/badges/badge-4.png">
        <metrics statements="1" coveredstatements="1" conditionals="0" coveredconditionals="0" methods="0" coveredmethods="0"/>
        <line num="1" count="1" type="stmt"/>
      </file>
      <file name="badge-5.png" path="/Users/mayawright/Desktop/Projects/rate-my-kitty/assets/images/badges/badge-5.png">
        <metrics statements="1" coveredstatements="1" conditionals="0" coveredconditionals="0" methods="0" coveredmethods="0"/>
        <line num="1" count="1" type="stmt"/>
      </file>
      <file name="badge-6.png" path="/Users/mayawright/Desktop/Projects/rate-my-kitty/assets/images/badges/badge-6.png">
        <metrics statements="1" coveredstatements="1" conditionals="0" coveredconditionals="0" methods="0" coveredmethods="0"/>
        <line num="1" count="1" type="stmt"/>
      </file>
      <file name="badge-7.png" path="/Users/mayawright/Desktop/Projects/rate-my-kitty/assets/images/badges/badge-7.png">
        <metrics statements="1" coveredstatements="1" conditionals="0" coveredconditionals="0" methods="0" coveredmethods="0"/>
        <line num="1" count="1" type="stmt"/>
      </file>
      <file name="badge-8.png" path="/Users/mayawright/Desktop/Projects/rate-my-kitty/assets/images/badges/badge-8.png">
        <metrics statements="1" coveredstatements="1" conditionals="0" coveredconditionals="0" methods="0" coveredmethods="0"/>
        <line num="1" count="1" type="stmt"/>
      </file>
      <file name="badge-9.png" path="/Users/mayawright/Desktop/Projects/rate-my-kitty/assets/images/badges/badge-9.png">
        <metrics statements="1" coveredstatements="1" conditionals="0" coveredconditionals="0" methods="0" coveredmethods="0"/>
        <line num="1" count="1" type="stmt"/>
      </file>
    </package>
    <package name="assets.images.cartoons">
      <metrics statements="10" coveredstatements="10" conditionals="0" coveredconditionals="0" methods="0" coveredmethods="0"/>
      <file name="cartoon-1.png" path="/Users/mayawright/Desktop/Projects/rate-my-kitty/assets/images/cartoons/cartoon-1.png">
        <metrics statements="1" coveredstatements="1" conditionals="0" coveredconditionals="0" methods="0" coveredmethods="0"/>
        <line num="1" count="1" type="stmt"/>
      </file>
      <file name="cartoon-10.png" path="/Users/mayawright/Desktop/Projects/rate-my-kitty/assets/images/cartoons/cartoon-10.png">
        <metrics statements="1" coveredstatements="1" conditionals="0" coveredconditionals="0" methods="0" coveredmethods="0"/>
        <line num="1" count="1" type="stmt"/>
      </file>
      <file name="cartoon-2.png" path="/Users/mayawright/Desktop/Projects/rate-my-kitty/assets/images/cartoons/cartoon-2.png">
        <metrics statements="1" coveredstatements="1" conditionals="0" coveredconditionals="0" methods="0" coveredmethods="0"/>
        <line num="1" count="1" type="stmt"/>
      </file>
      <file name="cartoon-3.png" path="/Users/mayawright/Desktop/Projects/rate-my-kitty/assets/images/cartoons/cartoon-3.png">
        <metrics statements="1" coveredstatements="1" conditionals="0" coveredconditionals="0" methods="0" coveredmethods="0"/>
        <line num="1" count="1" type="stmt"/>
      </file>
      <file name="cartoon-4.png" path="/Users/mayawright/Desktop/Projects/rate-my-kitty/assets/images/cartoons/cartoon-4.png">
        <metrics statements="1" coveredstatements="1" conditionals="0" coveredconditionals="0" methods="0" coveredmethods="0"/>
        <line num="1" count="1" type="stmt"/>
      </file>
      <file name="cartoon-5.png" path="/Users/mayawright/Desktop/Projects/rate-my-kitty/assets/images/cartoons/cartoon-5.png">
        <metrics statements="1" coveredstatements="1" conditionals="0" coveredconditionals="0" methods="0" coveredmethods="0"/>
        <line num="1" count="1" type="stmt"/>
      </file>
      <file name="cartoon-6.png" path="/Users/mayawright/Desktop/Projects/rate-my-kitty/assets/images/cartoons/cartoon-6.png">
        <metrics statements="1" coveredstatements="1" conditionals="0" coveredconditionals="0" methods="0" coveredmethods="0"/>
        <line num="1" count="1" type="stmt"/>
      </file>
      <file name="cartoon-7.png" path="/Users/mayawright/Desktop/Projects/rate-my-kitty/assets/images/cartoons/cartoon-7.png">
        <metrics statements="1" coveredstatements="1" conditionals="0" coveredconditionals="0" methods="0" coveredmethods="0"/>
        <line num="1" count="1" type="stmt"/>
      </file>
      <file name="cartoon-8.png" path="/Users/mayawright/Desktop/Projects/rate-my-kitty/assets/images/cartoons/cartoon-8.png">
        <metrics statements="1" coveredstatements="1" conditionals="0" coveredconditionals="0" methods="0" coveredmethods="0"/>
        <line num="1" count="1" type="stmt"/>
      </file>
      <file name="cartoon-9.png" path="/Users/mayawright/Desktop/Projects/rate-my-kitty/assets/images/cartoons/cartoon-9.png">
        <metrics statements="1" coveredstatements="1" conditionals="0" coveredconditionals="0" methods="0" coveredmethods="0"/>
        <line num="1" count="1" type="stmt"/>
      </file>
    </package>
    <package name="assets.images.sparcles">
      <metrics statements="1" coveredstatements="1" conditionals="0" coveredconditionals="0" methods="0" coveredmethods="0"/>
      <file name="sparcle-purple.png" path="/Users/mayawright/Desktop/Projects/rate-my-kitty/assets/images/sparcles/sparcle-purple.png">
        <metrics statements="1" coveredstatements="1" conditionals="0" coveredconditionals="0" methods="0" coveredmethods="0"/>
        <line num="1" count="2" type="stmt"/>
      </file>
    </package>
    <package name="components.buttons">
      <metrics statements="14" coveredstatements="14" conditionals="24" coveredconditionals="24" methods="3" coveredmethods="3"/>
      <file name="circular-btn.tsx" path="/Users/mayawright/Desktop/Projects/rate-my-kitty/components/buttons/circular-btn.tsx">
        <metrics statements="5" coveredstatements="5" conditionals="9" coveredconditionals="9" methods="1" coveredmethods="1"/>
        <line num="27" count="1" type="stmt"/>
        <line num="28" count="1" type="stmt"/>
        <line num="38" count="10" type="stmt"/>
        <line num="40" count="10" type="stmt"/>
        <line num="77" count="1" type="stmt"/>
      </file>
      <file name="cta-btn.tsx" path="/Users/mayawright/Desktop/Projects/rate-my-kitty/components/buttons/cta-btn.tsx">
        <metrics statements="3" coveredstatements="3" conditionals="6" coveredconditionals="6" methods="1" coveredmethods="1"/>
        <line num="30" count="7" type="stmt"/>
        <line num="32" count="7" type="stmt"/>
        <line num="59" count="1" type="stmt"/>
      </file>
      <file name="favourite-icon-btn.tsx" path="/Users/mayawright/Desktop/Projects/rate-my-kitty/components/buttons/favourite-icon-btn.tsx">
        <metrics statements="6" coveredstatements="6" conditionals="9" coveredconditionals="9" methods="1" coveredmethods="1"/>
        <line num="20" count="4" type="stmt"/>
        <line num="21" count="4" type="stmt"/>
        <line num="22" count="4" type="cond" truecount="2" falsecount="0"/>
        <line num="23" count="4" type="cond" truecount="2" falsecount="0"/>
        <line num="25" count="4" type="stmt"/>
        <line num="59" count="1" type="stmt"/>
      </file>
    </package>
    <package name="components.headers">
      <metrics statements="7" coveredstatements="7" conditionals="8" coveredconditionals="8" methods="1" coveredmethods="1"/>
      <file name="title-header.tsx" path="/Users/mayawright/Desktop/Projects/rate-my-kitty/components/headers/title-header.tsx">
        <metrics statements="7" coveredstatements="7" conditionals="8" coveredconditionals="8" methods="1" coveredmethods="1"/>
        <line num="8" count="2" type="stmt"/>
        <line num="24" count="18" type="stmt"/>
        <line num="29" count="18" type="stmt"/>
        <line num="42" count="18" type="cond" truecount="2" falsecount="0"/>
        <line num="43" count="14" type="stmt"/>
        <line num="46" count="4" type="stmt"/>
        <line num="65" count="2" type="stmt"/>
      </file>
    </package>
    <package name="constants">
      <metrics statements="8" coveredstatements="8" conditionals="0" coveredconditionals="0" methods="0" coveredmethods="0"/>
      <file name="colors.ts" path="/Users/mayawright/Desktop/Projects/rate-my-kitty/constants/colors.ts">
        <metrics statements="1" coveredstatements="1" conditionals="0" coveredconditionals="0" methods="0" coveredmethods="0"/>
        <line num="1" count="3" type="stmt"/>
      </file>
      <file name="styles.ts" path="/Users/mayawright/Desktop/Projects/rate-my-kitty/constants/styles.ts">
        <metrics statements="7" coveredstatements="7" conditionals="0" coveredconditionals="0" methods="0" coveredmethods="0"/>
        <line num="3" count="4" type="stmt"/>
        <line num="8" count="4" type="stmt"/>
        <line num="10" count="4" type="stmt"/>
        <line num="16" count="4" type="stmt"/>
        <line num="25" count="4" type="stmt"/>
        <line num="30" count="4" type="stmt"/>
        <line num="39" count="4" type="stmt"/>
      </file>
    </package>
    <package name="context">
      <metrics statements="1" coveredstatements="1" conditionals="0" coveredconditionals="0" methods="0" coveredmethods="0"/>
      <file name="screen-orientation-context.ts" path="/Users/mayawright/Desktop/Projects/rate-my-kitty/context/screen-orientation-context.ts">
        <metrics statements="1" coveredstatements="1" conditionals="0" coveredconditionals="0" methods="0" coveredmethods="0"/>
        <line num="3" count="2" type="stmt"/>
      </file>
    </package>
    <package name="helpers">
      <metrics statements="9" coveredstatements="9" conditionals="4" coveredconditionals="4" methods="3" coveredmethods="3"/>
      <file name="cartoon-generator.ts" path="/Users/mayawright/Desktop/Projects/rate-my-kitty/helpers/cartoon-generator.ts">
        <metrics statements="5" coveredstatements="5" conditionals="2" coveredconditionals="2" methods="1" coveredmethods="1"/>
        <line num="6" count="6" type="stmt"/>
        <line num="19" count="6" type="stmt"/>
        <line num="32" count="6" type="stmt"/>
        <line num="34" count="6" type="cond" truecount="2" falsecount="0"/>
        <line num="37" count="6" type="stmt"/>
      </file>
      <file name="score-calculator.ts" path="/Users/mayawright/Desktop/Projects/rate-my-kitty/helpers/score-calculator.ts">
        <metrics statements="3" coveredstatements="3" conditionals="2" coveredconditionals="2" methods="1" coveredmethods="1"/>
        <line num="2" count="5" type="stmt"/>
        <line num="3" count="5" type="cond" truecount="2" falsecount="0"/>
        <line num="4" count="4" type="stmt"/>
      </file>
      <file name="vote-calculator.ts" path="/Users/mayawright/Desktop/Projects/rate-my-kitty/helpers/vote-calculator.ts">
        <metrics statements="1" coveredstatements="1" conditionals="0" coveredconditionals="0" methods="1" coveredmethods="1"/>
        <line num="2" count="4" type="stmt"/>
      </file>
    </package>
  </project>
</coverage>
