{"/Users/mayawright/Desktop/Projects/rate-my-kitty/expo-env.d.ts": {"path":"/Users/mayawright/Desktop/Projects/rate-my-kitty/expo-env.d.ts","statementMap":{},"fnMap":{},"branchMap":{},"s":{},"f":{},"b":{}}
,"/Users/mayawright/Desktop/Projects/rate-my-kitty/api/api.ts": {"path":"/Users/mayawright/Desktop/Projects/rate-my-kitty/api/api.ts","statementMap":{"0":{"start":{"line":13,"column":26},"end":{"line":25,"column":1}},"1":{"start":{"line":14,"column":23},"end":{"line":14,"column":44}},"2":{"start":{"line":16,"column":2},"end":{"line":18,"column":3}},"3":{"start":{"line":17,"column":4},"end":{"line":17,"column":16}},"4":{"start":{"line":20,"column":2},"end":{"line":24,"column":3}},"5":{"start":{"line":21,"column":4},"end":{"line":21,"column":36}},"6":{"start":{"line":23,"column":4},"end":{"line":23,"column":24}},"7":{"start":{"line":27,"column":24},"end":{"line":39,"column":1}},"8":{"start":{"line":28,"column":23},"end":{"line":28,"column":51}},"9":{"start":{"line":30,"column":2},"end":{"line":32,"column":3}},"10":{"start":{"line":31,"column":4},"end":{"line":31,"column":32}},"11":{"start":{"line":34,"column":2},"end":{"line":36,"column":3}},"12":{"start":{"line":35,"column":4},"end":{"line":35,"column":16}},"13":{"start":{"line":38,"column":2},"end":{"line":38,"column":18}},"14":{"start":{"line":41,"column":34},"end":{"line":42,"column":41}},"15":{"start":{"line":42,"column":2},"end":{"line":42,"column":41}},"16":{"start":{"line":44,"column":27},"end":{"line":52,"column":1}},"17":{"start":{"line":45,"column":14},"end":{"line":45,"column":47}},"18":{"start":{"line":47,"column":2},"end":{"line":49,"column":3}},"19":{"start":{"line":48,"column":4},"end":{"line":48,"column":42}},"20":{"start":{"line":51,"column":2},"end":{"line":51,"column":24}},"21":{"start":{"line":54,"column":22},"end":{"line":62,"column":1}},"22":{"start":{"line":55,"column":14},"end":{"line":55,"column":42}},"23":{"start":{"line":57,"column":2},"end":{"line":59,"column":3}},"24":{"start":{"line":58,"column":4},"end":{"line":58,"column":42}},"25":{"start":{"line":61,"column":2},"end":{"line":61,"column":24}},"26":{"start":{"line":64,"column":30},"end":{"line":78,"column":1}},"27":{"start":{"line":68,"column":2},"end":{"line":71,"column":3}},"28":{"start":{"line":69,"column":4},"end":{"line":69,"column":39}},"29":{"start":{"line":70,"column":4},"end":{"line":70,"column":11}},"30":{"start":{"line":73,"column":2},"end":{"line":77,"column":12}},"31":{"start":{"line":80,"column":27},"end":{"line":110,"column":1}},"32":{"start":{"line":83,"column":19},"end":{"line":83,"column":33}},"33":{"start":{"line":85,"column":2},"end":{"line":85,"column":40}},"34":{"start":{"line":87,"column":2},"end":{"line":109,"column":3}},"35":{"start":{"line":88,"column":21},"end":{"line":94,"column":6}},"36":{"start":{"line":96,"column":15},"end":{"line":96,"column":48}},"37":{"start":{"line":98,"column":4},"end":{"line":103,"column":5}},"38":{"start":{"line":99,"column":6},"end":{"line":102,"column":8}},"39":{"start":{"line":105,"column":4},"end":{"line":105,"column":37}},"40":{"start":{"line":107,"column":4},"end":{"line":107,"column":21}},"41":{"start":{"line":108,"column":4},"end":{"line":108,"column":17}},"42":{"start":{"line":112,"column":30},"end":{"line":146,"column":1}},"43":{"start":{"line":113,"column":2},"end":{"line":145,"column":3}},"44":{"start":{"line":114,"column":21},"end":{"line":124,"column":6}},"45":{"start":{"line":126,"column":17},"end":{"line":126,"column":50}},"46":{"start":{"line":128,"column":4},"end":{"line":139,"column":5}},"47":{"start":{"line":129,"column":27},"end":{"line":132,"column":7}},"48":{"start":{"line":134,"column":6},"end":{"line":136,"column":7}},"49":{"start":{"line":135,"column":8},"end":{"line":135,"column":49}},"50":{"start":{"line":138,"column":6},"end":{"line":138,"column":36}},"51":{"start":{"line":141,"column":4},"end":{"line":141,"column":35}},"52":{"start":{"line":143,"column":4},"end":{"line":143,"column":21}},"53":{"start":{"line":144,"column":4},"end":{"line":144,"column":12}},"54":{"start":{"line":148,"column":29},"end":{"line":175,"column":1}},"55":{"start":{"line":149,"column":2},"end":{"line":174,"column":3}},"56":{"start":{"line":150,"column":21},"end":{"line":156,"column":6}},"57":{"start":{"line":158,"column":17},"end":{"line":158,"column":50}},"58":{"start":{"line":160,"column":4},"end":{"line":164,"column":5}},"59":{"start":{"line":161,"column":6},"end":{"line":163,"column":8}},"60":{"start":{"line":166,"column":4},"end":{"line":168,"column":5}},"61":{"start":{"line":167,"column":6},"end":{"line":167,"column":60}},"62":{"start":{"line":170,"column":4},"end":{"line":170,"column":31}},"63":{"start":{"line":172,"column":4},"end":{"line":172,"column":21}},"64":{"start":{"line":173,"column":4},"end":{"line":173,"column":12}},"65":{"start":{"line":177,"column":31},"end":{"line":200,"column":1}},"66":{"start":{"line":178,"column":2},"end":{"line":199,"column":3}},"67":{"start":{"line":179,"column":21},"end":{"line":185,"column":6}},"68":{"start":{"line":187,"column":17},"end":{"line":187,"column":50}},"69":{"start":{"line":189,"column":4},"end":{"line":193,"column":5}},"70":{"start":{"line":190,"column":6},"end":{"line":192,"column":8}},"71":{"start":{"line":195,"column":4},"end":{"line":195,"column":35}},"72":{"start":{"line":197,"column":4},"end":{"line":197,"column":21}},"73":{"start":{"line":198,"column":4},"end":{"line":198,"column":12}},"74":{"start":{"line":202,"column":35},"end":{"line":215,"column":1}},"75":{"start":{"line":203,"column":21},"end":{"line":203,"column":47}},"76":{"start":{"line":204,"column":28},"end":{"line":206,"column":3}},"77":{"start":{"line":205,"column":19},"end":{"line":205,"column":49}},"78":{"start":{"line":208,"column":2},"end":{"line":211,"column":3}},"79":{"start":{"line":209,"column":4},"end":{"line":209,"column":48}},"80":{"start":{"line":210,"column":4},"end":{"line":210,"column":34}},"81":{"start":{"line":213,"column":2},"end":{"line":213,"column":39}},"82":{"start":{"line":214,"column":2},"end":{"line":214,"column":31}},"83":{"start":{"line":217,"column":25},"end":{"line":249,"column":1}},"84":{"start":{"line":222,"column":2},"end":{"line":248,"column":3}},"85":{"start":{"line":223,"column":21},"end":{"line":234,"column":6}},"86":{"start":{"line":236,"column":17},"end":{"line":236,"column":50}},"87":{"start":{"line":238,"column":4},"end":{"line":242,"column":5}},"88":{"start":{"line":239,"column":6},"end":{"line":241,"column":8}},"89":{"start":{"line":244,"column":4},"end":{"line":244,"column":16}},"90":{"start":{"line":246,"column":4},"end":{"line":246,"column":21}},"91":{"start":{"line":247,"column":4},"end":{"line":247,"column":12}},"92":{"start":{"line":251,"column":24},"end":{"line":278,"column":1}},"93":{"start":{"line":252,"column":2},"end":{"line":277,"column":3}},"94":{"start":{"line":253,"column":21},"end":{"line":259,"column":6}},"95":{"start":{"line":261,"column":17},"end":{"line":261,"column":50}},"96":{"start":{"line":263,"column":4},"end":{"line":267,"column":5}},"97":{"start":{"line":264,"column":6},"end":{"line":266,"column":8}},"98":{"start":{"line":269,"column":4},"end":{"line":271,"column":5}},"99":{"start":{"line":270,"column":6},"end":{"line":270,"column":55}},"100":{"start":{"line":273,"column":4},"end":{"line":273,"column":26}},"101":{"start":{"line":275,"column":4},"end":{"line":275,"column":21}},"102":{"start":{"line":276,"column":4},"end":{"line":276,"column":12}},"103":{"start":{"line":280,"column":33},"end":{"line":286,"column":1}},"104":{"start":{"line":281,"column":16},"end":{"line":281,"column":37}},"105":{"start":{"line":283,"column":2},"end":{"line":285,"column":69}},"106":{"start":{"line":284,"column":22},"end":{"line":284,"column":47}},"107":{"start":{"line":285,"column":29},"end":{"line":285,"column":64}},"108":{"start":{"line":289,"column":2},"end":{"line":317,"column":3}},"109":{"start":{"line":290,"column":21},"end":{"line":299,"column":5}},"110":{"start":{"line":301,"column":17},"end":{"line":301,"column":50}},"111":{"start":{"line":303,"column":4},"end":{"line":307,"column":5}},"112":{"start":{"line":304,"column":6},"end":{"line":306,"column":8}},"113":{"start":{"line":309,"column":4},"end":{"line":311,"column":5}},"114":{"start":{"line":310,"column":6},"end":{"line":310,"column":64}},"115":{"start":{"line":313,"column":4},"end":{"line":313,"column":30}},"116":{"start":{"line":315,"column":4},"end":{"line":315,"column":21}},"117":{"start":{"line":316,"column":4},"end":{"line":316,"column":12}}},"fnMap":{"0":{"name":"(anonymous_0)","decl":{"start":{"line":13,"column":26},"end":{"line":13,"column":27}},"loc":{"start":{"line":13,"column":56},"end":{"line":25,"column":1}},"line":13},"1":{"name":"(anonymous_1)","decl":{"start":{"line":27,"column":24},"end":{"line":27,"column":25}},"loc":{"start":{"line":27,"column":61},"end":{"line":39,"column":1}},"line":27},"2":{"name":"(anonymous_2)","decl":{"start":{"line":41,"column":34},"end":{"line":41,"column":35}},"loc":{"start":{"line":42,"column":2},"end":{"line":42,"column":41}},"line":42},"3":{"name":"(anonymous_3)","decl":{"start":{"line":44,"column":27},"end":{"line":44,"column":28}},"loc":{"start":{"line":44,"column":47},"end":{"line":52,"column":1}},"line":44},"4":{"name":"(anonymous_4)","decl":{"start":{"line":54,"column":22},"end":{"line":54,"column":23}},"loc":{"start":{"line":54,"column":42},"end":{"line":62,"column":1}},"line":54},"5":{"name":"(anonymous_5)","decl":{"start":{"line":64,"column":30},"end":{"line":64,"column":31}},"loc":{"start":{"line":67,"column":5},"end":{"line":78,"column":1}},"line":67},"6":{"name":"(anonymous_6)","decl":{"start":{"line":80,"column":27},"end":{"line":80,"column":28}},"loc":{"start":{"line":82,"column":47},"end":{"line":110,"column":1}},"line":82},"7":{"name":"(anonymous_7)","decl":{"start":{"line":112,"column":30},"end":{"line":112,"column":31}},"loc":{"start":{"line":112,"column":73},"end":{"line":146,"column":1}},"line":112},"8":{"name":"(anonymous_8)","decl":{"start":{"line":148,"column":29},"end":{"line":148,"column":30}},"loc":{"start":{"line":148,"column":55},"end":{"line":175,"column":1}},"line":148},"9":{"name":"(anonymous_9)","decl":{"start":{"line":177,"column":31},"end":{"line":177,"column":32}},"loc":{"start":{"line":177,"column":62},"end":{"line":200,"column":1}},"line":177},"10":{"name":"(anonymous_10)","decl":{"start":{"line":202,"column":35},"end":{"line":202,"column":36}},"loc":{"start":{"line":202,"column":78},"end":{"line":215,"column":1}},"line":202},"11":{"name":"(anonymous_11)","decl":{"start":{"line":205,"column":4},"end":{"line":205,"column":5}},"loc":{"start":{"line":205,"column":19},"end":{"line":205,"column":49}},"line":205},"12":{"name":"(anonymous_12)","decl":{"start":{"line":217,"column":25},"end":{"line":217,"column":26}},"loc":{"start":{"line":221,"column":5},"end":{"line":249,"column":1}},"line":221},"13":{"name":"(anonymous_13)","decl":{"start":{"line":251,"column":24},"end":{"line":251,"column":25}},"loc":{"start":{"line":251,"column":50},"end":{"line":278,"column":1}},"line":251},"14":{"name":"(anonymous_14)","decl":{"start":{"line":280,"column":33},"end":{"line":280,"column":34}},"loc":{"start":{"line":280,"column":76},"end":{"line":286,"column":1}},"line":280},"15":{"name":"(anonymous_15)","decl":{"start":{"line":284,"column":12},"end":{"line":284,"column":13}},"loc":{"start":{"line":284,"column":22},"end":{"line":284,"column":47}},"line":284},"16":{"name":"(anonymous_16)","decl":{"start":{"line":285,"column":12},"end":{"line":285,"column":13}},"loc":{"start":{"line":285,"column":29},"end":{"line":285,"column":64}},"line":285},"17":{"name":"getUploadedImages","decl":{"start":{"line":288,"column":30},"end":{"line":288,"column":47}},"loc":{"start":{"line":288,"column":71},"end":{"line":318,"column":1}},"line":288}},"branchMap":{"0":{"loc":{"start":{"line":16,"column":2},"end":{"line":18,"column":3}},"type":"if","locations":[{"start":{"line":16,"column":2},"end":{"line":18,"column":3}},{"start":{},"end":{}}],"line":16},"1":{"loc":{"start":{"line":30,"column":2},"end":{"line":32,"column":3}},"type":"if","locations":[{"start":{"line":30,"column":2},"end":{"line":32,"column":3}},{"start":{},"end":{}}],"line":30},"2":{"loc":{"start":{"line":34,"column":2},"end":{"line":36,"column":3}},"type":"if","locations":[{"start":{"line":34,"column":2},"end":{"line":36,"column":3}},{"start":{},"end":{}}],"line":34},"3":{"loc":{"start":{"line":47,"column":2},"end":{"line":49,"column":3}},"type":"if","locations":[{"start":{"line":47,"column":2},"end":{"line":49,"column":3}},{"start":{},"end":{}}],"line":47},"4":{"loc":{"start":{"line":57,"column":2},"end":{"line":59,"column":3}},"type":"if","locations":[{"start":{"line":57,"column":2},"end":{"line":59,"column":3}},{"start":{},"end":{}}],"line":57},"5":{"loc":{"start":{"line":68,"column":2},"end":{"line":71,"column":3}},"type":"if","locations":[{"start":{"line":68,"column":2},"end":{"line":71,"column":3}},{"start":{},"end":{}}],"line":68},"6":{"loc":{"start":{"line":75,"column":10},"end":{"line":75,"column":36}},"type":"binary-expr","locations":[{"start":{"line":75,"column":10},"end":{"line":75,"column":23}},{"start":{"line":75,"column":27},"end":{"line":75,"column":36}}],"line":75},"7":{"loc":{"start":{"line":76,"column":10},"end":{"line":76,"column":39}},"type":"binary-expr","locations":[{"start":{"line":76,"column":10},"end":{"line":76,"column":23}},{"start":{"line":76,"column":27},"end":{"line":76,"column":39}}],"line":76},"8":{"loc":{"start":{"line":98,"column":4},"end":{"line":103,"column":5}},"type":"if","locations":[{"start":{"line":98,"column":4},"end":{"line":103,"column":5}},{"start":{},"end":{}}],"line":98},"9":{"loc":{"start":{"line":128,"column":4},"end":{"line":139,"column":5}},"type":"if","locations":[{"start":{"line":128,"column":4},"end":{"line":139,"column":5}},{"start":{},"end":{}}],"line":128},"10":{"loc":{"start":{"line":134,"column":6},"end":{"line":136,"column":7}},"type":"if","locations":[{"start":{"line":134,"column":6},"end":{"line":136,"column":7}},{"start":{},"end":{}}],"line":134},"11":{"loc":{"start":{"line":160,"column":4},"end":{"line":164,"column":5}},"type":"if","locations":[{"start":{"line":160,"column":4},"end":{"line":164,"column":5}},{"start":{},"end":{}}],"line":160},"12":{"loc":{"start":{"line":166,"column":4},"end":{"line":168,"column":5}},"type":"if","locations":[{"start":{"line":166,"column":4},"end":{"line":168,"column":5}},{"start":{},"end":{}}],"line":166},"13":{"loc":{"start":{"line":189,"column":4},"end":{"line":193,"column":5}},"type":"if","locations":[{"start":{"line":189,"column":4},"end":{"line":193,"column":5}},{"start":{},"end":{}}],"line":189},"14":{"loc":{"start":{"line":208,"column":2},"end":{"line":211,"column":3}},"type":"if","locations":[{"start":{"line":208,"column":2},"end":{"line":211,"column":3}},{"start":{},"end":{}}],"line":208},"15":{"loc":{"start":{"line":238,"column":4},"end":{"line":242,"column":5}},"type":"if","locations":[{"start":{"line":238,"column":4},"end":{"line":242,"column":5}},{"start":{},"end":{}}],"line":238},"16":{"loc":{"start":{"line":263,"column":4},"end":{"line":267,"column":5}},"type":"if","locations":[{"start":{"line":263,"column":4},"end":{"line":267,"column":5}},{"start":{},"end":{}}],"line":263},"17":{"loc":{"start":{"line":269,"column":4},"end":{"line":271,"column":5}},"type":"if","locations":[{"start":{"line":269,"column":4},"end":{"line":271,"column":5}},{"start":{},"end":{}}],"line":269},"18":{"loc":{"start":{"line":285,"column":38},"end":{"line":285,"column":63}},"type":"cond-expr","locations":[{"start":{"line":285,"column":57},"end":{"line":285,"column":58}},{"start":{"line":285,"column":61},"end":{"line":285,"column":63}}],"line":285},"19":{"loc":{"start":{"line":303,"column":4},"end":{"line":307,"column":5}},"type":"if","locations":[{"start":{"line":303,"column":4},"end":{"line":307,"column":5}},{"start":{},"end":{}}],"line":303},"20":{"loc":{"start":{"line":309,"column":4},"end":{"line":311,"column":5}},"type":"if","locations":[{"start":{"line":309,"column":4},"end":{"line":311,"column":5}},{"start":{},"end":{}}],"line":309}},"s":{"0":2,"1":0,"2":0,"3":0,"4":0,"5":0,"6":0,"7":2,"8":0,"9":0,"10":0,"11":0,"12":0,"13":0,"14":2,"15":0,"16":2,"17":0,"18":0,"19":0,"20":0,"21":2,"22":0,"23":0,"24":0,"25":0,"26":2,"27":0,"28":0,"29":0,"30":0,"31":2,"32":0,"33":0,"34":0,"35":0,"36":0,"37":0,"38":0,"39":0,"40":0,"41":0,"42":2,"43":0,"44":0,"45":0,"46":0,"47":0,"48":0,"49":0,"50":0,"51":0,"52":0,"53":0,"54":2,"55":0,"56":0,"57":0,"58":0,"59":0,"60":0,"61":0,"62":0,"63":0,"64":0,"65":2,"66":0,"67":0,"68":0,"69":0,"70":0,"71":0,"72":0,"73":0,"74":2,"75":0,"76":0,"77":0,"78":0,"79":0,"80":0,"81":0,"82":0,"83":2,"84":0,"85":0,"86":0,"87":0,"88":0,"89":0,"90":0,"91":0,"92":2,"93":0,"94":0,"95":0,"96":0,"97":0,"98":0,"99":0,"100":0,"101":0,"102":0,"103":2,"104":0,"105":0,"106":0,"107":0,"108":0,"109":0,"110":0,"111":0,"112":0,"113":0,"114":0,"115":0,"116":0,"117":0},"f":{"0":0,"1":0,"2":0,"3":0,"4":0,"5":0,"6":0,"7":0,"8":0,"9":0,"10":0,"11":0,"12":0,"13":0,"14":0,"15":0,"16":0,"17":0},"b":{"0":[0,0],"1":[0,0],"2":[0,0],"3":[0,0],"4":[0,0],"5":[0,0],"6":[0,0],"7":[0,0],"8":[0,0],"9":[0,0],"10":[0,0],"11":[0,0],"12":[0,0],"13":[0,0],"14":[0,0],"15":[0,0],"16":[0,0],"17":[0,0],"18":[0,0],"19":[0,0],"20":[0,0]},"_coverageSchema":"1a1c01bbd47fc00a2c39e90264f33305004495a9","hash":"d1cdfa84d6b0abea6523c5a37c5acb35cf2f3cfe"}
,"/Users/mayawright/Desktop/Projects/rate-my-kitty/components/backgrounds/image-background-screen.tsx": {"path":"/Users/mayawright/Desktop/Projects/rate-my-kitty/components/backgrounds/image-background-screen.tsx","statementMap":{"0":{"start":{"line":6,"column":26},"end":{"line":6,"column":99}},"1":{"start":{"line":27,"column":2},"end":{"line":37,"column":4}},"2":{"start":{"line":40,"column":15},"end":{"line":47,"column":2}}},"fnMap":{"0":{"name":"ImageBackgroundScreen","decl":{"start":{"line":22,"column":24},"end":{"line":22,"column":45}},"loc":{"start":{"line":26,"column":10},"end":{"line":38,"column":1}},"line":26}},"branchMap":{"0":{"loc":{"start":{"line":30,"column":16},"end":{"line":30,"column":51}},"type":"cond-expr","locations":[{"start":{"line":30,"column":25},"end":{"line":30,"column":31}},{"start":{"line":30,"column":34},"end":{"line":30,"column":51}}],"line":30}},"s":{"0":0,"1":0,"2":0},"f":{"0":0},"b":{"0":[0,0]}}
,"/Users/mayawright/Desktop/Projects/rate-my-kitty/components/buttons/circular-btn.tsx": {"path":"/Users/mayawright/Desktop/Projects/rate-my-kitty/components/buttons/circular-btn.tsx","statementMap":{"0":{"start":{"line":27,"column":30},"end":{"line":27,"column":35}},"1":{"start":{"line":28,"column":31},"end":{"line":28,"column":36}},"2":{"start":{"line":38,"column":27},"end":{"line":38,"column":62}},"3":{"start":{"line":40,"column":2},"end":{"line":74,"column":4}},"4":{"start":{"line":77,"column":15},"end":{"line":95,"column":2}}},"fnMap":{"0":{"name":"CircularBTN","decl":{"start":{"line":30,"column":24},"end":{"line":30,"column":35}},"loc":{"start":{"line":37,"column":10},"end":{"line":75,"column":1}},"line":37}},"branchMap":{"0":{"loc":{"start":{"line":36,"column":2},"end":{"line":36,"column":36}},"type":"default-arg","locations":[{"start":{"line":36,"column":20},"end":{"line":36,"column":36}}],"line":36},"1":{"loc":{"start":{"line":48,"column":19},"end":{"line":50,"column":38}},"type":"cond-expr","locations":[{"start":{"line":49,"column":16},"end":{"line":49,"column":37}},{"start":{"line":50,"column":16},"end":{"line":50,"column":38}}],"line":48},"2":{"loc":{"start":{"line":54,"column":9},"end":{"line":61,"column":9}},"type":"binary-expr","locations":[{"start":{"line":54,"column":9},"end":{"line":54,"column":13}},{"start":{"line":55,"column":10},"end":{"line":60,"column":12}}],"line":54},"3":{"loc":{"start":{"line":63,"column":7},"end":{"line":72,"column":7}},"type":"binary-expr","locations":[{"start":{"line":63,"column":7},"end":{"line":63,"column":12}},{"start":{"line":64,"column":8},"end":{"line":71,"column":15}}],"line":63},"4":{"loc":{"start":{"line":67,"column":21},"end":{"line":67,"column":62}},"type":"cond-expr","locations":[{"start":{"line":67,"column":34},"end":{"line":67,"column":44}},{"start":{"line":67,"column":47},"end":{"line":67,"column":62}}],"line":67}},"s":{"0":1,"1":1,"2":10,"3":10,"4":1},"f":{"0":10},"b":{"0":[9],"1":[1,9],"2":[10,1],"3":[10,5],"4":[1,4]},"_coverageSchema":"1a1c01bbd47fc00a2c39e90264f33305004495a9","hash":"d08a48a3762eb30cfc00d4e6e5c93c0b186dbf0b"}
,"/Users/mayawright/Desktop/Projects/rate-my-kitty/components/buttons/cta-btn.tsx": {"path":"/Users/mayawright/Desktop/Projects/rate-my-kitty/components/buttons/cta-btn.tsx","statementMap":{"0":{"start":{"line":30,"column":27},"end":{"line":30,"column":62}},"1":{"start":{"line":32,"column":2},"end":{"line":56,"column":4}},"2":{"start":{"line":59,"column":15},"end":{"line":79,"column":2}}},"fnMap":{"0":{"name":"CTA_BTN","decl":{"start":{"line":29,"column":24},"end":{"line":29,"column":31}},"loc":{"start":{"line":29,"column":77},"end":{"line":57,"column":1}},"line":29}},"branchMap":{"0":{"loc":{"start":{"line":39,"column":8},"end":{"line":39,"column":75}},"type":"cond-expr","locations":[{"start":{"line":39,"column":37},"end":{"line":39,"column":63}},{"start":{"line":39,"column":66},"end":{"line":39,"column":75}}],"line":39},"1":{"loc":{"start":{"line":40,"column":27},"end":{"line":40,"column":74}},"type":"cond-expr","locations":[{"start":{"line":40,"column":40},"end":{"line":40,"column":55}},{"start":{"line":40,"column":58},"end":{"line":40,"column":74}}],"line":40},"2":{"loc":{"start":{"line":43,"column":7},"end":{"line":51,"column":7}},"type":"binary-expr","locations":[{"start":{"line":43,"column":7},"end":{"line":43,"column":11}},{"start":{"line":44,"column":8},"end":{"line":50,"column":10}}],"line":43}},"s":{"0":7,"1":7,"2":1},"f":{"0":7},"b":{"0":[1,6],"1":[1,6],"2":[7,1]},"_coverageSchema":"1a1c01bbd47fc00a2c39e90264f33305004495a9","hash":"9d8e84a86fc220e412d6432678999f1363705372"}
,"/Users/mayawright/Desktop/Projects/rate-my-kitty/components/buttons/favourite-icon-btn.tsx": {"path":"/Users/mayawright/Desktop/Projects/rate-my-kitty/components/buttons/favourite-icon-btn.tsx","statementMap":{"0":{"start":{"line":20,"column":40},"end":{"line":20,"column":55}},"1":{"start":{"line":21,"column":42},"end":{"line":21,"column":59}},"2":{"start":{"line":22,"column":19},"end":{"line":22,"column":45}},"3":{"start":{"line":23,"column":19},"end":{"line":23,"column":58}},"4":{"start":{"line":25,"column":2},"end":{"line":56,"column":4}},"5":{"start":{"line":59,"column":15},"end":{"line":82,"column":2}}},"fnMap":{"0":{"name":"FavouriteIconButton","decl":{"start":{"line":14,"column":24},"end":{"line":14,"column":43}},"loc":{"start":{"line":19,"column":10},"end":{"line":57,"column":1}},"line":19}},"branchMap":{"0":{"loc":{"start":{"line":18,"column":2},"end":{"line":18,"column":16}},"type":"default-arg","locations":[{"start":{"line":18,"column":9},"end":{"line":18,"column":16}}],"line":18},"1":{"loc":{"start":{"line":22,"column":19},"end":{"line":22,"column":45}},"type":"cond-expr","locations":[{"start":{"line":22,"column":38},"end":{"line":22,"column":40}},{"start":{"line":22,"column":43},"end":{"line":22,"column":45}}],"line":22},"2":{"loc":{"start":{"line":23,"column":19},"end":{"line":23,"column":58}},"type":"cond-expr","locations":[{"start":{"line":23,"column":33},"end":{"line":23,"column":40}},{"start":{"line":23,"column":43},"end":{"line":23,"column":58}}],"line":23},"3":{"loc":{"start":{"line":29,"column":8},"end":{"line":31,"column":41}},"type":"cond-expr","locations":[{"start":{"line":30,"column":12},"end":{"line":30,"column":43}},{"start":{"line":31,"column":12},"end":{"line":31,"column":41}}],"line":29},"4":{"loc":{"start":{"line":38,"column":8},"end":{"line":40,"column":39}},"type":"cond-expr","locations":[{"start":{"line":39,"column":12},"end":{"line":39,"column":39}},{"start":{"line":40,"column":12},"end":{"line":40,"column":39}}],"line":38}},"s":{"0":4,"1":4,"2":4,"3":4,"4":4,"5":1},"f":{"0":4},"b":{"0":[3],"1":[1,3],"2":[2,2],"3":[2,2],"4":[1,3]},"_coverageSchema":"1a1c01bbd47fc00a2c39e90264f33305004495a9","hash":"b20ecbabdd995d5a941ea764854c93a5c1e9f823"}
,"/Users/mayawright/Desktop/Projects/rate-my-kitty/components/buttons/switch-btn.tsx": {"path":"/Users/mayawright/Desktop/Projects/rate-my-kitty/components/buttons/switch-btn.tsx","statementMap":{"0":{"start":{"line":27,"column":21},"end":{"line":27,"column":24}},"1":{"start":{"line":28,"column":22},"end":{"line":28,"column":24}},"2":{"start":{"line":29,"column":16},"end":{"line":29,"column":17}},"3":{"start":{"line":30,"column":25},"end":{"line":30,"column":57}},"4":{"start":{"line":39,"column":19},"end":{"line":39,"column":48}},"5":{"start":{"line":41,"column":2},"end":{"line":47,"column":24}},"6":{"start":{"line":42,"column":4},"end":{"line":46,"column":7}},"7":{"start":{"line":49,"column":25},"end":{"line":51,"column":5}},"8":{"start":{"line":49,"column":49},"end":{"line":51,"column":3}},"9":{"start":{"line":53,"column":2},"end":{"line":76,"column":4}},"10":{"start":{"line":56,"column":21},"end":{"line":56,"column":37}},"11":{"start":{"line":81,"column":15},"end":{"line":119,"column":2}}},"fnMap":{"0":{"name":"SwitchBTN","decl":{"start":{"line":32,"column":16},"end":{"line":32,"column":25}},"loc":{"start":{"line":38,"column":10},"end":{"line":77,"column":1}},"line":38},"1":{"name":"(anonymous_1)","decl":{"start":{"line":41,"column":12},"end":{"line":41,"column":13}},"loc":{"start":{"line":41,"column":18},"end":{"line":47,"column":3}},"line":41},"2":{"name":"(anonymous_2)","decl":{"start":{"line":49,"column":42},"end":{"line":49,"column":43}},"loc":{"start":{"line":49,"column":49},"end":{"line":51,"column":3}},"line":49},"3":{"name":"(anonymous_3)","decl":{"start":{"line":56,"column":15},"end":{"line":56,"column":16}},"loc":{"start":{"line":56,"column":21},"end":{"line":56,"column":37}},"line":56}},"branchMap":{"0":{"loc":{"start":{"line":35,"column":2},"end":{"line":35,"column":20}},"type":"default-arg","locations":[{"start":{"line":35,"column":14},"end":{"line":35,"column":20}}],"line":35},"1":{"loc":{"start":{"line":36,"column":2},"end":{"line":36,"column":21}},"type":"default-arg","locations":[{"start":{"line":36,"column":15},"end":{"line":36,"column":21}}],"line":36},"2":{"loc":{"start":{"line":39,"column":34},"end":{"line":39,"column":47}},"type":"cond-expr","locations":[{"start":{"line":39,"column":42},"end":{"line":39,"column":43}},{"start":{"line":39,"column":46},"end":{"line":39,"column":47}}],"line":39},"3":{"loc":{"start":{"line":42,"column":32},"end":{"line":42,"column":45}},"type":"cond-expr","locations":[{"start":{"line":42,"column":40},"end":{"line":42,"column":41}},{"start":{"line":42,"column":44},"end":{"line":42,"column":45}}],"line":42},"4":{"loc":{"start":{"line":57,"column":29},"end":{"line":57,"column":54}},"type":"cond-expr","locations":[{"start":{"line":57,"column":37},"end":{"line":57,"column":42}},{"start":{"line":57,"column":45},"end":{"line":57,"column":54}}],"line":57},"5":{"loc":{"start":{"line":67,"column":32},"end":{"line":67,"column":60}},"type":"binary-expr","locations":[{"start":{"line":67,"column":32},"end":{"line":67,"column":38}},{"start":{"line":67,"column":42},"end":{"line":67,"column":60}}],"line":67},"6":{"loc":{"start":{"line":71,"column":36},"end":{"line":71,"column":63}},"type":"binary-expr","locations":[{"start":{"line":71,"column":36},"end":{"line":71,"column":41}},{"start":{"line":71,"column":45},"end":{"line":71,"column":63}}],"line":71}},"s":{"0":1,"1":1,"2":1,"3":1,"4":4,"5":4,"6":4,"7":4,"8":12,"9":4,"10":1,"11":1},"f":{"0":4,"1":4,"2":12,"3":1},"b":{"0":[4],"1":[4],"2":[2,2],"3":[2,2],"4":[1,3],"5":[4,2],"6":[4,2]},"_coverageSchema":"1a1c01bbd47fc00a2c39e90264f33305004495a9","hash":"c34e182a07fedfd5edc28a646f07862370749898"}
,"/Users/mayawright/Desktop/Projects/rate-my-kitty/components/buttons/voting-btn.tsx": {"path":"/Users/mayawright/Desktop/Projects/rate-my-kitty/components/buttons/voting-btn.tsx","statementMap":{"0":{"start":{"line":19,"column":33},"end":{"line":19,"column":48}},"1":{"start":{"line":20,"column":31},"end":{"line":20,"column":44}},"2":{"start":{"line":21,"column":19},"end":{"line":21,"column":21}},"3":{"start":{"line":22,"column":20},"end":{"line":22,"column":22}},"4":{"start":{"line":23,"column":23},"end":{"line":23,"column":25}},"5":{"start":{"line":26,"column":20},"end":{"line":26,"column":22}},"6":{"start":{"line":28,"column":2},"end":{"line":59,"column":4}},"7":{"start":{"line":62,"column":15},"end":{"line":117,"column":2}}},"fnMap":{"0":{"name":"VoteButton","decl":{"start":{"line":25,"column":24},"end":{"line":25,"column":34}},"loc":{"start":{"line":25,"column":75},"end":{"line":60,"column":1}},"line":25}},"branchMap":{},"s":{"0":1,"1":1,"2":1,"3":1,"4":1,"5":1,"6":1,"7":1},"f":{"0":1},"b":{},"_coverageSchema":"1a1c01bbd47fc00a2c39e90264f33305004495a9","hash":"06fb201ebc49e8e79fe2d08bb421a5846888c270"}
,"/Users/mayawright/Desktop/Projects/rate-my-kitty/components/cards/card.tsx": {"path":"/Users/mayawright/Desktop/Projects/rate-my-kitty/components/cards/card.tsx","statementMap":{"0":{"start":{"line":30,"column":28},"end":{"line":36,"column":1}},"1":{"start":{"line":47,"column":38},"end":{"line":47,"column":57}},"2":{"start":{"line":49,"column":2},"end":{"line":82,"column":3}},"3":{"start":{"line":50,"column":4},"end":{"line":81,"column":6}},"4":{"start":{"line":85,"column":15},"end":{"line":92,"column":2}}},"fnMap":{"0":{"name":"Card","decl":{"start":{"line":38,"column":24},"end":{"line":38,"column":28}},"loc":{"start":{"line":46,"column":10},"end":{"line":83,"column":1}},"line":46}},"branchMap":{"0":{"loc":{"start":{"line":40,"column":2},"end":{"line":40,"column":22}},"type":"default-arg","locations":[{"start":{"line":40,"column":15},"end":{"line":40,"column":22}}],"line":40},"1":{"loc":{"start":{"line":41,"column":2},"end":{"line":41,"column":28}},"type":"default-arg","locations":[{"start":{"line":41,"column":20},"end":{"line":41,"column":28}}],"line":41},"2":{"loc":{"start":{"line":49,"column":2},"end":{"line":82,"column":3}},"type":"if","locations":[{"start":{"line":49,"column":2},"end":{"line":82,"column":3}},{"start":{},"end":{}}],"line":49},"3":{"loc":{"start":{"line":49,"column":6},"end":{"line":49,"column":49}},"type":"binary-expr","locations":[{"start":{"line":49,"column":6},"end":{"line":49,"column":14}},{"start":{"line":49,"column":18},"end":{"line":49,"column":33}},{"start":{"line":49,"column":37},"end":{"line":49,"column":49}}],"line":49},"4":{"loc":{"start":{"line":69,"column":9},"end":{"line":77,"column":9}},"type":"binary-expr","locations":[{"start":{"line":69,"column":9},"end":{"line":69,"column":24}},{"start":{"line":70,"column":10},"end":{"line":76,"column":12}}],"line":69}},"s":{"0":0,"1":0,"2":0,"3":0,"4":0},"f":{"0":0},"b":{"0":[0],"1":[0],"2":[0,0],"3":[0,0,0],"4":[0,0]}}
,"/Users/mayawright/Desktop/Projects/rate-my-kitty/components/cards/gallery.tsx": {"path":"/Users/mayawright/Desktop/Projects/rate-my-kitty/components/cards/gallery.tsx","statementMap":{"0":{"start":{"line":17,"column":17},"end":{"line":17,"column":19}},"1":{"start":{"line":18,"column":27},"end":{"line":18,"column":29}},"2":{"start":{"line":19,"column":33},"end":{"line":19,"column":36}},"3":{"start":{"line":20,"column":25},"end":{"line":20,"column":26}},"4":{"start":{"line":21,"column":34},"end":{"line":21,"column":35}},"5":{"start":{"line":22,"column":32},"end":{"line":22,"column":34}},"6":{"start":{"line":49,"column":27},"end":{"line":49,"column":62}},"7":{"start":{"line":50,"column":20},"end":{"line":50,"column":41}},"8":{"start":{"line":52,"column":25},"end":{"line":52,"column":55}},"9":{"start":{"line":53,"column":21},"end":{"line":71,"column":48}},"10":{"start":{"line":54,"column":4},"end":{"line":56,"column":5}},"11":{"start":{"line":55,"column":6},"end":{"line":55,"column":15}},"12":{"start":{"line":58,"column":23},"end":{"line":60,"column":24}},"13":{"start":{"line":62,"column":4},"end":{"line":70,"column":6}},"14":{"start":{"line":73,"column":4},"end":{"line":73,"column":63}},"15":{"start":{"line":75,"column":22},"end":{"line":123,"column":3}},"16":{"start":{"line":77,"column":6},"end":{"line":77,"column":70}},"17":{"start":{"line":79,"column":6},"end":{"line":79,"column":66}},"18":{"start":{"line":81,"column":4},"end":{"line":122,"column":6}},"19":{"start":{"line":100,"column":25},"end":{"line":100,"column":57}},"20":{"start":{"line":125,"column":2},"end":{"line":139,"column":4}},"21":{"start":{"line":131,"column":30},"end":{"line":131,"column":37}},"22":{"start":{"line":142,"column":15},"end":{"line":162,"column":2}}},"fnMap":{"0":{"name":"Gallery","decl":{"start":{"line":37,"column":24},"end":{"line":37,"column":31}},"loc":{"start":{"line":48,"column":10},"end":{"line":140,"column":1}},"line":48},"1":{"name":"(anonymous_1)","decl":{"start":{"line":53,"column":29},"end":{"line":53,"column":30}},"loc":{"start":{"line":53,"column":35},"end":{"line":71,"column":3}},"line":53},"2":{"name":"(anonymous_2)","decl":{"start":{"line":75,"column":22},"end":{"line":75,"column":23}},"loc":{"start":{"line":75,"column":56},"end":{"line":123,"column":3}},"line":75},"3":{"name":"(anonymous_3)","decl":{"start":{"line":100,"column":19},"end":{"line":100,"column":20}},"loc":{"start":{"line":100,"column":25},"end":{"line":100,"column":57}},"line":100},"4":{"name":"(anonymous_4)","decl":{"start":{"line":131,"column":20},"end":{"line":131,"column":21}},"loc":{"start":{"line":131,"column":30},"end":{"line":131,"column":37}},"line":131}},"branchMap":{"0":{"loc":{"start":{"line":41,"column":2},"end":{"line":41,"column":31}},"type":"default-arg","locations":[{"start":{"line":41,"column":29},"end":{"line":41,"column":31}}],"line":41},"1":{"loc":{"start":{"line":54,"column":4},"end":{"line":56,"column":5}},"type":"if","locations":[{"start":{"line":54,"column":4},"end":{"line":56,"column":5}},{"start":{},"end":{}}],"line":54},"2":{"loc":{"start":{"line":58,"column":23},"end":{"line":60,"column":24}},"type":"cond-expr","locations":[{"start":{"line":59,"column":8},"end":{"line":59,"column":33}},{"start":{"line":60,"column":8},"end":{"line":60,"column":24}}],"line":58},"3":{"loc":{"start":{"line":77,"column":6},"end":{"line":77,"column":70}},"type":"binary-expr","locations":[{"start":{"line":77,"column":6},"end":{"line":77,"column":16}},{"start":{"line":77,"column":20},"end":{"line":77,"column":31}},{"start":{"line":77,"column":35},"end":{"line":77,"column":42}},{"start":{"line":77,"column":46},"end":{"line":77,"column":70}}],"line":77},"4":{"loc":{"start":{"line":79,"column":6},"end":{"line":79,"column":66}},"type":"binary-expr","locations":[{"start":{"line":79,"column":6},"end":{"line":79,"column":34}},{"start":{"line":79,"column":38},"end":{"line":79,"column":45}},{"start":{"line":79,"column":49},"end":{"line":79,"column":66}}],"line":79},"5":{"loc":{"start":{"line":87,"column":10},"end":{"line":92,"column":23}},"type":"cond-expr","locations":[{"start":{"line":88,"column":14},"end":{"line":91,"column":15}},{"start":{"line":92,"column":14},"end":{"line":92,"column":23}}],"line":87},"6":{"loc":{"start":{"line":95,"column":30},"end":{"line":97,"column":31}},"type":"cond-expr","locations":[{"start":{"line":96,"column":14},"end":{"line":96,"column":33}},{"start":{"line":97,"column":14},"end":{"line":97,"column":31}}],"line":95},"7":{"loc":{"start":{"line":101,"column":16},"end":{"line":101,"column":42}},"type":"cond-expr","locations":[{"start":{"line":101,"column":25},"end":{"line":101,"column":32}},{"start":{"line":101,"column":35},"end":{"line":101,"column":42}}],"line":101},"8":{"loc":{"start":{"line":104,"column":10},"end":{"line":104,"column":64}},"type":"cond-expr","locations":[{"start":{"line":104,"column":19},"end":{"line":104,"column":40}},{"start":{"line":104,"column":43},"end":{"line":104,"column":64}}],"line":104},"9":{"loc":{"start":{"line":105,"column":10},"end":{"line":110,"column":23}},"type":"cond-expr","locations":[{"start":{"line":106,"column":14},"end":{"line":109,"column":15}},{"start":{"line":110,"column":14},"end":{"line":110,"column":23}}],"line":105},"10":{"loc":{"start":{"line":113,"column":14},"end":{"line":117,"column":26}},"type":"cond-expr","locations":[{"start":{"line":114,"column":18},"end":{"line":114,"column":24}},{"start":{"line":115,"column":18},"end":{"line":117,"column":26}}],"line":113},"11":{"loc":{"start":{"line":113,"column":14},"end":{"line":113,"column":50}},"type":"binary-expr","locations":[{"start":{"line":113,"column":14},"end":{"line":113,"column":25}},{"start":{"line":113,"column":29},"end":{"line":113,"column":50}}],"line":113},"12":{"loc":{"start":{"line":115,"column":18},"end":{"line":117,"column":26}},"type":"cond-expr","locations":[{"start":{"line":116,"column":20},"end":{"line":116,"column":34}},{"start":{"line":117,"column":20},"end":{"line":117,"column":26}}],"line":115},"13":{"loc":{"start":{"line":118,"column":25},"end":{"line":118,"column":69}},"type":"cond-expr","locations":[{"start":{"line":118,"column":39},"end":{"line":118,"column":46}},{"start":{"line":118,"column":49},"end":{"line":118,"column":69}}],"line":118},"14":{"loc":{"start":{"line":118,"column":49},"end":{"line":118,"column":69}},"type":"cond-expr","locations":[{"start":{"line":118,"column":58},"end":{"line":118,"column":59}},{"start":{"line":118,"column":62},"end":{"line":118,"column":69}}],"line":118},"15":{"loc":{"start":{"line":134,"column":26},"end":{"line":134,"column":74}},"type":"cond-expr","locations":[{"start":{"line":134,"column":43},"end":{"line":134,"column":62}},{"start":{"line":134,"column":65},"end":{"line":134,"column":74}}],"line":134}},"s":{"0":0,"1":0,"2":0,"3":0,"4":0,"5":0,"6":0,"7":0,"8":0,"9":0,"10":0,"11":0,"12":0,"13":0,"14":0,"15":0,"16":0,"17":0,"18":0,"19":0,"20":0,"21":0,"22":0},"f":{"0":0,"1":0,"2":0,"3":0,"4":0},"b":{"0":[0],"1":[0,0],"2":[0,0],"3":[0,0,0,0],"4":[0,0,0],"5":[0,0],"6":[0,0],"7":[0,0],"8":[0,0],"9":[0,0],"10":[0,0],"11":[0,0],"12":[0,0],"13":[0,0],"14":[0,0],"15":[0,0]}}
,"/Users/mayawright/Desktop/Projects/rate-my-kitty/components/cards/placeholder.tsx": {"path":"/Users/mayawright/Desktop/Projects/rate-my-kitty/components/cards/placeholder.tsx","statementMap":{"0":{"start":{"line":8,"column":28},"end":{"line":8,"column":82}},"1":{"start":{"line":25,"column":28},"end":{"line":25,"column":49}},"2":{"start":{"line":27,"column":2},"end":{"line":42,"column":4}},"3":{"start":{"line":45,"column":15},"end":{"line":57,"column":2}}},"fnMap":{"0":{"name":"CatPlaceholder","decl":{"start":{"line":24,"column":24},"end":{"line":24,"column":38}},"loc":{"start":{"line":24,"column":77},"end":{"line":43,"column":1}},"line":24}},"branchMap":{"0":{"loc":{"start":{"line":30,"column":16},"end":{"line":30,"column":53}},"type":"cond-expr","locations":[{"start":{"line":30,"column":25},"end":{"line":30,"column":31}},{"start":{"line":30,"column":34},"end":{"line":30,"column":53}}],"line":30}},"s":{"0":0,"1":0,"2":0,"3":0},"f":{"0":0},"b":{"0":[0,0]}}
,"/Users/mayawright/Desktop/Projects/rate-my-kitty/components/headers/logo-header.tsx": {"path":"/Users/mayawright/Desktop/Projects/rate-my-kitty/components/headers/logo-header.tsx","statementMap":{"0":{"start":{"line":19,"column":18},"end":{"line":19,"column":42}},"1":{"start":{"line":21,"column":13},"end":{"line":21,"column":57}},"2":{"start":{"line":29,"column":2},"end":{"line":86,"column":4}},"3":{"start":{"line":90,"column":34},"end":{"line":90,"column":69}},"4":{"start":{"line":91,"column":31},"end":{"line":91,"column":36}},"5":{"start":{"line":92,"column":33},"end":{"line":92,"column":38}},"6":{"start":{"line":93,"column":33},"end":{"line":93,"column":36}},"7":{"start":{"line":94,"column":35},"end":{"line":94,"column":38}},"8":{"start":{"line":95,"column":24},"end":{"line":97,"column":30}},"9":{"start":{"line":98,"column":2},"end":{"line":122,"column":4}},"10":{"start":{"line":125,"column":15},"end":{"line":141,"column":2}}},"fnMap":{"0":{"name":"PurpleHeader","decl":{"start":{"line":23,"column":9},"end":{"line":23,"column":21}},"loc":{"start":{"line":28,"column":10},"end":{"line":87,"column":1}},"line":28},"1":{"name":"LogoHeader","decl":{"start":{"line":89,"column":24},"end":{"line":89,"column":34}},"loc":{"start":{"line":89,"column":37},"end":{"line":123,"column":1}},"line":89}},"branchMap":{"0":{"loc":{"start":{"line":35,"column":10},"end":{"line":35,"column":74}},"type":"cond-expr","locations":[{"start":{"line":35,"column":29},"end":{"line":35,"column":49}},{"start":{"line":35,"column":52},"end":{"line":35,"column":74}}],"line":35},"1":{"loc":{"start":{"line":95,"column":24},"end":{"line":97,"column":30}},"type":"cond-expr","locations":[{"start":{"line":96,"column":6},"end":{"line":96,"column":28}},{"start":{"line":97,"column":6},"end":{"line":97,"column":30}}],"line":95},"2":{"loc":{"start":{"line":113,"column":19},"end":{"line":115,"column":38}},"type":"cond-expr","locations":[{"start":{"line":114,"column":16},"end":{"line":114,"column":36}},{"start":{"line":115,"column":16},"end":{"line":115,"column":38}}],"line":113}},"s":{"0":1,"1":1,"2":2,"3":2,"4":2,"5":2,"6":2,"7":2,"8":2,"9":2,"10":1},"f":{"0":2,"1":2},"b":{"0":[1,1],"1":[1,1],"2":[1,1]},"_coverageSchema":"1a1c01bbd47fc00a2c39e90264f33305004495a9","hash":"328cc4b46119af4441f2c722c0816592bb53bd9b"}
,"/Users/mayawright/Desktop/Projects/rate-my-kitty/components/headers/title-header.tsx": {"path":"/Users/mayawright/Desktop/Projects/rate-my-kitty/components/headers/title-header.tsx","statementMap":{"0":{"start":{"line":8,"column":22},"end":{"line":8,"column":80}},"1":{"start":{"line":24,"column":23},"end":{"line":26,"column":4}},"2":{"start":{"line":29,"column":4},"end":{"line":39,"column":11}},"3":{"start":{"line":42,"column":2},"end":{"line":44,"column":3}},"4":{"start":{"line":43,"column":4},"end":{"line":43,"column":16}},"5":{"start":{"line":46,"column":2},"end":{"line":62,"column":4}},"6":{"start":{"line":65,"column":15},"end":{"line":91,"column":2}}},"fnMap":{"0":{"name":"CustomFont","decl":{"start":{"line":16,"column":24},"end":{"line":16,"column":34}},"loc":{"start":{"line":23,"column":10},"end":{"line":63,"column":1}},"line":23}},"branchMap":{"0":{"loc":{"start":{"line":33,"column":8},"end":{"line":33,"column":70}},"type":"cond-expr","locations":[{"start":{"line":33,"column":21},"end":{"line":33,"column":49}},{"start":{"line":33,"column":52},"end":{"line":33,"column":70}}],"line":33},"1":{"loc":{"start":{"line":34,"column":8},"end":{"line":34,"column":41}},"type":"cond-expr","locations":[{"start":{"line":34,"column":17},"end":{"line":34,"column":29}},{"start":{"line":34,"column":32},"end":{"line":34,"column":41}}],"line":34},"2":{"loc":{"start":{"line":42,"column":2},"end":{"line":44,"column":3}},"type":"if","locations":[{"start":{"line":42,"column":2},"end":{"line":44,"column":3}},{"start":{},"end":{}}],"line":42},"3":{"loc":{"start":{"line":56,"column":7},"end":{"line":60,"column":7}},"type":"binary-expr","locations":[{"start":{"line":56,"column":7},"end":{"line":56,"column":17}},{"start":{"line":57,"column":8},"end":{"line":59,"column":15}}],"line":56}},"s":{"0":2,"1":20,"2":20,"3":20,"4":16,"5":4,"6":2},"f":{"0":20},"b":{"0":[10,10],"1":[4,16],"2":[16,4],"3":[4,2]},"_coverageSchema":"1a1c01bbd47fc00a2c39e90264f33305004495a9","hash":"5054edca32cc3c1c6291a2680c0e664a7aa1fc58"}
,"/Users/mayawright/Desktop/Projects/rate-my-kitty/components/loaders/cat-loader.tsx": {"path":"/Users/mayawright/Desktop/Projects/rate-my-kitty/components/loaders/cat-loader.tsx","statementMap":{"0":{"start":{"line":5,"column":2},"end":{"line":14,"column":4}},"1":{"start":{"line":17,"column":15},"end":{"line":26,"column":2}}},"fnMap":{"0":{"name":"CatLoader","decl":{"start":{"line":4,"column":24},"end":{"line":4,"column":33}},"loc":{"start":{"line":4,"column":36},"end":{"line":15,"column":1}},"line":4}},"branchMap":{},"s":{"0":1,"1":1},"f":{"0":1},"b":{},"_coverageSchema":"1a1c01bbd47fc00a2c39e90264f33305004495a9","hash":"1a25cfa2c8a146b44f813d77c2bc31da9cdc6336"}
,"/Users/mayawright/Desktop/Projects/rate-my-kitty/components/upload/image-uploader.tsx": {"path":"/Users/mayawright/Desktop/Projects/rate-my-kitty/components/upload/image-uploader.tsx","statementMap":{"0":{"start":{"line":27,"column":13},"end":{"line":27,"column":68}},"1":{"start":{"line":35,"column":27},"end":{"line":35,"column":62}},"2":{"start":{"line":36,"column":28},"end":{"line":36,"column":57}},"3":{"start":{"line":37,"column":32},"end":{"line":39,"column":3}},"4":{"start":{"line":40,"column":23},"end":{"line":40,"column":50}},"5":{"start":{"line":42,"column":28},"end":{"line":42,"column":30}},"6":{"start":{"line":43,"column":28},"end":{"line":43,"column":30}},"7":{"start":{"line":45,"column":25},"end":{"line":50,"column":8}},"8":{"start":{"line":46,"column":4},"end":{"line":49,"column":5}},"9":{"start":{"line":47,"column":6},"end":{"line":47,"column":48}},"10":{"start":{"line":48,"column":6},"end":{"line":48,"column":34}},"11":{"start":{"line":52,"column":2},"end":{"line":58,"column":36}},"12":{"start":{"line":53,"column":4},"end":{"line":57,"column":5}},"13":{"start":{"line":54,"column":6},"end":{"line":54,"column":23}},"14":{"start":{"line":55,"column":6},"end":{"line":55,"column":21}},"15":{"start":{"line":56,"column":6},"end":{"line":56,"column":23}},"16":{"start":{"line":60,"column":2},"end":{"line":60,"column":52}},"17":{"start":{"line":60,"column":18},"end":{"line":60,"column":32}},"18":{"start":{"line":62,"column":24},"end":{"line":80,"column":3}},"19":{"start":{"line":64,"column":26},"end":{"line":64,"column":42}},"20":{"start":{"line":66,"column":8},"end":{"line":68,"column":27}},"21":{"start":{"line":70,"column":6},"end":{"line":70,"column":23}},"22":{"start":{"line":72,"column":6},"end":{"line":74,"column":7}},"23":{"start":{"line":73,"column":8},"end":{"line":73,"column":42}},"24":{"start":{"line":76,"column":6},"end":{"line":76,"column":27}},"25":{"start":{"line":77,"column":6},"end":{"line":77,"column":28}},"26":{"start":{"line":82,"column":20},"end":{"line":105,"column":3}},"27":{"start":{"line":84,"column":6},"end":{"line":84,"column":61}},"28":{"start":{"line":86,"column":4},"end":{"line":92,"column":5}},"29":{"start":{"line":87,"column":6},"end":{"line":90,"column":8}},"30":{"start":{"line":91,"column":6},"end":{"line":91,"column":13}},"31":{"start":{"line":94,"column":17},"end":{"line":99,"column":6}},"32":{"start":{"line":100,"column":4},"end":{"line":100,"column":35}},"33":{"start":{"line":102,"column":4},"end":{"line":104,"column":5}},"34":{"start":{"line":103,"column":6},"end":{"line":103,"column":28}},"35":{"start":{"line":107,"column":2},"end":{"line":155,"column":4}},"36":{"start":{"line":158,"column":15},"end":{"line":257,"column":2}}},"fnMap":{"0":{"name":"ImageUploader","decl":{"start":{"line":34,"column":24},"end":{"line":34,"column":37}},"loc":{"start":{"line":34,"column":72},"end":{"line":156,"column":1}},"line":34},"1":{"name":"(anonymous_1)","decl":{"start":{"line":45,"column":37},"end":{"line":45,"column":38}},"loc":{"start":{"line":45,"column":43},"end":{"line":50,"column":3}},"line":45},"2":{"name":"(anonymous_2)","decl":{"start":{"line":52,"column":12},"end":{"line":52,"column":13}},"loc":{"start":{"line":52,"column":18},"end":{"line":58,"column":3}},"line":52},"3":{"name":"(anonymous_3)","decl":{"start":{"line":60,"column":12},"end":{"line":60,"column":13}},"loc":{"start":{"line":60,"column":18},"end":{"line":60,"column":32}},"line":60},"4":{"name":"(anonymous_4)","decl":{"start":{"line":63,"column":4},"end":{"line":63,"column":5}},"loc":{"start":{"line":63,"column":54},"end":{"line":78,"column":5}},"line":63},"5":{"name":"(anonymous_5)","decl":{"start":{"line":82,"column":20},"end":{"line":82,"column":21}},"loc":{"start":{"line":82,"column":32},"end":{"line":105,"column":3}},"line":82}},"branchMap":{"0":{"loc":{"start":{"line":46,"column":4},"end":{"line":49,"column":5}},"type":"if","locations":[{"start":{"line":46,"column":4},"end":{"line":49,"column":5}},{"start":{},"end":{}}],"line":46},"1":{"loc":{"start":{"line":46,"column":8},"end":{"line":46,"column":58}},"type":"binary-expr","locations":[{"start":{"line":46,"column":8},"end":{"line":46,"column":28}},{"start":{"line":46,"column":32},"end":{"line":46,"column":58}}],"line":46},"2":{"loc":{"start":{"line":53,"column":4},"end":{"line":57,"column":5}},"type":"if","locations":[{"start":{"line":53,"column":4},"end":{"line":57,"column":5}},{"start":{},"end":{}}],"line":53},"3":{"loc":{"start":{"line":66,"column":8},"end":{"line":68,"column":27}},"type":"cond-expr","locations":[{"start":{"line":67,"column":12},"end":{"line":67,"column":49}},{"start":{"line":68,"column":12},"end":{"line":68,"column":27}}],"line":66},"4":{"loc":{"start":{"line":66,"column":8},"end":{"line":66,"column":54}},"type":"binary-expr","locations":[{"start":{"line":66,"column":8},"end":{"line":66,"column":24}},{"start":{"line":66,"column":28},"end":{"line":66,"column":54}}],"line":66},"5":{"loc":{"start":{"line":72,"column":6},"end":{"line":74,"column":7}},"type":"if","locations":[{"start":{"line":72,"column":6},"end":{"line":74,"column":7}},{"start":{},"end":{}}],"line":72},"6":{"loc":{"start":{"line":86,"column":4},"end":{"line":92,"column":5}},"type":"if","locations":[{"start":{"line":86,"column":4},"end":{"line":92,"column":5}},{"start":{},"end":{}}],"line":86},"7":{"loc":{"start":{"line":102,"column":4},"end":{"line":104,"column":5}},"type":"if","locations":[{"start":{"line":102,"column":4},"end":{"line":104,"column":5}},{"start":{},"end":{}}],"line":102},"8":{"loc":{"start":{"line":111,"column":8},"end":{"line":111,"column":73}},"type":"cond-expr","locations":[{"start":{"line":111,"column":37},"end":{"line":111,"column":61}},{"start":{"line":111,"column":64},"end":{"line":111,"column":73}}],"line":111},"9":{"loc":{"start":{"line":114,"column":7},"end":{"line":130,"column":7}},"type":"binary-expr","locations":[{"start":{"line":114,"column":7},"end":{"line":114,"column":12}},{"start":{"line":115,"column":8},"end":{"line":129,"column":15}}],"line":114},"10":{"loc":{"start":{"line":120,"column":20},"end":{"line":120,"column":41}},"type":"binary-expr","locations":[{"start":{"line":120,"column":20},"end":{"line":120,"column":27}},{"start":{"line":120,"column":31},"end":{"line":120,"column":41}}],"line":120},"11":{"loc":{"start":{"line":125,"column":20},"end":{"line":125,"column":41}},"type":"binary-expr","locations":[{"start":{"line":125,"column":20},"end":{"line":125,"column":27}},{"start":{"line":125,"column":31},"end":{"line":125,"column":41}}],"line":125},"12":{"loc":{"start":{"line":133,"column":10},"end":{"line":135,"column":55}},"type":"cond-expr","locations":[{"start":{"line":134,"column":14},"end":{"line":134,"column":55}},{"start":{"line":135,"column":14},"end":{"line":135,"column":55}}],"line":133},"13":{"loc":{"start":{"line":140,"column":31},"end":{"line":140,"column":56}},"type":"binary-expr","locations":[{"start":{"line":140,"column":31},"end":{"line":140,"column":36}},{"start":{"line":140,"column":40},"end":{"line":140,"column":56}}],"line":140},"14":{"loc":{"start":{"line":143,"column":16},"end":{"line":143,"column":61}},"type":"cond-expr","locations":[{"start":{"line":143,"column":24},"end":{"line":143,"column":41}},{"start":{"line":143,"column":44},"end":{"line":143,"column":61}}],"line":143},"15":{"loc":{"start":{"line":145,"column":21},"end":{"line":145,"column":49}},"type":"binary-expr","locations":[{"start":{"line":145,"column":21},"end":{"line":145,"column":27}},{"start":{"line":145,"column":31},"end":{"line":145,"column":49}}],"line":145},"16":{"loc":{"start":{"line":146,"column":38},"end":{"line":146,"column":64}},"type":"binary-expr","locations":[{"start":{"line":146,"column":38},"end":{"line":146,"column":43}},{"start":{"line":146,"column":47},"end":{"line":146,"column":64}}],"line":146},"17":{"loc":{"start":{"line":147,"column":13},"end":{"line":147,"column":51}},"type":"cond-expr","locations":[{"start":{"line":147,"column":21},"end":{"line":147,"column":33}},{"start":{"line":147,"column":36},"end":{"line":147,"column":51}}],"line":147},"18":{"loc":{"start":{"line":149,"column":38},"end":{"line":149,"column":64}},"type":"binary-expr","locations":[{"start":{"line":149,"column":38},"end":{"line":149,"column":43}},{"start":{"line":149,"column":47},"end":{"line":149,"column":64}}],"line":149}},"s":{"0":0,"1":0,"2":0,"3":0,"4":0,"5":0,"6":0,"7":0,"8":0,"9":0,"10":0,"11":0,"12":0,"13":0,"14":0,"15":0,"16":0,"17":0,"18":0,"19":0,"20":0,"21":0,"22":0,"23":0,"24":0,"25":0,"26":0,"27":0,"28":0,"29":0,"30":0,"31":0,"32":0,"33":0,"34":0,"35":0,"36":0},"f":{"0":0,"1":0,"2":0,"3":0,"4":0,"5":0},"b":{"0":[0,0],"1":[0,0],"2":[0,0],"3":[0,0],"4":[0,0],"5":[0,0],"6":[0,0],"7":[0,0],"8":[0,0],"9":[0,0],"10":[0,0],"11":[0,0],"12":[0,0],"13":[0,0],"14":[0,0],"15":[0,0],"16":[0,0],"17":[0,0],"18":[0,0]}}
,"/Users/mayawright/Desktop/Projects/rate-my-kitty/constants/colors.ts": {"path":"/Users/mayawright/Desktop/Projects/rate-my-kitty/constants/colors.ts","statementMap":{"0":{"start":{"line":1,"column":22},"end":{"line":36,"column":1}}},"fnMap":{},"branchMap":{},"s":{"0":5},"f":{},"b":{},"_coverageSchema":"1a1c01bbd47fc00a2c39e90264f33305004495a9","hash":"b0c645ddba5e8d6b14ea2a1d19377019c72921c8"}
,"/Users/mayawright/Desktop/Projects/rate-my-kitty/constants/env.ts": {"path":"/Users/mayawright/Desktop/Projects/rate-my-kitty/constants/env.ts","statementMap":{"0":{"start":{"line":1,"column":24},"end":{"line":1,"column":56}},"1":{"start":{"line":2,"column":23},"end":{"line":2,"column":54}}},"fnMap":{},"branchMap":{},"s":{"0":2,"1":2},"f":{},"b":{},"_coverageSchema":"1a1c01bbd47fc00a2c39e90264f33305004495a9","hash":"5c0aea5869ddcac16eec6117aab94f8a7c725bee"}
,"/Users/mayawright/Desktop/Projects/rate-my-kitty/constants/styles.ts": {"path":"/Users/mayawright/Desktop/Projects/rate-my-kitty/constants/styles.ts","statementMap":{"0":{"start":{"line":3,"column":23},"end":{"line":6,"column":1}},"1":{"start":{"line":8,"column":63},"end":{"line":8,"column":68}},"2":{"start":{"line":10,"column":29},"end":{"line":14,"column":1}},"3":{"start":{"line":16,"column":25},"end":{"line":23,"column":1}},"4":{"start":{"line":25,"column":28},"end":{"line":28,"column":1}},"5":{"start":{"line":30,"column":22},"end":{"line":37,"column":1}},"6":{"start":{"line":39,"column":23},"end":{"line":46,"column":1}}},"fnMap":{},"branchMap":{},"s":{"0":7,"1":7,"2":7,"3":7,"4":7,"5":7,"6":7},"f":{},"b":{},"_coverageSchema":"1a1c01bbd47fc00a2c39e90264f33305004495a9","hash":"1cb09c7970aa53dd3a2d11fbd2b55b7e77811075"}
,"/Users/mayawright/Desktop/Projects/rate-my-kitty/context/favourites-context.tsx": {"path":"/Users/mayawright/Desktop/Projects/rate-my-kitty/context/favourites-context.tsx","statementMap":{"0":{"start":{"line":29,"column":33},"end":{"line":29,"column":75}},"1":{"start":{"line":32,"column":48},"end":{"line":32,"column":72}},"2":{"start":{"line":33,"column":52},"end":{"line":35,"column":7}},"3":{"start":{"line":36,"column":66},"end":{"line":38,"column":7}},"4":{"start":{"line":39,"column":36},"end":{"line":39,"column":51}},"5":{"start":{"line":40,"column":42},"end":{"line":40,"column":71}},"6":{"start":{"line":42,"column":30},"end":{"line":52,"column":3}},"7":{"start":{"line":44,"column":6},"end":{"line":50,"column":7}},"8":{"start":{"line":45,"column":34},"end":{"line":48,"column":9}},"9":{"start":{"line":54,"column":32},"end":{"line":76,"column":8}},"10":{"start":{"line":55,"column":4},"end":{"line":55,"column":26}},"11":{"start":{"line":57,"column":4},"end":{"line":75,"column":5}},"12":{"start":{"line":58,"column":25},"end":{"line":58,"column":46}},"13":{"start":{"line":59,"column":36},"end":{"line":65,"column":7}},"14":{"start":{"line":60,"column":38},"end":{"line":63,"column":9}},"15":{"start":{"line":67,"column":6},"end":{"line":67,"column":50}},"16":{"start":{"line":68,"column":6},"end":{"line":68,"column":35}},"17":{"start":{"line":71,"column":8},"end":{"line":71,"column":69}},"18":{"start":{"line":72,"column":6},"end":{"line":72,"column":31}},"19":{"start":{"line":73,"column":6},"end":{"line":73,"column":31}},"20":{"start":{"line":74,"column":6},"end":{"line":74,"column":16}},"21":{"start":{"line":78,"column":30},"end":{"line":112,"column":8}},"22":{"start":{"line":79,"column":4},"end":{"line":79,"column":23}},"23":{"start":{"line":80,"column":4},"end":{"line":80,"column":26}},"24":{"start":{"line":82,"column":4},"end":{"line":111,"column":5}},"25":{"start":{"line":83,"column":43},"end":{"line":86,"column":8}},"26":{"start":{"line":87,"column":36},"end":{"line":93,"column":7}},"27":{"start":{"line":88,"column":38},"end":{"line":91,"column":9}},"28":{"start":{"line":95,"column":34},"end":{"line":97,"column":7}},"29":{"start":{"line":96,"column":19},"end":{"line":96,"column":50}},"30":{"start":{"line":99,"column":6},"end":{"line":99,"column":51}},"31":{"start":{"line":100,"column":6},"end":{"line":100,"column":50}},"32":{"start":{"line":101,"column":6},"end":{"line":101,"column":46}},"33":{"start":{"line":102,"column":6},"end":{"line":102,"column":28}},"34":{"start":{"line":105,"column":8},"end":{"line":105,"column":69}},"35":{"start":{"line":106,"column":6},"end":{"line":106,"column":31}},"36":{"start":{"line":107,"column":6},"end":{"line":107,"column":29}},"37":{"start":{"line":108,"column":6},"end":{"line":108,"column":16}},"38":{"start":{"line":110,"column":6},"end":{"line":110,"column":26}},"39":{"start":{"line":114,"column":26},"end":{"line":164,"column":3}},"40":{"start":{"line":116,"column":6},"end":{"line":118,"column":7}},"41":{"start":{"line":117,"column":8},"end":{"line":117,"column":15}},"42":{"start":{"line":120,"column":6},"end":{"line":123,"column":10}},"43":{"start":{"line":120,"column":51},"end":{"line":123,"column":7}},"44":{"start":{"line":124,"column":6},"end":{"line":124,"column":28}},"45":{"start":{"line":126,"column":6},"end":{"line":161,"column":7}},"46":{"start":{"line":127,"column":23},"end":{"line":127,"column":57}},"47":{"start":{"line":128,"column":8},"end":{"line":131,"column":12}},"48":{"start":{"line":128,"column":60},"end":{"line":131,"column":9}},"49":{"start":{"line":133,"column":8},"end":{"line":143,"column":9}},"50":{"start":{"line":134,"column":10},"end":{"line":142,"column":13}},"51":{"start":{"line":135,"column":12},"end":{"line":139,"column":13}},"52":{"start":{"line":136,"column":51},"end":{"line":136,"column":78}},"53":{"start":{"line":138,"column":14},"end":{"line":138,"column":35}},"54":{"start":{"line":141,"column":12},"end":{"line":141,"column":45}},"55":{"start":{"line":145,"column":8},"end":{"line":149,"column":9}},"56":{"start":{"line":146,"column":10},"end":{"line":148,"column":12}},"57":{"start":{"line":147,"column":12},"end":{"line":147,"column":79}},"58":{"start":{"line":147,"column":51},"end":{"line":147,"column":78}},"59":{"start":{"line":151,"column":8},"end":{"line":151,"column":22}},"60":{"start":{"line":154,"column":10},"end":{"line":154,"column":71}},"61":{"start":{"line":155,"column":8},"end":{"line":155,"column":33}},"62":{"start":{"line":157,"column":8},"end":{"line":160,"column":12}},"63":{"start":{"line":157,"column":53},"end":{"line":160,"column":9}},"64":{"start":{"line":166,"column":2},"end":{"line":189,"column":4}},"65":{"start":{"line":167,"column":11},"end":{"line":177,"column":5}}},"fnMap":{"0":{"name":"useFavouritesProviderValue","decl":{"start":{"line":31,"column":16},"end":{"line":31,"column":42}},"loc":{"start":{"line":31,"column":45},"end":{"line":190,"column":1}},"line":31},"1":{"name":"(anonymous_1)","decl":{"start":{"line":43,"column":4},"end":{"line":43,"column":5}},"loc":{"start":{"line":44,"column":6},"end":{"line":50,"column":7}},"line":44},"2":{"name":"(anonymous_2)","decl":{"start":{"line":45,"column":8},"end":{"line":45,"column":9}},"loc":{"start":{"line":45,"column":34},"end":{"line":48,"column":9}},"line":45},"3":{"name":"(anonymous_3)","decl":{"start":{"line":54,"column":44},"end":{"line":54,"column":45}},"loc":{"start":{"line":54,"column":56},"end":{"line":76,"column":3}},"line":54},"4":{"name":"(anonymous_4)","decl":{"start":{"line":60,"column":8},"end":{"line":60,"column":9}},"loc":{"start":{"line":60,"column":38},"end":{"line":63,"column":9}},"line":60},"5":{"name":"(anonymous_5)","decl":{"start":{"line":78,"column":42},"end":{"line":78,"column":43}},"loc":{"start":{"line":78,"column":54},"end":{"line":112,"column":3}},"line":78},"6":{"name":"(anonymous_6)","decl":{"start":{"line":88,"column":8},"end":{"line":88,"column":9}},"loc":{"start":{"line":88,"column":38},"end":{"line":91,"column":9}},"line":88},"7":{"name":"(anonymous_7)","decl":{"start":{"line":96,"column":8},"end":{"line":96,"column":9}},"loc":{"start":{"line":96,"column":19},"end":{"line":96,"column":50}},"line":96},"8":{"name":"(anonymous_8)","decl":{"start":{"line":115,"column":4},"end":{"line":115,"column":5}},"loc":{"start":{"line":115,"column":30},"end":{"line":162,"column":5}},"line":115},"9":{"name":"(anonymous_9)","decl":{"start":{"line":120,"column":34},"end":{"line":120,"column":35}},"loc":{"start":{"line":120,"column":51},"end":{"line":123,"column":7}},"line":120},"10":{"name":"(anonymous_10)","decl":{"start":{"line":128,"column":29},"end":{"line":128,"column":30}},"loc":{"start":{"line":128,"column":60},"end":{"line":131,"column":9}},"line":128},"11":{"name":"(anonymous_11)","decl":{"start":{"line":134,"column":29},"end":{"line":134,"column":30}},"loc":{"start":{"line":134,"column":48},"end":{"line":142,"column":11}},"line":134},"12":{"name":"(anonymous_12)","decl":{"start":{"line":136,"column":33},"end":{"line":136,"column":34}},"loc":{"start":{"line":136,"column":51},"end":{"line":136,"column":78}},"line":136},"13":{"name":"(anonymous_13)","decl":{"start":{"line":146,"column":29},"end":{"line":146,"column":30}},"loc":{"start":{"line":147,"column":12},"end":{"line":147,"column":79}},"line":147},"14":{"name":"(anonymous_14)","decl":{"start":{"line":147,"column":33},"end":{"line":147,"column":34}},"loc":{"start":{"line":147,"column":51},"end":{"line":147,"column":78}},"line":147},"15":{"name":"(anonymous_15)","decl":{"start":{"line":157,"column":36},"end":{"line":157,"column":37}},"loc":{"start":{"line":157,"column":53},"end":{"line":160,"column":9}},"line":157},"16":{"name":"(anonymous_16)","decl":{"start":{"line":167,"column":4},"end":{"line":167,"column":5}},"loc":{"start":{"line":167,"column":11},"end":{"line":177,"column":5}},"line":167}},"branchMap":{"0":{"loc":{"start":{"line":47,"column":22},"end":{"line":47,"column":57}},"type":"binary-expr","locations":[{"start":{"line":47,"column":22},"end":{"line":47,"column":49}},{"start":{"line":47,"column":53},"end":{"line":47,"column":57}}],"line":47},"1":{"loc":{"start":{"line":71,"column":8},"end":{"line":71,"column":69}},"type":"cond-expr","locations":[{"start":{"line":71,"column":29},"end":{"line":71,"column":38}},{"start":{"line":71,"column":41},"end":{"line":71,"column":69}}],"line":71},"2":{"loc":{"start":{"line":105,"column":8},"end":{"line":105,"column":69}},"type":"cond-expr","locations":[{"start":{"line":105,"column":29},"end":{"line":105,"column":38}},{"start":{"line":105,"column":41},"end":{"line":105,"column":69}}],"line":105},"3":{"loc":{"start":{"line":116,"column":6},"end":{"line":118,"column":7}},"type":"if","locations":[{"start":{"line":116,"column":6},"end":{"line":118,"column":7}},{"start":{},"end":{}}],"line":116},"4":{"loc":{"start":{"line":133,"column":8},"end":{"line":143,"column":9}},"type":"if","locations":[{"start":{"line":133,"column":8},"end":{"line":143,"column":9}},{"start":{},"end":{}}],"line":133},"5":{"loc":{"start":{"line":133,"column":12},"end":{"line":133,"column":39}},"type":"binary-expr","locations":[{"start":{"line":133,"column":12},"end":{"line":133,"column":30}},{"start":{"line":133,"column":34},"end":{"line":133,"column":39}}],"line":133},"6":{"loc":{"start":{"line":135,"column":12},"end":{"line":139,"column":13}},"type":"if","locations":[{"start":{"line":135,"column":12},"end":{"line":139,"column":13}},{"start":{},"end":{}}],"line":135},"7":{"loc":{"start":{"line":145,"column":8},"end":{"line":149,"column":9}},"type":"if","locations":[{"start":{"line":145,"column":8},"end":{"line":149,"column":9}},{"start":{},"end":{}}],"line":145},"8":{"loc":{"start":{"line":154,"column":10},"end":{"line":154,"column":71}},"type":"cond-expr","locations":[{"start":{"line":154,"column":31},"end":{"line":154,"column":40}},{"start":{"line":154,"column":43},"end":{"line":154,"column":71}}],"line":154}},"s":{"0":1,"1":0,"2":0,"3":0,"4":0,"5":0,"6":0,"7":0,"8":0,"9":0,"10":0,"11":0,"12":0,"13":0,"14":0,"15":0,"16":0,"17":0,"18":0,"19":0,"20":0,"21":0,"22":0,"23":0,"24":0,"25":0,"26":0,"27":0,"28":0,"29":0,"30":0,"31":0,"32":0,"33":0,"34":0,"35":0,"36":0,"37":0,"38":0,"39":0,"40":0,"41":0,"42":0,"43":0,"44":0,"45":0,"46":0,"47":0,"48":0,"49":0,"50":0,"51":0,"52":0,"53":0,"54":0,"55":0,"56":0,"57":0,"58":0,"59":0,"60":0,"61":0,"62":0,"63":0,"64":0,"65":0},"f":{"0":0,"1":0,"2":0,"3":0,"4":0,"5":0,"6":0,"7":0,"8":0,"9":0,"10":0,"11":0,"12":0,"13":0,"14":0,"15":0,"16":0},"b":{"0":[0,0],"1":[0,0],"2":[0,0],"3":[0,0],"4":[0,0],"5":[0,0],"6":[0,0],"7":[0,0],"8":[0,0]},"_coverageSchema":"1a1c01bbd47fc00a2c39e90264f33305004495a9","hash":"40fda622651df8c9ee19457dd434db985253d7e2"}
,"/Users/mayawright/Desktop/Projects/rate-my-kitty/context/screen-orientation-context.ts": {"path":"/Users/mayawright/Desktop/Projects/rate-my-kitty/context/screen-orientation-context.ts","statementMap":{"0":{"start":{"line":6,"column":2},"end":{"line":6,"column":51}}},"fnMap":{},"branchMap":{},"s":{"0":3},"f":{},"b":{},"_coverageSchema":"1a1c01bbd47fc00a2c39e90264f33305004495a9","hash":"d40feed161803215808959345a456e6945847242"}
,"/Users/mayawright/Desktop/Projects/rate-my-kitty/context/voting-context.tsx": {"path":"/Users/mayawright/Desktop/Projects/rate-my-kitty/context/voting-context.tsx","statementMap":{"0":{"start":{"line":17,"column":29},"end":{"line":17,"column":75}},"1":{"start":{"line":20,"column":56},"end":{"line":22,"column":7}},"2":{"start":{"line":23,"column":64},"end":{"line":25,"column":7}},"3":{"start":{"line":26,"column":52},"end":{"line":28,"column":7}},"4":{"start":{"line":29,"column":62},"end":{"line":31,"column":7}},"5":{"start":{"line":33,"column":24},"end":{"line":62,"column":8}},"6":{"start":{"line":34,"column":4},"end":{"line":37,"column":8}},"7":{"start":{"line":34,"column":48},"end":{"line":37,"column":5}},"8":{"start":{"line":38,"column":4},"end":{"line":41,"column":8}},"9":{"start":{"line":38,"column":52},"end":{"line":41,"column":5}},"10":{"start":{"line":43,"column":4},"end":{"line":61,"column":5}},"11":{"start":{"line":44,"column":20},"end":{"line":44,"column":59}},"12":{"start":{"line":45,"column":6},"end":{"line":48,"column":10}},"13":{"start":{"line":45,"column":49},"end":{"line":48,"column":7}},"14":{"start":{"line":49,"column":6},"end":{"line":49,"column":19}},"15":{"start":{"line":51,"column":22},"end":{"line":51,"column":78}},"16":{"start":{"line":52,"column":6},"end":{"line":55,"column":10}},"17":{"start":{"line":52,"column":54},"end":{"line":55,"column":7}},"18":{"start":{"line":57,"column":6},"end":{"line":60,"column":10}},"19":{"start":{"line":57,"column":50},"end":{"line":60,"column":7}},"20":{"start":{"line":64,"column":15},"end":{"line":105,"column":3}},"21":{"start":{"line":66,"column":6},"end":{"line":68,"column":7}},"22":{"start":{"line":67,"column":8},"end":{"line":67,"column":15}},"23":{"start":{"line":70,"column":26},"end":{"line":70,"column":46}},"24":{"start":{"line":72,"column":6},"end":{"line":75,"column":10}},"25":{"start":{"line":72,"column":44},"end":{"line":75,"column":7}},"26":{"start":{"line":76,"column":6},"end":{"line":79,"column":10}},"27":{"start":{"line":76,"column":54},"end":{"line":79,"column":7}},"28":{"start":{"line":80,"column":6},"end":{"line":83,"column":10}},"29":{"start":{"line":80,"column":49},"end":{"line":83,"column":7}},"30":{"start":{"line":85,"column":6},"end":{"line":102,"column":7}},"31":{"start":{"line":86,"column":8},"end":{"line":86,"column":47}},"32":{"start":{"line":88,"column":8},"end":{"line":91,"column":12}},"33":{"start":{"line":88,"column":51},"end":{"line":91,"column":9}},"34":{"start":{"line":92,"column":24},"end":{"line":92,"column":73}},"35":{"start":{"line":93,"column":8},"end":{"line":96,"column":12}},"36":{"start":{"line":93,"column":56},"end":{"line":96,"column":9}},"37":{"start":{"line":98,"column":8},"end":{"line":101,"column":12}},"38":{"start":{"line":98,"column":46},"end":{"line":101,"column":9}},"39":{"start":{"line":107,"column":2},"end":{"line":124,"column":4}},"40":{"start":{"line":108,"column":11},"end":{"line":115,"column":5}}},"fnMap":{"0":{"name":"useVotingProviderValue","decl":{"start":{"line":19,"column":16},"end":{"line":19,"column":38}},"loc":{"start":{"line":19,"column":41},"end":{"line":125,"column":1}},"line":19},"1":{"name":"(anonymous_1)","decl":{"start":{"line":33,"column":36},"end":{"line":33,"column":37}},"loc":{"start":{"line":33,"column":79},"end":{"line":62,"column":3}},"line":33},"2":{"name":"(anonymous_2)","decl":{"start":{"line":34,"column":31},"end":{"line":34,"column":32}},"loc":{"start":{"line":34,"column":48},"end":{"line":37,"column":5}},"line":34},"3":{"name":"(anonymous_3)","decl":{"start":{"line":38,"column":30},"end":{"line":38,"column":31}},"loc":{"start":{"line":38,"column":52},"end":{"line":41,"column":5}},"line":38},"4":{"name":"(anonymous_4)","decl":{"start":{"line":45,"column":29},"end":{"line":45,"column":30}},"loc":{"start":{"line":45,"column":49},"end":{"line":48,"column":7}},"line":45},"5":{"name":"(anonymous_5)","decl":{"start":{"line":52,"column":32},"end":{"line":52,"column":33}},"loc":{"start":{"line":52,"column":54},"end":{"line":55,"column":7}},"line":52},"6":{"name":"(anonymous_6)","decl":{"start":{"line":57,"column":33},"end":{"line":57,"column":34}},"loc":{"start":{"line":57,"column":50},"end":{"line":60,"column":7}},"line":57},"7":{"name":"(anonymous_7)","decl":{"start":{"line":65,"column":4},"end":{"line":65,"column":5}},"loc":{"start":{"line":65,"column":65},"end":{"line":103,"column":5}},"line":65},"8":{"name":"(anonymous_8)","decl":{"start":{"line":72,"column":27},"end":{"line":72,"column":28}},"loc":{"start":{"line":72,"column":44},"end":{"line":75,"column":7}},"line":72},"9":{"name":"(anonymous_9)","decl":{"start":{"line":76,"column":32},"end":{"line":76,"column":33}},"loc":{"start":{"line":76,"column":54},"end":{"line":79,"column":7}},"line":76},"10":{"name":"(anonymous_10)","decl":{"start":{"line":80,"column":29},"end":{"line":80,"column":30}},"loc":{"start":{"line":80,"column":49},"end":{"line":83,"column":7}},"line":80},"11":{"name":"(anonymous_11)","decl":{"start":{"line":88,"column":31},"end":{"line":88,"column":32}},"loc":{"start":{"line":88,"column":51},"end":{"line":91,"column":9}},"line":88},"12":{"name":"(anonymous_12)","decl":{"start":{"line":93,"column":34},"end":{"line":93,"column":35}},"loc":{"start":{"line":93,"column":56},"end":{"line":96,"column":9}},"line":93},"13":{"name":"(anonymous_13)","decl":{"start":{"line":98,"column":29},"end":{"line":98,"column":30}},"loc":{"start":{"line":98,"column":46},"end":{"line":101,"column":9}},"line":98},"14":{"name":"(anonymous_14)","decl":{"start":{"line":108,"column":4},"end":{"line":108,"column":5}},"loc":{"start":{"line":108,"column":11},"end":{"line":115,"column":5}},"line":108}},"branchMap":{"0":{"loc":{"start":{"line":51,"column":22},"end":{"line":51,"column":78}},"type":"cond-expr","locations":[{"start":{"line":51,"column":43},"end":{"line":51,"column":52}},{"start":{"line":51,"column":55},"end":{"line":51,"column":78}}],"line":51},"1":{"loc":{"start":{"line":66,"column":6},"end":{"line":68,"column":7}},"type":"if","locations":[{"start":{"line":66,"column":6},"end":{"line":68,"column":7}},{"start":{},"end":{}}],"line":66},"2":{"loc":{"start":{"line":70,"column":26},"end":{"line":70,"column":46}},"type":"cond-expr","locations":[{"start":{"line":70,"column":40},"end":{"line":70,"column":41}},{"start":{"line":70,"column":44},"end":{"line":70,"column":46}}],"line":70},"3":{"loc":{"start":{"line":82,"column":20},"end":{"line":82,"column":47}},"type":"binary-expr","locations":[{"start":{"line":82,"column":20},"end":{"line":82,"column":42}},{"start":{"line":82,"column":46},"end":{"line":82,"column":47}}],"line":82},"4":{"loc":{"start":{"line":92,"column":24},"end":{"line":92,"column":73}},"type":"cond-expr","locations":[{"start":{"line":92,"column":45},"end":{"line":92,"column":54}},{"start":{"line":92,"column":57},"end":{"line":92,"column":73}}],"line":92}},"s":{"0":2,"1":14,"2":14,"3":14,"4":14,"5":14,"6":2,"7":2,"8":2,"9":2,"10":2,"11":2,"12":1,"13":1,"14":1,"15":1,"16":1,"17":1,"18":2,"19":2,"20":14,"21":5,"22":1,"23":4,"24":4,"25":4,"26":4,"27":4,"28":4,"29":4,"30":4,"31":4,"32":3,"33":3,"34":3,"35":3,"36":3,"37":4,"38":4,"39":14,"40":14},"f":{"0":14,"1":2,"2":2,"3":2,"4":1,"5":1,"6":2,"7":5,"8":4,"9":4,"10":4,"11":3,"12":3,"13":4,"14":14},"b":{"0":[1,0],"1":[1,4],"2":[3,1],"3":[4,2],"4":[0,3]},"_coverageSchema":"1a1c01bbd47fc00a2c39e90264f33305004495a9","hash":"9b75491911c5d7210f8a8ffd2f39e2420aa98cc7"}
,"/Users/mayawright/Desktop/Projects/rate-my-kitty/helpers/cartoon-generator.ts": {"path":"/Users/mayawright/Desktop/Projects/rate-my-kitty/helpers/cartoon-generator.ts","statementMap":{"0":{"start":{"line":6,"column":56},"end":{"line":17,"column":3}},"1":{"start":{"line":19,"column":54},"end":{"line":30,"column":3}},"2":{"start":{"line":32,"column":15},"end":{"line":32,"column":36}},"3":{"start":{"line":34,"column":4},"end":{"line":36,"column":53}},"4":{"start":{"line":37,"column":2},"end":{"line":37,"column":50}}},"fnMap":{"0":{"name":"CartoonGenerator","decl":{"start":{"line":3,"column":24},"end":{"line":3,"column":40}},"loc":{"start":{"line":5,"column":25},"end":{"line":38,"column":1}},"line":5}},"branchMap":{"0":{"loc":{"start":{"line":34,"column":4},"end":{"line":36,"column":53}},"type":"cond-expr","locations":[{"start":{"line":35,"column":8},"end":{"line":35,"column":19}},{"start":{"line":36,"column":8},"end":{"line":36,"column":53}}],"line":34}},"s":{"0":6,"1":6,"2":6,"3":6,"4":6},"f":{"0":6},"b":{"0":[3,3]},"_coverageSchema":"1a1c01bbd47fc00a2c39e90264f33305004495a9","hash":"b0f3ae007b475aa38dd7c4cbfe633fb73fc4b913"}
,"/Users/mayawright/Desktop/Projects/rate-my-kitty/helpers/image-cache.ts": {"path":"/Users/mayawright/Desktop/Projects/rate-my-kitty/helpers/image-cache.ts","statementMap":{"0":{"start":{"line":5,"column":33},"end":{"line":17,"column":1}},"1":{"start":{"line":6,"column":20},"end":{"line":8,"column":49}},"2":{"start":{"line":7,"column":20},"end":{"line":7,"column":29}},"3":{"start":{"line":8,"column":36},"end":{"line":8,"column":48}},"4":{"start":{"line":10,"column":2},"end":{"line":12,"column":3}},"5":{"start":{"line":11,"column":4},"end":{"line":11,"column":11}},"6":{"start":{"line":14,"column":2},"end":{"line":16,"column":12}},"7":{"start":{"line":15,"column":4},"end":{"line":15,"column":68}}},"fnMap":{"0":{"name":"(anonymous_0)","decl":{"start":{"line":5,"column":33},"end":{"line":5,"column":34}},"loc":{"start":{"line":5,"column":76},"end":{"line":17,"column":1}},"line":5},"1":{"name":"(anonymous_1)","decl":{"start":{"line":7,"column":9},"end":{"line":7,"column":10}},"loc":{"start":{"line":7,"column":20},"end":{"line":7,"column":29}},"line":7},"2":{"name":"(anonymous_2)","decl":{"start":{"line":8,"column":12},"end":{"line":8,"column":13}},"loc":{"start":{"line":8,"column":36},"end":{"line":8,"column":48}},"line":8}},"branchMap":{"0":{"loc":{"start":{"line":10,"column":2},"end":{"line":12,"column":3}},"type":"if","locations":[{"start":{"line":10,"column":2},"end":{"line":12,"column":3}},{"start":{},"end":{}}],"line":10}},"s":{"0":1,"1":0,"2":0,"3":0,"4":0,"5":0,"6":0,"7":0},"f":{"0":0,"1":0,"2":0},"b":{"0":[0,0]},"_coverageSchema":"1a1c01bbd47fc00a2c39e90264f33305004495a9","hash":"dd668888139aa9a438fff14d0b464ae394f9874f"}
,"/Users/mayawright/Desktop/Projects/rate-my-kitty/helpers/score-calculator.ts": {"path":"/Users/mayawright/Desktop/Projects/rate-my-kitty/helpers/score-calculator.ts","statementMap":{"0":{"start":{"line":2,"column":16},"end":{"line":2,"column":35}},"1":{"start":{"line":3,"column":2},"end":{"line":3,"column":28}},"2":{"start":{"line":3,"column":19},"end":{"line":3,"column":28}},"3":{"start":{"line":4,"column":2},"end":{"line":4,"column":45}}},"fnMap":{"0":{"name":"calculateScore","decl":{"start":{"line":1,"column":16},"end":{"line":1,"column":30}},"loc":{"start":{"line":1,"column":75},"end":{"line":5,"column":1}},"line":1}},"branchMap":{"0":{"loc":{"start":{"line":3,"column":2},"end":{"line":3,"column":28}},"type":"if","locations":[{"start":{"line":3,"column":2},"end":{"line":3,"column":28}},{"start":{},"end":{}}],"line":3}},"s":{"0":5,"1":5,"2":1,"3":4},"f":{"0":5},"b":{"0":[1,4]},"_coverageSchema":"1a1c01bbd47fc00a2c39e90264f33305004495a9","hash":"1bf6dc3d581fbb168404f0a6bb8b0441849ef3cc"}
,"/Users/mayawright/Desktop/Projects/rate-my-kitty/helpers/vote-calculator.ts": {"path":"/Users/mayawright/Desktop/Projects/rate-my-kitty/helpers/vote-calculator.ts","statementMap":{"0":{"start":{"line":2,"column":2},"end":{"line":2,"column":29}}},"fnMap":{"0":{"name":"voteCalculator","decl":{"start":{"line":1,"column":24},"end":{"line":1,"column":38}},"loc":{"start":{"line":1,"column":75},"end":{"line":3,"column":1}},"line":1}},"branchMap":{},"s":{"0":4},"f":{"0":4},"b":{},"_coverageSchema":"1a1c01bbd47fc00a2c39e90264f33305004495a9","hash":"0fc4f4c4d17c492e36626ce511b31506a7d60420"}
,"/Users/mayawright/Desktop/Projects/rate-my-kitty/hooks/useFavourites.ts": {"path":"/Users/mayawright/Desktop/Projects/rate-my-kitty/hooks/useFavourites.ts","statementMap":{"0":{"start":{"line":6,"column":21},"end":{"line":6,"column":50}},"1":{"start":{"line":8,"column":2},"end":{"line":10,"column":3}},"2":{"start":{"line":9,"column":4},"end":{"line":9,"column":75}},"3":{"start":{"line":12,"column":2},"end":{"line":12,"column":20}}},"fnMap":{"0":{"name":"useFavourites","decl":{"start":{"line":5,"column":24},"end":{"line":5,"column":37}},"loc":{"start":{"line":5,"column":40},"end":{"line":13,"column":1}},"line":5}},"branchMap":{"0":{"loc":{"start":{"line":8,"column":2},"end":{"line":10,"column":3}},"type":"if","locations":[{"start":{"line":8,"column":2},"end":{"line":10,"column":3}},{"start":{},"end":{}}],"line":8}},"s":{"0":3,"1":3,"2":2,"3":1},"f":{"0":3},"b":{"0":[2,1]},"_coverageSchema":"1a1c01bbd47fc00a2c39e90264f33305004495a9","hash":"a589ac252a99e518df9f0733e584bda0dfe46e6e"}
,"/Users/mayawright/Desktop/Projects/rate-my-kitty/hooks/useProfile.ts": {"path":"/Users/mayawright/Desktop/Projects/rate-my-kitty/hooks/useProfile.ts","statementMap":{"0":{"start":{"line":8,"column":30},"end":{"line":8,"column":59}},"1":{"start":{"line":9,"column":36},"end":{"line":9,"column":51}},"2":{"start":{"line":10,"column":42},"end":{"line":10,"column":71}},"3":{"start":{"line":12,"column":27},"end":{"line":30,"column":8}},"4":{"start":{"line":13,"column":4},"end":{"line":13,"column":23}},"5":{"start":{"line":14,"column":4},"end":{"line":14,"column":26}},"6":{"start":{"line":16,"column":4},"end":{"line":29,"column":5}},"7":{"start":{"line":17,"column":28},"end":{"line":17,"column":53}},"8":{"start":{"line":18,"column":6},"end":{"line":18,"column":45}},"9":{"start":{"line":19,"column":6},"end":{"line":19,"column":31}},"10":{"start":{"line":20,"column":6},"end":{"line":20,"column":27}},"11":{"start":{"line":23,"column":8},"end":{"line":23,"column":73}},"12":{"start":{"line":24,"column":6},"end":{"line":24,"column":31}},"13":{"start":{"line":25,"column":6},"end":{"line":25,"column":20}},"14":{"start":{"line":26,"column":6},"end":{"line":26,"column":16}},"15":{"start":{"line":28,"column":6},"end":{"line":28,"column":26}},"16":{"start":{"line":32,"column":2},"end":{"line":32,"column":63}}},"fnMap":{"0":{"name":"useProfile","decl":{"start":{"line":7,"column":24},"end":{"line":7,"column":34}},"loc":{"start":{"line":7,"column":37},"end":{"line":33,"column":1}},"line":7},"1":{"name":"(anonymous_1)","decl":{"start":{"line":12,"column":39},"end":{"line":12,"column":40}},"loc":{"start":{"line":12,"column":51},"end":{"line":30,"column":3}},"line":12}},"branchMap":{"0":{"loc":{"start":{"line":23,"column":8},"end":{"line":23,"column":73}},"type":"cond-expr","locations":[{"start":{"line":23,"column":29},"end":{"line":23,"column":38}},{"start":{"line":23,"column":41},"end":{"line":23,"column":73}}],"line":23}},"s":{"0":0,"1":0,"2":0,"3":0,"4":0,"5":0,"6":0,"7":0,"8":0,"9":0,"10":0,"11":0,"12":0,"13":0,"14":0,"15":0,"16":0},"f":{"0":0,"1":0},"b":{"0":[0,0]}}
,"/Users/mayawright/Desktop/Projects/rate-my-kitty/hooks/useUploadImage.ts": {"path":"/Users/mayawright/Desktop/Projects/rate-my-kitty/hooks/useUploadImage.ts","statementMap":{"0":{"start":{"line":7,"column":28},"end":{"line":7,"column":67}},"1":{"start":{"line":8,"column":42},"end":{"line":8,"column":60}},"2":{"start":{"line":9,"column":40},"end":{"line":9,"column":55}},"3":{"start":{"line":11,"column":30},"end":{"line":14,"column":3}},"4":{"start":{"line":12,"column":10},"end":{"line":12,"column":49}},"5":{"start":{"line":16,"column":24},"end":{"line":19,"column":8}},"6":{"start":{"line":17,"column":4},"end":{"line":17,"column":20}},"7":{"start":{"line":18,"column":4},"end":{"line":18,"column":31}},"8":{"start":{"line":21,"column":21},"end":{"line":23,"column":21}},"9":{"start":{"line":22,"column":4},"end":{"line":22,"column":24}},"10":{"start":{"line":25,"column":30},"end":{"line":52,"column":25}},"11":{"start":{"line":26,"column":4},"end":{"line":28,"column":5}},"12":{"start":{"line":27,"column":6},"end":{"line":27,"column":19}},"13":{"start":{"line":30,"column":4},"end":{"line":30,"column":25}},"14":{"start":{"line":31,"column":4},"end":{"line":31,"column":31}},"15":{"start":{"line":33,"column":4},"end":{"line":51,"column":5}},"16":{"start":{"line":34,"column":21},"end":{"line":34,"column":55}},"17":{"start":{"line":36,"column":6},"end":{"line":39,"column":7}},"18":{"start":{"line":37,"column":8},"end":{"line":37,"column":21}},"19":{"start":{"line":38,"column":8},"end":{"line":38,"column":20}},"20":{"start":{"line":41,"column":6},"end":{"line":43,"column":8}},"21":{"start":{"line":44,"column":6},"end":{"line":44,"column":19}},"22":{"start":{"line":46,"column":22},"end":{"line":46,"column":76}},"23":{"start":{"line":47,"column":6},"end":{"line":47,"column":31}},"24":{"start":{"line":48,"column":6},"end":{"line":48,"column":19}},"25":{"start":{"line":50,"column":6},"end":{"line":50,"column":28}},"26":{"start":{"line":54,"column":2},"end":{"line":62,"column":4}}},"fnMap":{"0":{"name":"useUploadImage","decl":{"start":{"line":6,"column":24},"end":{"line":6,"column":38}},"loc":{"start":{"line":6,"column":41},"end":{"line":63,"column":1}},"line":6},"1":{"name":"(anonymous_1)","decl":{"start":{"line":12,"column":4},"end":{"line":12,"column":5}},"loc":{"start":{"line":12,"column":10},"end":{"line":12,"column":49}},"line":12},"2":{"name":"(anonymous_2)","decl":{"start":{"line":16,"column":36},"end":{"line":16,"column":37}},"loc":{"start":{"line":16,"column":72},"end":{"line":19,"column":3}},"line":16},"3":{"name":"(anonymous_3)","decl":{"start":{"line":21,"column":33},"end":{"line":21,"column":34}},"loc":{"start":{"line":21,"column":39},"end":{"line":23,"column":3}},"line":21},"4":{"name":"(anonymous_4)","decl":{"start":{"line":25,"column":42},"end":{"line":25,"column":43}},"loc":{"start":{"line":25,"column":54},"end":{"line":52,"column":3}},"line":25}},"branchMap":{"0":{"loc":{"start":{"line":12,"column":10},"end":{"line":12,"column":49}},"type":"binary-expr","locations":[{"start":{"line":12,"column":10},"end":{"line":12,"column":16}},{"start":{"line":12,"column":20},"end":{"line":12,"column":34}},{"start":{"line":12,"column":38},"end":{"line":12,"column":49}}],"line":12},"1":{"loc":{"start":{"line":26,"column":4},"end":{"line":28,"column":5}},"type":"if","locations":[{"start":{"line":26,"column":4},"end":{"line":28,"column":5}},{"start":{},"end":{}}],"line":26},"2":{"loc":{"start":{"line":36,"column":6},"end":{"line":39,"column":7}},"type":"if","locations":[{"start":{"line":36,"column":6},"end":{"line":39,"column":7}},{"start":{},"end":{}}],"line":36},"3":{"loc":{"start":{"line":36,"column":10},"end":{"line":36,"column":71}},"type":"binary-expr","locations":[{"start":{"line":36,"column":10},"end":{"line":36,"column":36}},{"start":{"line":36,"column":40},"end":{"line":36,"column":46}},{"start":{"line":36,"column":50},"end":{"line":36,"column":71}}],"line":36},"4":{"loc":{"start":{"line":42,"column":8},"end":{"line":42,"column":67}},"type":"cond-expr","locations":[{"start":{"line":42,"column":37},"end":{"line":42,"column":43}},{"start":{"line":42,"column":46},"end":{"line":42,"column":67}}],"line":42},"5":{"loc":{"start":{"line":46,"column":22},"end":{"line":46,"column":76}},"type":"cond-expr","locations":[{"start":{"line":46,"column":43},"end":{"line":46,"column":52}},{"start":{"line":46,"column":55},"end":{"line":46,"column":76}}],"line":46}},"s":{"0":0,"1":0,"2":0,"3":0,"4":0,"5":0,"6":0,"7":0,"8":0,"9":0,"10":0,"11":0,"12":0,"13":0,"14":0,"15":0,"16":0,"17":0,"18":0,"19":0,"20":0,"21":0,"22":0,"23":0,"24":0,"25":0,"26":0},"f":{"0":0,"1":0,"2":0,"3":0,"4":0},"b":{"0":[0,0,0],"1":[0,0],"2":[0,0],"3":[0,0,0],"4":[0,0],"5":[0,0]}}
,"/Users/mayawright/Desktop/Projects/rate-my-kitty/hooks/useVoting.ts": {"path":"/Users/mayawright/Desktop/Projects/rate-my-kitty/hooks/useVoting.ts","statementMap":{"0":{"start":{"line":15,"column":24},"end":{"line":15,"column":49}},"1":{"start":{"line":17,"column":2},"end":{"line":19,"column":3}},"2":{"start":{"line":18,"column":4},"end":{"line":18,"column":68}},"3":{"start":{"line":28,"column":6},"end":{"line":28,"column":19}},"4":{"start":{"line":30,"column":24},"end":{"line":33,"column":3}},"5":{"start":{"line":31,"column":10},"end":{"line":31,"column":50}},"6":{"start":{"line":35,"column":2},"end":{"line":37,"column":22}},"7":{"start":{"line":36,"column":4},"end":{"line":36,"column":20}},"8":{"start":{"line":39,"column":15},"end":{"line":42,"column":3}},"9":{"start":{"line":40,"column":26},"end":{"line":40,"column":64}},"10":{"start":{"line":44,"column":17},"end":{"line":44,"column":51}},"11":{"start":{"line":44,"column":35},"end":{"line":44,"column":42}},"12":{"start":{"line":45,"column":19},"end":{"line":45,"column":53}},"13":{"start":{"line":45,"column":37},"end":{"line":45,"column":44}},"14":{"start":{"line":47,"column":2},"end":{"line":56,"column":4}}},"fnMap":{"0":{"name":"useVoting","decl":{"start":{"line":11,"column":24},"end":{"line":11,"column":33}},"loc":{"start":{"line":14,"column":2},"end":{"line":57,"column":1}},"line":14},"1":{"name":"(anonymous_1)","decl":{"start":{"line":31,"column":4},"end":{"line":31,"column":5}},"loc":{"start":{"line":31,"column":10},"end":{"line":31,"column":50}},"line":31},"2":{"name":"(anonymous_2)","decl":{"start":{"line":35,"column":12},"end":{"line":35,"column":13}},"loc":{"start":{"line":35,"column":18},"end":{"line":37,"column":3}},"line":35},"3":{"name":"(anonymous_3)","decl":{"start":{"line":40,"column":4},"end":{"line":40,"column":5}},"loc":{"start":{"line":40,"column":26},"end":{"line":40,"column":64}},"line":40},"4":{"name":"(anonymous_4)","decl":{"start":{"line":44,"column":29},"end":{"line":44,"column":30}},"loc":{"start":{"line":44,"column":35},"end":{"line":44,"column":42}},"line":44},"5":{"name":"(anonymous_5)","decl":{"start":{"line":45,"column":31},"end":{"line":45,"column":32}},"loc":{"start":{"line":45,"column":37},"end":{"line":45,"column":44}},"line":45}},"branchMap":{"0":{"loc":{"start":{"line":13,"column":2},"end":{"line":13,"column":52}},"type":"default-arg","locations":[{"start":{"line":13,"column":50},"end":{"line":13,"column":52}}],"line":13},"1":{"loc":{"start":{"line":13,"column":4},"end":{"line":13,"column":20}},"type":"default-arg","locations":[{"start":{"line":13,"column":19},"end":{"line":13,"column":20}}],"line":13},"2":{"loc":{"start":{"line":17,"column":2},"end":{"line":19,"column":3}},"type":"if","locations":[{"start":{"line":17,"column":2},"end":{"line":19,"column":3}},{"start":{},"end":{}}],"line":17},"3":{"loc":{"start":{"line":48,"column":11},"end":{"line":48,"column":55}},"type":"binary-expr","locations":[{"start":{"line":48,"column":11},"end":{"line":48,"column":39}},{"start":{"line":48,"column":43},"end":{"line":48,"column":55}}],"line":48},"4":{"loc":{"start":{"line":50,"column":18},"end":{"line":50,"column":57}},"type":"binary-expr","locations":[{"start":{"line":50,"column":18},"end":{"line":50,"column":49}},{"start":{"line":50,"column":53},"end":{"line":50,"column":57}}],"line":50}},"s":{"0":6,"1":6,"2":2,"3":4,"4":4,"5":4,"6":4,"7":4,"8":4,"9":2,"10":4,"11":1,"12":4,"13":1,"14":4},"f":{"0":6,"1":4,"2":4,"3":2,"4":1,"5":1},"b":{"0":[6],"1":[6],"2":[2,4],"3":[4,4],"4":[4,4]},"_coverageSchema":"1a1c01bbd47fc00a2c39e90264f33305004495a9","hash":"cafd1152c55f67d6d6b92708250a8d373d43b27e"}
}
