{"/Users/mayawright/Desktop/Projects/rate-my-kitty/assets/images/badges/badge-1.png": {"path":"/Users/mayawright/Desktop/Projects/rate-my-kitty/assets/images/badges/badge-1.png","statementMap":{"0":{"start":{"line":1,"column":0},"end":{"line":4,"column":6}}},"fnMap":{},"branchMap":{},"s":{"0":1},"f":{},"b":{},"_coverageSchema":"1a1c01bbd47fc00a2c39e90264f33305004495a9","hash":"098a07c18707691fb72f3202575b3d5799217510"}
,"/Users/mayawright/Desktop/Projects/rate-my-kitty/assets/images/badges/badge-10.png": {"path":"/Users/mayawright/Desktop/Projects/rate-my-kitty/assets/images/badges/badge-10.png","statementMap":{"0":{"start":{"line":1,"column":0},"end":{"line":4,"column":6}}},"fnMap":{},"branchMap":{},"s":{"0":1},"f":{},"b":{},"_coverageSchema":"1a1c01bbd47fc00a2c39e90264f33305004495a9","hash":"b1a24f00578e6a1052ef67961d3cf87a50da38be"}
,"/Users/mayawright/Desktop/Projects/rate-my-kitty/assets/images/badges/badge-2.png": {"path":"/Users/mayawright/Desktop/Projects/rate-my-kitty/assets/images/badges/badge-2.png","statementMap":{"0":{"start":{"line":1,"column":0},"end":{"line":4,"column":6}}},"fnMap":{},"branchMap":{},"s":{"0":1},"f":{},"b":{},"_coverageSchema":"1a1c01bbd47fc00a2c39e90264f33305004495a9","hash":"d7f4788c067f03db54514726fbafe71f85422fdc"}
,"/Users/mayawright/Desktop/Projects/rate-my-kitty/assets/images/badges/badge-3.png": {"path":"/Users/mayawright/Desktop/Projects/rate-my-kitty/assets/images/badges/badge-3.png","statementMap":{"0":{"start":{"line":1,"column":0},"end":{"line":4,"column":6}}},"fnMap":{},"branchMap":{},"s":{"0":1},"f":{},"b":{},"_coverageSchema":"1a1c01bbd47fc00a2c39e90264f33305004495a9","hash":"3990a4512d7a50db1e243edc339c6c2ea07ae2f7"}
,"/Users/mayawright/Desktop/Projects/rate-my-kitty/assets/images/badges/badge-4.png": {"path":"/Users/mayawright/Desktop/Projects/rate-my-kitty/assets/images/badges/badge-4.png","statementMap":{"0":{"start":{"line":1,"column":0},"end":{"line":4,"column":6}}},"fnMap":{},"branchMap":{},"s":{"0":1},"f":{},"b":{},"_coverageSchema":"1a1c01bbd47fc00a2c39e90264f33305004495a9","hash":"b3a7a00b35c1f07e1f926a497e2e1a6c4a82ad76"}
,"/Users/mayawright/Desktop/Projects/rate-my-kitty/assets/images/badges/badge-5.png": {"path":"/Users/mayawright/Desktop/Projects/rate-my-kitty/assets/images/badges/badge-5.png","statementMap":{"0":{"start":{"line":1,"column":0},"end":{"line":4,"column":6}}},"fnMap":{},"branchMap":{},"s":{"0":1},"f":{},"b":{},"_coverageSchema":"1a1c01bbd47fc00a2c39e90264f33305004495a9","hash":"96d18c60bd2b1cbf6d39d365c2c152b185a91217"}
,"/Users/mayawright/Desktop/Projects/rate-my-kitty/assets/images/badges/badge-6.png": {"path":"/Users/mayawright/Desktop/Projects/rate-my-kitty/assets/images/badges/badge-6.png","statementMap":{"0":{"start":{"line":1,"column":0},"end":{"line":4,"column":6}}},"fnMap":{},"branchMap":{},"s":{"0":1},"f":{},"b":{},"_coverageSchema":"1a1c01bbd47fc00a2c39e90264f33305004495a9","hash":"31b69acdc65ba5f42db721cf53090e04279d1293"}
,"/Users/mayawright/Desktop/Projects/rate-my-kitty/assets/images/badges/badge-7.png": {"path":"/Users/mayawright/Desktop/Projects/rate-my-kitty/assets/images/badges/badge-7.png","statementMap":{"0":{"start":{"line":1,"column":0},"end":{"line":4,"column":6}}},"fnMap":{},"branchMap":{},"s":{"0":1},"f":{},"b":{},"_coverageSchema":"1a1c01bbd47fc00a2c39e90264f33305004495a9","hash":"46a923b399a8ad057a78b8ae36d94a8321027fbe"}
,"/Users/mayawright/Desktop/Projects/rate-my-kitty/assets/images/badges/badge-8.png": {"path":"/Users/mayawright/Desktop/Projects/rate-my-kitty/assets/images/badges/badge-8.png","statementMap":{"0":{"start":{"line":1,"column":0},"end":{"line":4,"column":6}}},"fnMap":{},"branchMap":{},"s":{"0":1},"f":{},"b":{},"_coverageSchema":"1a1c01bbd47fc00a2c39e90264f33305004495a9","hash":"2a989b98e49419b2987fe56c116c300c6ec01cff"}
,"/Users/mayawright/Desktop/Projects/rate-my-kitty/assets/images/badges/badge-9.png": {"path":"/Users/mayawright/Desktop/Projects/rate-my-kitty/assets/images/badges/badge-9.png","statementMap":{"0":{"start":{"line":1,"column":0},"end":{"line":4,"column":6}}},"fnMap":{},"branchMap":{},"s":{"0":1},"f":{},"b":{},"_coverageSchema":"1a1c01bbd47fc00a2c39e90264f33305004495a9","hash":"561651ec2ff586860d615b4de9bc4077257f1cd1"}
,"/Users/mayawright/Desktop/Projects/rate-my-kitty/assets/images/cartoons/cartoon-1.png": {"path":"/Users/mayawright/Desktop/Projects/rate-my-kitty/assets/images/cartoons/cartoon-1.png","statementMap":{"0":{"start":{"line":1,"column":0},"end":{"line":4,"column":6}}},"fnMap":{},"branchMap":{},"s":{"0":1},"f":{},"b":{},"_coverageSchema":"1a1c01bbd47fc00a2c39e90264f33305004495a9","hash":"f1adf99d5a582215e0f8bcb62b2b5f15fb179881"}
,"/Users/mayawright/Desktop/Projects/rate-my-kitty/assets/images/cartoons/cartoon-10.png": {"path":"/Users/mayawright/Desktop/Projects/rate-my-kitty/assets/images/cartoons/cartoon-10.png","statementMap":{"0":{"start":{"line":1,"column":0},"end":{"line":4,"column":6}}},"fnMap":{},"branchMap":{},"s":{"0":1},"f":{},"b":{},"_coverageSchema":"1a1c01bbd47fc00a2c39e90264f33305004495a9","hash":"b89344bef0ff2d08bd0d366d3ca727472e3ed88a"}
,"/Users/mayawright/Desktop/Projects/rate-my-kitty/assets/images/cartoons/cartoon-2.png": {"path":"/Users/mayawright/Desktop/Projects/rate-my-kitty/assets/images/cartoons/cartoon-2.png","statementMap":{"0":{"start":{"line":1,"column":0},"end":{"line":4,"column":6}}},"fnMap":{},"branchMap":{},"s":{"0":1},"f":{},"b":{},"_coverageSchema":"1a1c01bbd47fc00a2c39e90264f33305004495a9","hash":"b6775da9dec51e19fee512e89f6fee7efc62bbbd"}
,"/Users/mayawright/Desktop/Projects/rate-my-kitty/assets/images/cartoons/cartoon-3.png": {"path":"/Users/mayawright/Desktop/Projects/rate-my-kitty/assets/images/cartoons/cartoon-3.png","statementMap":{"0":{"start":{"line":1,"column":0},"end":{"line":4,"column":6}}},"fnMap":{},"branchMap":{},"s":{"0":1},"f":{},"b":{},"_coverageSchema":"1a1c01bbd47fc00a2c39e90264f33305004495a9","hash":"c763abbe4b38a9f83f63b1cff9eea87116a1a22b"}
,"/Users/mayawright/Desktop/Projects/rate-my-kitty/assets/images/cartoons/cartoon-4.png": {"path":"/Users/mayawright/Desktop/Projects/rate-my-kitty/assets/images/cartoons/cartoon-4.png","statementMap":{"0":{"start":{"line":1,"column":0},"end":{"line":4,"column":6}}},"fnMap":{},"branchMap":{},"s":{"0":1},"f":{},"b":{},"_coverageSchema":"1a1c01bbd47fc00a2c39e90264f33305004495a9","hash":"4c602a3acfcb653609fa611326d92f08e42f1293"}
,"/Users/mayawright/Desktop/Projects/rate-my-kitty/assets/images/cartoons/cartoon-5.png": {"path":"/Users/mayawright/Desktop/Projects/rate-my-kitty/assets/images/cartoons/cartoon-5.png","statementMap":{"0":{"start":{"line":1,"column":0},"end":{"line":4,"column":6}}},"fnMap":{},"branchMap":{},"s":{"0":1},"f":{},"b":{},"_coverageSchema":"1a1c01bbd47fc00a2c39e90264f33305004495a9","hash":"a43b56d3e3a90b4b2471b1296a80ad023b11bc62"}
,"/Users/mayawright/Desktop/Projects/rate-my-kitty/assets/images/cartoons/cartoon-6.png": {"path":"/Users/mayawright/Desktop/Projects/rate-my-kitty/assets/images/cartoons/cartoon-6.png","statementMap":{"0":{"start":{"line":1,"column":0},"end":{"line":4,"column":6}}},"fnMap":{},"branchMap":{},"s":{"0":1},"f":{},"b":{},"_coverageSchema":"1a1c01bbd47fc00a2c39e90264f33305004495a9","hash":"ecb38ca39f4c607ffbf91371dc00b1604df0b901"}
,"/Users/mayawright/Desktop/Projects/rate-my-kitty/assets/images/cartoons/cartoon-7.png": {"path":"/Users/mayawright/Desktop/Projects/rate-my-kitty/assets/images/cartoons/cartoon-7.png","statementMap":{"0":{"start":{"line":1,"column":0},"end":{"line":4,"column":6}}},"fnMap":{},"branchMap":{},"s":{"0":1},"f":{},"b":{},"_coverageSchema":"1a1c01bbd47fc00a2c39e90264f33305004495a9","hash":"76eff924474d14530af958daced2b05db18b6d5a"}
,"/Users/mayawright/Desktop/Projects/rate-my-kitty/assets/images/cartoons/cartoon-8.png": {"path":"/Users/mayawright/Desktop/Projects/rate-my-kitty/assets/images/cartoons/cartoon-8.png","statementMap":{"0":{"start":{"line":1,"column":0},"end":{"line":4,"column":6}}},"fnMap":{},"branchMap":{},"s":{"0":1},"f":{},"b":{},"_coverageSchema":"1a1c01bbd47fc00a2c39e90264f33305004495a9","hash":"cb1464d9bed7c67d8832aa590f67829785448b92"}
,"/Users/mayawright/Desktop/Projects/rate-my-kitty/assets/images/cartoons/cartoon-9.png": {"path":"/Users/mayawright/Desktop/Projects/rate-my-kitty/assets/images/cartoons/cartoon-9.png","statementMap":{"0":{"start":{"line":1,"column":0},"end":{"line":4,"column":6}}},"fnMap":{},"branchMap":{},"s":{"0":1},"f":{},"b":{},"_coverageSchema":"1a1c01bbd47fc00a2c39e90264f33305004495a9","hash":"296bec9427c7d3486284752e9bc7a5cb3115daa5"}
,"/Users/mayawright/Desktop/Projects/rate-my-kitty/assets/images/sparcles/sparcle-purple.png": {"path":"/Users/mayawright/Desktop/Projects/rate-my-kitty/assets/images/sparcles/sparcle-purple.png","statementMap":{"0":{"start":{"line":1,"column":0},"end":{"line":4,"column":6}}},"fnMap":{},"branchMap":{},"s":{"0":1},"f":{},"b":{},"_coverageSchema":"1a1c01bbd47fc00a2c39e90264f33305004495a9","hash":"67889dc87f1fe6ae513a03f5397dee2dce75f426"}
,"/Users/mayawright/Desktop/Projects/rate-my-kitty/components/buttons/circular-btn.tsx": {"path":"/Users/mayawright/Desktop/Projects/rate-my-kitty/components/buttons/circular-btn.tsx","statementMap":{"0":{"start":{"line":27,"column":30},"end":{"line":27,"column":35}},"1":{"start":{"line":28,"column":31},"end":{"line":28,"column":36}},"2":{"start":{"line":38,"column":27},"end":{"line":38,"column":62}},"3":{"start":{"line":40,"column":2},"end":{"line":74,"column":4}},"4":{"start":{"line":77,"column":15},"end":{"line":95,"column":2}}},"fnMap":{"0":{"name":"CircularBTN","decl":{"start":{"line":30,"column":24},"end":{"line":30,"column":35}},"loc":{"start":{"line":37,"column":10},"end":{"line":75,"column":1}},"line":37}},"branchMap":{"0":{"loc":{"start":{"line":36,"column":2},"end":{"line":36,"column":36}},"type":"default-arg","locations":[{"start":{"line":36,"column":20},"end":{"line":36,"column":36}}],"line":36},"1":{"loc":{"start":{"line":48,"column":19},"end":{"line":50,"column":38}},"type":"cond-expr","locations":[{"start":{"line":49,"column":16},"end":{"line":49,"column":37}},{"start":{"line":50,"column":16},"end":{"line":50,"column":38}}],"line":48},"2":{"loc":{"start":{"line":54,"column":9},"end":{"line":61,"column":9}},"type":"binary-expr","locations":[{"start":{"line":54,"column":9},"end":{"line":54,"column":13}},{"start":{"line":55,"column":10},"end":{"line":60,"column":12}}],"line":54},"3":{"loc":{"start":{"line":63,"column":7},"end":{"line":72,"column":7}},"type":"binary-expr","locations":[{"start":{"line":63,"column":7},"end":{"line":63,"column":12}},{"start":{"line":64,"column":8},"end":{"line":71,"column":15}}],"line":63},"4":{"loc":{"start":{"line":67,"column":21},"end":{"line":67,"column":62}},"type":"cond-expr","locations":[{"start":{"line":67,"column":34},"end":{"line":67,"column":44}},{"start":{"line":67,"column":47},"end":{"line":67,"column":62}}],"line":67}},"s":{"0":1,"1":1,"2":10,"3":10,"4":1},"f":{"0":10},"b":{"0":[9],"1":[1,9],"2":[10,1],"3":[10,5],"4":[1,4]},"_coverageSchema":"1a1c01bbd47fc00a2c39e90264f33305004495a9","hash":"d08a48a3762eb30cfc00d4e6e5c93c0b186dbf0b"}
,"/Users/mayawright/Desktop/Projects/rate-my-kitty/components/buttons/cta-btn.tsx": {"path":"/Users/mayawright/Desktop/Projects/rate-my-kitty/components/buttons/cta-btn.tsx","statementMap":{"0":{"start":{"line":30,"column":27},"end":{"line":30,"column":62}},"1":{"start":{"line":32,"column":2},"end":{"line":56,"column":4}},"2":{"start":{"line":59,"column":15},"end":{"line":79,"column":2}}},"fnMap":{"0":{"name":"CTA_BTN","decl":{"start":{"line":29,"column":24},"end":{"line":29,"column":31}},"loc":{"start":{"line":29,"column":77},"end":{"line":57,"column":1}},"line":29}},"branchMap":{"0":{"loc":{"start":{"line":39,"column":8},"end":{"line":39,"column":75}},"type":"cond-expr","locations":[{"start":{"line":39,"column":37},"end":{"line":39,"column":63}},{"start":{"line":39,"column":66},"end":{"line":39,"column":75}}],"line":39},"1":{"loc":{"start":{"line":40,"column":27},"end":{"line":40,"column":74}},"type":"cond-expr","locations":[{"start":{"line":40,"column":40},"end":{"line":40,"column":55}},{"start":{"line":40,"column":58},"end":{"line":40,"column":74}}],"line":40},"2":{"loc":{"start":{"line":43,"column":7},"end":{"line":51,"column":7}},"type":"binary-expr","locations":[{"start":{"line":43,"column":7},"end":{"line":43,"column":11}},{"start":{"line":44,"column":8},"end":{"line":50,"column":10}}],"line":43}},"s":{"0":7,"1":7,"2":1},"f":{"0":7},"b":{"0":[1,6],"1":[1,6],"2":[7,1]},"_coverageSchema":"1a1c01bbd47fc00a2c39e90264f33305004495a9","hash":"9d8e84a86fc220e412d6432678999f1363705372"}
,"/Users/mayawright/Desktop/Projects/rate-my-kitty/components/buttons/favourite-icon-btn.tsx": {"path":"/Users/mayawright/Desktop/Projects/rate-my-kitty/components/buttons/favourite-icon-btn.tsx","statementMap":{"0":{"start":{"line":20,"column":40},"end":{"line":20,"column":55}},"1":{"start":{"line":21,"column":42},"end":{"line":21,"column":59}},"2":{"start":{"line":22,"column":19},"end":{"line":22,"column":45}},"3":{"start":{"line":23,"column":19},"end":{"line":23,"column":58}},"4":{"start":{"line":25,"column":2},"end":{"line":56,"column":4}},"5":{"start":{"line":59,"column":15},"end":{"line":82,"column":2}}},"fnMap":{"0":{"name":"FavouriteIconButton","decl":{"start":{"line":14,"column":24},"end":{"line":14,"column":43}},"loc":{"start":{"line":19,"column":10},"end":{"line":57,"column":1}},"line":19}},"branchMap":{"0":{"loc":{"start":{"line":18,"column":2},"end":{"line":18,"column":16}},"type":"default-arg","locations":[{"start":{"line":18,"column":9},"end":{"line":18,"column":16}}],"line":18},"1":{"loc":{"start":{"line":22,"column":19},"end":{"line":22,"column":45}},"type":"cond-expr","locations":[{"start":{"line":22,"column":38},"end":{"line":22,"column":40}},{"start":{"line":22,"column":43},"end":{"line":22,"column":45}}],"line":22},"2":{"loc":{"start":{"line":23,"column":19},"end":{"line":23,"column":58}},"type":"cond-expr","locations":[{"start":{"line":23,"column":33},"end":{"line":23,"column":40}},{"start":{"line":23,"column":43},"end":{"line":23,"column":58}}],"line":23},"3":{"loc":{"start":{"line":29,"column":8},"end":{"line":31,"column":41}},"type":"cond-expr","locations":[{"start":{"line":30,"column":12},"end":{"line":30,"column":43}},{"start":{"line":31,"column":12},"end":{"line":31,"column":41}}],"line":29},"4":{"loc":{"start":{"line":38,"column":8},"end":{"line":40,"column":39}},"type":"cond-expr","locations":[{"start":{"line":39,"column":12},"end":{"line":39,"column":39}},{"start":{"line":40,"column":12},"end":{"line":40,"column":39}}],"line":38}},"s":{"0":4,"1":4,"2":4,"3":4,"4":4,"5":1},"f":{"0":4},"b":{"0":[3],"1":[1,3],"2":[2,2],"3":[2,2],"4":[1,3]},"_coverageSchema":"1a1c01bbd47fc00a2c39e90264f33305004495a9","hash":"b20ecbabdd995d5a941ea764854c93a5c1e9f823"}
,"/Users/mayawright/Desktop/Projects/rate-my-kitty/components/headers/title-header.tsx": {"path":"/Users/mayawright/Desktop/Projects/rate-my-kitty/components/headers/title-header.tsx","statementMap":{"0":{"start":{"line":8,"column":22},"end":{"line":8,"column":80}},"1":{"start":{"line":24,"column":23},"end":{"line":26,"column":4}},"2":{"start":{"line":29,"column":4},"end":{"line":38,"column":11}},"3":{"start":{"line":41,"column":2},"end":{"line":43,"column":3}},"4":{"start":{"line":42,"column":4},"end":{"line":42,"column":16}},"5":{"start":{"line":45,"column":2},"end":{"line":57,"column":4}},"6":{"start":{"line":60,"column":15},"end":{"line":86,"column":2}}},"fnMap":{"0":{"name":"CustomFont","decl":{"start":{"line":16,"column":24},"end":{"line":16,"column":34}},"loc":{"start":{"line":23,"column":10},"end":{"line":58,"column":1}},"line":23}},"branchMap":{"0":{"loc":{"start":{"line":32,"column":8},"end":{"line":32,"column":70}},"type":"cond-expr","locations":[{"start":{"line":32,"column":21},"end":{"line":32,"column":49}},{"start":{"line":32,"column":52},"end":{"line":32,"column":70}}],"line":32},"1":{"loc":{"start":{"line":33,"column":8},"end":{"line":33,"column":41}},"type":"cond-expr","locations":[{"start":{"line":33,"column":17},"end":{"line":33,"column":29}},{"start":{"line":33,"column":32},"end":{"line":33,"column":41}}],"line":33},"2":{"loc":{"start":{"line":41,"column":2},"end":{"line":43,"column":3}},"type":"if","locations":[{"start":{"line":41,"column":2},"end":{"line":43,"column":3}},{"start":{},"end":{}}],"line":41},"3":{"loc":{"start":{"line":55,"column":7},"end":{"line":55,"column":72}},"type":"binary-expr","locations":[{"start":{"line":55,"column":7},"end":{"line":55,"column":17}},{"start":{"line":55,"column":21},"end":{"line":55,"column":72}}],"line":55}},"s":{"0":1,"1":14,"2":14,"3":14,"4":14,"5":0,"6":1},"f":{"0":14},"b":{"0":[7,7],"1":[0,14],"2":[14,0],"3":[0,0]},"_coverageSchema":"1a1c01bbd47fc00a2c39e90264f33305004495a9","hash":"4b4766f618374e20fff97d49f10427d10f3a9754"}
,"/Users/mayawright/Desktop/Projects/rate-my-kitty/constants/colors.ts": {"path":"/Users/mayawright/Desktop/Projects/rate-my-kitty/constants/colors.ts","statementMap":{"0":{"start":{"line":1,"column":22},"end":{"line":36,"column":1}}},"fnMap":{},"branchMap":{},"s":{"0":3},"f":{},"b":{},"_coverageSchema":"1a1c01bbd47fc00a2c39e90264f33305004495a9","hash":"b0c645ddba5e8d6b14ea2a1d19377019c72921c8"}
,"/Users/mayawright/Desktop/Projects/rate-my-kitty/constants/styles.ts": {"path":"/Users/mayawright/Desktop/Projects/rate-my-kitty/constants/styles.ts","statementMap":{"0":{"start":{"line":3,"column":23},"end":{"line":6,"column":1}},"1":{"start":{"line":8,"column":63},"end":{"line":8,"column":68}},"2":{"start":{"line":10,"column":29},"end":{"line":14,"column":1}},"3":{"start":{"line":16,"column":25},"end":{"line":23,"column":1}},"4":{"start":{"line":25,"column":28},"end":{"line":28,"column":1}},"5":{"start":{"line":30,"column":22},"end":{"line":37,"column":1}},"6":{"start":{"line":39,"column":23},"end":{"line":46,"column":1}}},"fnMap":{},"branchMap":{},"s":{"0":3,"1":3,"2":3,"3":3,"4":3,"5":3,"6":3},"f":{},"b":{},"_coverageSchema":"1a1c01bbd47fc00a2c39e90264f33305004495a9","hash":"1cb09c7970aa53dd3a2d11fbd2b55b7e77811075"}
,"/Users/mayawright/Desktop/Projects/rate-my-kitty/context/screen-orientation-context.ts": {"path":"/Users/mayawright/Desktop/Projects/rate-my-kitty/context/screen-orientation-context.ts","statementMap":{"0":{"start":{"line":3,"column":39},"end":{"line":3,"column":74}}},"fnMap":{},"branchMap":{},"s":{"0":2},"f":{},"b":{},"_coverageSchema":"1a1c01bbd47fc00a2c39e90264f33305004495a9","hash":"10656bd51c135cbc6bd820e9bcd016d4b08cdf97"}
,"/Users/mayawright/Desktop/Projects/rate-my-kitty/helpers/cartoon-generator.ts": {"path":"/Users/mayawright/Desktop/Projects/rate-my-kitty/helpers/cartoon-generator.ts","statementMap":{"0":{"start":{"line":6,"column":56},"end":{"line":17,"column":3}},"1":{"start":{"line":19,"column":54},"end":{"line":30,"column":3}},"2":{"start":{"line":32,"column":15},"end":{"line":32,"column":36}},"3":{"start":{"line":34,"column":4},"end":{"line":36,"column":53}},"4":{"start":{"line":37,"column":2},"end":{"line":37,"column":50}}},"fnMap":{"0":{"name":"CartoonGenerator","decl":{"start":{"line":3,"column":24},"end":{"line":3,"column":40}},"loc":{"start":{"line":5,"column":25},"end":{"line":38,"column":1}},"line":5}},"branchMap":{"0":{"loc":{"start":{"line":34,"column":4},"end":{"line":36,"column":53}},"type":"cond-expr","locations":[{"start":{"line":35,"column":8},"end":{"line":35,"column":19}},{"start":{"line":36,"column":8},"end":{"line":36,"column":53}}],"line":34}},"s":{"0":6,"1":6,"2":6,"3":6,"4":6},"f":{"0":6},"b":{"0":[3,3]},"_coverageSchema":"1a1c01bbd47fc00a2c39e90264f33305004495a9","hash":"b0f3ae007b475aa38dd7c4cbfe633fb73fc4b913"}
,"/Users/mayawright/Desktop/Projects/rate-my-kitty/helpers/score-calculator.ts": {"path":"/Users/mayawright/Desktop/Projects/rate-my-kitty/helpers/score-calculator.ts","statementMap":{"0":{"start":{"line":2,"column":16},"end":{"line":2,"column":35}},"1":{"start":{"line":3,"column":2},"end":{"line":3,"column":28}},"2":{"start":{"line":3,"column":19},"end":{"line":3,"column":28}},"3":{"start":{"line":4,"column":2},"end":{"line":4,"column":45}}},"fnMap":{"0":{"name":"calculateScore","decl":{"start":{"line":1,"column":16},"end":{"line":1,"column":30}},"loc":{"start":{"line":1,"column":75},"end":{"line":5,"column":1}},"line":1}},"branchMap":{"0":{"loc":{"start":{"line":3,"column":2},"end":{"line":3,"column":28}},"type":"if","locations":[{"start":{"line":3,"column":2},"end":{"line":3,"column":28}},{"start":{},"end":{}}],"line":3}},"s":{"0":5,"1":5,"2":1,"3":4},"f":{"0":5},"b":{"0":[1,4]},"_coverageSchema":"1a1c01bbd47fc00a2c39e90264f33305004495a9","hash":"1bf6dc3d581fbb168404f0a6bb8b0441849ef3cc"}
,"/Users/mayawright/Desktop/Projects/rate-my-kitty/helpers/vote-calculator.ts": {"path":"/Users/mayawright/Desktop/Projects/rate-my-kitty/helpers/vote-calculator.ts","statementMap":{"0":{"start":{"line":2,"column":2},"end":{"line":2,"column":29}}},"fnMap":{"0":{"name":"voteCalculator","decl":{"start":{"line":1,"column":24},"end":{"line":1,"column":38}},"loc":{"start":{"line":1,"column":75},"end":{"line":3,"column":1}},"line":1}},"branchMap":{},"s":{"0":4},"f":{"0":4},"b":{},"_coverageSchema":"1a1c01bbd47fc00a2c39e90264f33305004495a9","hash":"0fc4f4c4d17c492e36626ce511b31506a7d60420"}
}
