TN:
SF:assets/images/badges/badge-1.png
FNF:0
FNH:0
DA:1,1
LF:1
LH:1
BRF:0
BRH:0
end_of_record
TN:
SF:assets/images/badges/badge-10.png
FNF:0
FNH:0
DA:1,1
LF:1
LH:1
BRF:0
BRH:0
end_of_record
TN:
SF:assets/images/badges/badge-2.png
FNF:0
FNH:0
DA:1,1
LF:1
LH:1
BRF:0
BRH:0
end_of_record
TN:
SF:assets/images/badges/badge-3.png
FNF:0
FNH:0
DA:1,1
LF:1
LH:1
BRF:0
BRH:0
end_of_record
TN:
SF:assets/images/badges/badge-4.png
FNF:0
FNH:0
DA:1,1
LF:1
LH:1
BRF:0
BRH:0
end_of_record
TN:
SF:assets/images/badges/badge-5.png
FNF:0
FNH:0
DA:1,1
LF:1
LH:1
BRF:0
BRH:0
end_of_record
TN:
SF:assets/images/badges/badge-6.png
FNF:0
FNH:0
DA:1,1
LF:1
LH:1
BRF:0
BRH:0
end_of_record
TN:
SF:assets/images/badges/badge-7.png
FNF:0
FNH:0
DA:1,1
LF:1
LH:1
BRF:0
BRH:0
end_of_record
TN:
SF:assets/images/badges/badge-8.png
FNF:0
FNH:0
DA:1,1
LF:1
LH:1
BRF:0
BRH:0
end_of_record
TN:
SF:assets/images/badges/badge-9.png
FNF:0
FNH:0
DA:1,1
LF:1
LH:1
BRF:0
BRH:0
end_of_record
TN:
SF:assets/images/cartoons/cartoon-1.png
FNF:0
FNH:0
DA:1,1
LF:1
LH:1
BRF:0
BRH:0
end_of_record
TN:
SF:assets/images/cartoons/cartoon-10.png
FNF:0
FNH:0
DA:1,1
LF:1
LH:1
BRF:0
BRH:0
end_of_record
TN:
SF:assets/images/cartoons/cartoon-2.png
FNF:0
FNH:0
DA:1,1
LF:1
LH:1
BRF:0
BRH:0
end_of_record
TN:
SF:assets/images/cartoons/cartoon-3.png
FNF:0
FNH:0
DA:1,1
LF:1
LH:1
BRF:0
BRH:0
end_of_record
TN:
SF:assets/images/cartoons/cartoon-4.png
FNF:0
FNH:0
DA:1,1
LF:1
LH:1
BRF:0
BRH:0
end_of_record
TN:
SF:assets/images/cartoons/cartoon-5.png
FNF:0
FNH:0
DA:1,1
LF:1
LH:1
BRF:0
BRH:0
end_of_record
TN:
SF:assets/images/cartoons/cartoon-6.png
FNF:0
FNH:0
DA:1,1
LF:1
LH:1
BRF:0
BRH:0
end_of_record
TN:
SF:assets/images/cartoons/cartoon-7.png
FNF:0
FNH:0
DA:1,1
LF:1
LH:1
BRF:0
BRH:0
end_of_record
TN:
SF:assets/images/cartoons/cartoon-8.png
FNF:0
FNH:0
DA:1,1
LF:1
LH:1
BRF:0
BRH:0
end_of_record
TN:
SF:assets/images/cartoons/cartoon-9.png
FNF:0
FNH:0
DA:1,1
LF:1
LH:1
BRF:0
BRH:0
end_of_record
TN:
SF:assets/images/sparcles/sparcle-purple.png
FNF:0
FNH:0
DA:1,1
LF:1
LH:1
BRF:0
BRH:0
end_of_record
TN:
SF:components/buttons/circular-btn.tsx
FN:30,CircularBTN
FNF:1
FNH:1
FNDA:10,CircularBTN
DA:27,1
DA:28,1
DA:38,10
DA:40,10
DA:77,1
LF:5
LH:5
BRDA:36,0,0,9
BRDA:48,1,0,1
BRDA:48,1,1,9
BRDA:54,2,0,10
BRDA:54,2,1,1
BRDA:63,3,0,10
BRDA:63,3,1,5
BRDA:67,4,0,1
BRDA:67,4,1,4
BRF:9
BRH:9
end_of_record
TN:
SF:components/buttons/cta-btn.tsx
FN:29,CTA_BTN
FNF:1
FNH:1
FNDA:7,CTA_BTN
DA:30,7
DA:32,7
DA:59,1
LF:3
LH:3
BRDA:39,0,0,1
BRDA:39,0,1,6
BRDA:40,1,0,1
BRDA:40,1,1,6
BRDA:43,2,0,7
BRDA:43,2,1,1
BRF:6
BRH:6
end_of_record
TN:
SF:components/buttons/favourite-icon-btn.tsx
FN:14,FavouriteIconButton
FNF:1
FNH:1
FNDA:4,FavouriteIconButton
DA:20,4
DA:21,4
DA:22,4
DA:23,4
DA:25,4
DA:59,1
LF:6
LH:6
BRDA:18,0,0,3
BRDA:22,1,0,1
BRDA:22,1,1,3
BRDA:23,2,0,2
BRDA:23,2,1,2
BRDA:29,3,0,2
BRDA:29,3,1,2
BRDA:38,4,0,1
BRDA:38,4,1,3
BRF:9
BRH:9
end_of_record
TN:
SF:components/headers/title-header.tsx
FN:16,CustomFont
FNF:1
FNH:1
FNDA:14,CustomFont
DA:8,1
DA:24,14
DA:29,14
DA:41,14
DA:42,14
DA:45,0
DA:60,1
LF:7
LH:6
BRDA:32,0,0,7
BRDA:32,0,1,7
BRDA:33,1,0,0
BRDA:33,1,1,14
BRDA:41,2,0,14
BRDA:41,2,1,0
BRDA:55,3,0,0
BRDA:55,3,1,0
BRF:8
BRH:4
end_of_record
TN:
SF:constants/colors.ts
FNF:0
FNH:0
DA:1,3
LF:1
LH:1
BRF:0
BRH:0
end_of_record
TN:
SF:constants/styles.ts
FNF:0
FNH:0
DA:3,3
DA:8,3
DA:10,3
DA:16,3
DA:25,3
DA:30,3
DA:39,3
LF:7
LH:7
BRF:0
BRH:0
end_of_record
TN:
SF:context/screen-orientation-context.ts
FNF:0
FNH:0
DA:3,2
LF:1
LH:1
BRF:0
BRH:0
end_of_record
TN:
SF:helpers/cartoon-generator.ts
FN:3,CartoonGenerator
FNF:1
FNH:1
FNDA:6,CartoonGenerator
DA:6,6
DA:19,6
DA:32,6
DA:34,6
DA:37,6
LF:5
LH:5
BRDA:34,0,0,3
BRDA:34,0,1,3
BRF:2
BRH:2
end_of_record
TN:
SF:helpers/score-calculator.ts
FN:1,calculateScore
FNF:1
FNH:1
FNDA:5,calculateScore
DA:2,5
DA:3,5
DA:4,4
LF:3
LH:3
BRDA:3,0,0,1
BRDA:3,0,1,4
BRF:2
BRH:2
end_of_record
TN:
SF:helpers/vote-calculator.ts
FN:1,voteCalculator
FNF:1
FNH:1
FNDA:4,voteCalculator
DA:2,4
LF:1
LH:1
BRF:0
BRH:0
end_of_record
